<?xml version="1.0" encoding="UTF-8"?>
<!-- Generated by org.testng.reporters.JUnitXMLReporter -->
<testsuite ignored="0" hostname="sharanabasappa" failures="0" tests="5" name="Surefire test" time="74.345" errors="0" timestamp="2025-08-27T14:38:41 IST">
  <testcase classname="Backend_Automation_TestCases.EcomApiTest" name="eCommerceApiTest" time="4.555"/>
  <testcase classname="Backend_Automation_TestCases.Rest_Ecom_Api_Test" name="ecomerceApiAutomation" time="0.871"/>
  <testcase classname="Web_Automation_TestCases.Ecomm_ProdErrorValidationTest" name="verifySubmitOrderTest" time="6.216"/>
  <testcase classname="Web_Automation_TestCases.Ecomm_SubmittOrderTest" name="verifySubmitOrderTest" time="19.438"/>
  <testcase classname="Web_Automation_TestCases.Ecomm_SubmittOrderTest" name="verifyOrderHistoryTest" time="4.602"/>
</testsuite> <!-- Surefire test -->
