<?xml version="1.0" encoding="UTF-8"?>
<!-- Generated by org.testng.reporters.JUnitXMLReporter -->
<testsuite ignored="0" hostname="sharanabasappa" failures="0" tests="2" name="Default test" time="36.285" errors="0" timestamp="2025-08-27T17:07:51 IST">
  <testcase classname="Web_Automation_TestCases.Ecomm_SubmittOrderTest" name="verifySubmitOrderTest" time="16.402"/>
  <testcase classname="Web_Automation_TestCases.Ecomm_SubmittOrderTest" name="verifyOrderHistoryTest" time="3.725"/>
</testsuite> <!-- Default test -->
