<?xml version="1.0" encoding="UTF-8"?>
<!-- Generated by org.testng.reporters.JUnitXMLReporter -->
<testsuite ignored="0" hostname="sharanabasappa" failures="0" tests="2" name="Default test" time="73.473" errors="0" timestamp="2026-02-17T17:03:19 IST">
  <testcase classname="com.Web_Automation_TestCases.Ecomm_SubmittOrderTest" name="verifySubmitOrderTest" time="24.762"/>
  <testcase classname="com.Web_Automation_TestCases.Ecomm_SubmittOrderTest" name="verifyOrderHistoryTest" time="4.991"/>
</testsuite> <!-- Default test -->
