<?xml version="1.0" encoding="UTF-8"?>
<testsuite xmlns:xsi="http://www.w3.org/2001/XMLSchema-instance" xsi:noNamespaceSchemaLocation="https://maven.apache.org/surefire/maven-surefire-plugin/xsd/surefire-test-report.xsd" version="3.0.1" name="TestSuite" time="75.511" tests="5" errors="0" skipped="0" failures="0">
  <properties>
[...]
</properties>
  <testcase name="eCommerceApiTest" classname="Backend_Automation_TestCases.EcomApiTest" time="4.555">
    <system-out><![CDATA[HTTP/1.1 200 OK
Date: Wed, 27 Aug 2025 09:07:27 GMT
Server: Apache/2.4.52 (Ubuntu)
Content-Security-Policy: default-src 'self';base-uri 'self';block-all-mixed-content;font-src 'self' https: data:;frame-ancestors 'self';img-src 'self' data:;object-src 'none';script-src 'self';script-src-attr 'none';style-src 'self' https: 'unsafe-inline';upgrade-insecure-requests
X-DNS-Prefetch-Control: off
Expect-CT: max-age=0
X-Frame-Options: SAMEORIGIN
Strict-Transport-Security: max-age=15552000; includeSubDomains
X-Download-Options: noopen
X-Content-Type-Options: nosniff
X-Permitted-Cross-Domain-Policies: none
Referrer-Policy: no-referrer
X-XSS-Protection: 0
Access-Control-Allow-Origin: *
Content-Type: application/json; charset=utf-8
Content-Length: 382
ETag: W/"17e-DS7QYvKudwc/K9kVkwvLTbtCXe0"
Vary: Accept-Encoding
Keep-Alive: timeout=5, max=100
Connection: Keep-Alive

{
    "token": "eyJhbGciOiJIUzI1NiIsInR5cCI6IkpXVCJ9.eyJfaWQiOiI2ODRhOGM5MDgxYTIwNjk1MzA3MjlhMmYiLCJ1c2VyRW1haWwiOiJzaGFyYW5hYmFzYXBwYXBhZGFzaGV0dHkwNDdAZ21haWwuY29tIiwidXNlck1vYmlsZSI6ODA3MzA0ODc2MCwidXNlclJvbGUiOiJjdXN0b21lciIsImlhdCI6MTc1NjI4NTY0NywiZXhwIjoxNzg3ODQzMjQ3fQ.L0wLyvtAnJRH4FwLWjUR0ZHEFJ-CsCrIJy1C6rg16Cg",
    "userId": "684a8c9081a2069530729a2f",
    "message": "Login Successfully"
}
eyJhbGciOiJIUzI1NiIsInR5cCI6IkpXVCJ9.eyJfaWQiOiI2ODRhOGM5MDgxYTIwNjk1MzA3MjlhMmYiLCJ1c2VyRW1haWwiOiJzaGFyYW5hYmFzYXBwYXBhZGFzaGV0dHkwNDdAZ21haWwuY29tIiwidXNlck1vYmlsZSI6ODA3MzA0ODc2MCwidXNlclJvbGUiOiJjdXN0b21lciIsImlhdCI6MTc1NjI4NTY0NywiZXhwIjoxNzg3ODQzMjQ3fQ.L0wLyvtAnJRH4FwLWjUR0ZHEFJ-CsCrIJy1C6rg16Cg
684a8c9081a2069530729a2f
****Add Product****
HTTP/1.1 201 Created
Date: Wed, 27 Aug 2025 09:07:28 GMT
Server: Apache/2.4.52 (Ubuntu)
Content-Security-Policy: default-src 'self';base-uri 'self';block-all-mixed-content;font-src 'self' https: data:;frame-ancestors 'self';img-src 'self' data:;object-src 'none';script-src 'self';script-src-attr 'none';style-src 'self' https: 'unsafe-inline';upgrade-insecure-requests
X-DNS-Prefetch-Control: off
Expect-CT: max-age=0
X-Frame-Options: SAMEORIGIN
Strict-Transport-Security: max-age=15552000; includeSubDomains
X-Download-Options: noopen
X-Content-Type-Options: nosniff
X-Permitted-Cross-Domain-Policies: none
Referrer-Policy: no-referrer
X-XSS-Protection: 0
Access-Control-Allow-Origin: *
Content-Type: application/json; charset=utf-8
Content-Length: 79
ETag: W/"4f-lEk2JlKCL3kDuai0j9pSN7OFpVU"
Vary: Accept-Encoding
Keep-Alive: timeout=5, max=100
Connection: Keep-Alive

{
    "productId": "68aecad0f669d6cb0a9f3517",
    "message": "Product Added Successfully"
}
68aecad0f669d6cb0a9f3517
****Create Order****
Request method:	POST
Request URI:	https://rahulshettyacademy.com/api/ecom/order/create-order
Proxy:			<none>
Request params:	<none>
Query params:	<none>
Form params:	<none>
Path params:	<none>
Headers:		Authorization=eyJhbGciOiJIUzI1NiIsInR5cCI6IkpXVCJ9.eyJfaWQiOiI2ODRhOGM5MDgxYTIwNjk1MzA3MjlhMmYiLCJ1c2VyRW1haWwiOiJzaGFyYW5hYmFzYXBwYXBhZGFzaGV0dHkwNDdAZ21haWwuY29tIiwidXNlck1vYmlsZSI6ODA3MzA0ODc2MCwidXNlclJvbGUiOiJjdXN0b21lciIsImlhdCI6MTc1NjI4NTY0NywiZXhwIjoxNzg3ODQzMjQ3fQ.L0wLyvtAnJRH4FwLWjUR0ZHEFJ-CsCrIJy1C6rg16Cg
				Accept=*/*
				Content-Type=application/json
Cookies:		<none>
Multiparts:		<none>
Body:
{
    "orders": [
        {
            "country": "India",
            "productOrderedId": "68aecad0f669d6cb0a9f3517"
        }
    ]
}
HTTP/1.1 201 Created
Date: Wed, 27 Aug 2025 09:07:29 GMT
Server: Apache/2.4.52 (Ubuntu)
Content-Security-Policy: default-src 'self';base-uri 'self';block-all-mixed-content;font-src 'self' https: data:;frame-ancestors 'self';img-src 'self' data:;object-src 'none';script-src 'self';script-src-attr 'none';style-src 'self' https: 'unsafe-inline';upgrade-insecure-requests
X-DNS-Prefetch-Control: off
Expect-CT: max-age=0
X-Frame-Options: SAMEORIGIN
Strict-Transport-Security: max-age=15552000; includeSubDomains
X-Download-Options: noopen
X-Content-Type-Options: nosniff
X-Permitted-Cross-Domain-Policies: none
Referrer-Policy: no-referrer
X-XSS-Protection: 0
Access-Control-Allow-Origin: *
Content-Type: application/json; charset=utf-8
Content-Length: 123
ETag: W/"7b-oPZpK4dmkO2wQbTv1/O92JX7fXU"
Vary: Accept-Encoding
Keep-Alive: timeout=5, max=100
Connection: Keep-Alive

{
    "orders": [
        "68aecad1f669d6cb0a9f351d"
    ],
    "productOrderId": [
        "68aecad0f669d6cb0a9f3517"
    ],
    "message": "Order Placed Successfully"
}
68aecad1f669d6cb0a9f351d
68aecad0f669d6cb0a9f3517
Order Placed Successfully
****View OrderDetails Page****
Request method:	GET
Request URI:	https://rahulshettyacademy.com/api/ecom/order/get-orders-details/?id=68aecad1f669d6cb0a9f351d
Proxy:			<none>
Request params:	<none>
Query params:	id=68aecad1f669d6cb0a9f351d
Form params:	<none>
Path params:	<none>
Headers:		Authorization=eyJhbGciOiJIUzI1NiIsInR5cCI6IkpXVCJ9.eyJfaWQiOiI2ODRhOGM5MDgxYTIwNjk1MzA3MjlhMmYiLCJ1c2VyRW1haWwiOiJzaGFyYW5hYmFzYXBwYXBhZGFzaGV0dHkwNDdAZ21haWwuY29tIiwidXNlck1vYmlsZSI6ODA3MzA0ODc2MCwidXNlclJvbGUiOiJjdXN0b21lciIsImlhdCI6MTc1NjI4NTY0NywiZXhwIjoxNzg3ODQzMjQ3fQ.L0wLyvtAnJRH4FwLWjUR0ZHEFJ-CsCrIJy1C6rg16Cg
				Accept=*/*
Cookies:		<none>
Multiparts:		<none>
Body:			<none>
HTTP/1.1 200 OK
Date: Wed, 27 Aug 2025 09:07:29 GMT
Server: Apache/2.4.52 (Ubuntu)
Content-Security-Policy: default-src 'self';base-uri 'self';block-all-mixed-content;font-src 'self' https: data:;frame-ancestors 'self';img-src 'self' data:;object-src 'none';script-src 'self';script-src-attr 'none';style-src 'self' https: 'unsafe-inline';upgrade-insecure-requests
X-DNS-Prefetch-Control: off
Expect-CT: max-age=0
X-Frame-Options: SAMEORIGIN
Strict-Transport-Security: max-age=15552000; includeSubDomains
X-Download-Options: noopen
X-Content-Type-Options: nosniff
X-Permitted-Cross-Domain-Policies: none
Referrer-Policy: no-referrer
X-XSS-Protection: 0
Access-Control-Allow-Origin: *
Content-Type: application/json; charset=utf-8
Content-Length: 437
ETag: W/"1b5-8FIkmIk3+hotHjwcWTgx8nrfrg8"
Vary: Accept-Encoding
Keep-Alive: timeout=5, max=100
Connection: Keep-Alive

{
    "data": {
        "_id": "68aecad1f669d6cb0a9f351d",
        "orderById": "684a8c9081a2069530729a2f",
        "orderBy": "sharanabasappapadashetty047@gmail.com",
        "productOrderedId": "68aecad0f669d6cb0a9f3517",
        "productName": "Google pixel  Mobile",
        "country": "India",
        "productDescription": "hp",
        "productImage": "https://rahulshettyacademy.com/api/ecom/uploads/productImage_1756285648206.jpg",
        "orderPrice": "15200",
        "__v": 0
    },
    "message": "Orders fetched for customer Successfully"
}
Orders fetched for customer Successfully
0
68aecad1f669d6cb0a9f351d
India
sharanabasappapadashetty047@gmail.com
hp
Google pixel  Mobile
https://rahulshettyacademy.com/api/ecom/uploads/productImage_1756285648206.jpg
****Delete The Product****
Request method:	DELETE
Request URI:	https://rahulshettyacademy.com/api/ecom/product/delete-product/68aecad0f669d6cb0a9f3517
Proxy:			<none>
Request params:	<none>
Query params:	<none>
Form params:	<none>
Path params:	productId=68aecad0f669d6cb0a9f3517
Headers:		Authorization=eyJhbGciOiJIUzI1NiIsInR5cCI6IkpXVCJ9.eyJfaWQiOiI2ODRhOGM5MDgxYTIwNjk1MzA3MjlhMmYiLCJ1c2VyRW1haWwiOiJzaGFyYW5hYmFzYXBwYXBhZGFzaGV0dHkwNDdAZ21haWwuY29tIiwidXNlck1vYmlsZSI6ODA3MzA0ODc2MCwidXNlclJvbGUiOiJjdXN0b21lciIsImlhdCI6MTc1NjI4NTY0NywiZXhwIjoxNzg3ODQzMjQ3fQ.L0wLyvtAnJRH4FwLWjUR0ZHEFJ-CsCrIJy1C6rg16Cg
				Accept=*/*
				Content-Type=application/json
Cookies:		<none>
Multiparts:		<none>
Body:			<none>
HTTP/1.1 200 OK
Date: Wed, 27 Aug 2025 09:07:29 GMT
Server: Apache/2.4.52 (Ubuntu)
Content-Security-Policy: default-src 'self';base-uri 'self';block-all-mixed-content;font-src 'self' https: data:;frame-ancestors 'self';img-src 'self' data:;object-src 'none';script-src 'self';script-src-attr 'none';style-src 'self' https: 'unsafe-inline';upgrade-insecure-requests
X-DNS-Prefetch-Control: off
Expect-CT: max-age=0
X-Frame-Options: SAMEORIGIN
Strict-Transport-Security: max-age=15552000; includeSubDomains
X-Download-Options: noopen
X-Content-Type-Options: nosniff
X-Permitted-Cross-Domain-Policies: none
Referrer-Policy: no-referrer
X-XSS-Protection: 0
Access-Control-Allow-Origin: *
Content-Type: application/json; charset=utf-8
Content-Length: 42
ETag: W/"2a-2mOwR6FOFcYds+NaVy6wWIOyKCY"
Vary: Accept-Encoding
Keep-Alive: timeout=5, max=100
Connection: Keep-Alive

{
    "message": "Product Deleted Successfully"
}
Product Deleted Successfully
]]></system-out>
    <system-err><![CDATA[SLF4J(W): No SLF4J providers were found.
SLF4J(W): Defaulting to no-operation (NOP) logger implementation
SLF4J(W): See https://www.slf4j.org/codes.html#noProviders for further details.
]]></system-err>
  </testcase>
  <testcase name="ecomerceApiAutomation" classname="Backend_Automation_TestCases.Rest_Ecom_Api_Test" time="0.871">
    <system-out><![CDATA[Request method:	POST
Request URI:	https://rahulshettyacademy.com/api/ecom/auth/login
Proxy:			<none>
Request params:	<none>
Query params:	<none>
Form params:	<none>
Path params:	<none>
Headers:		Accept=*/*
				Content-Type=application/json
Cookies:		<none>
Multiparts:		<none>
Body:
{
    "userEmail": "sapadashetty2110@gmail.com",
    "userPassword": "Prime@2025"
}
HTTP/1.1 200 OK
Date: Wed, 27 Aug 2025 09:07:29 GMT
Server: Apache/2.4.52 (Ubuntu)
Content-Security-Policy: default-src 'self';base-uri 'self';block-all-mixed-content;font-src 'self' https: data:;frame-ancestors 'self';img-src 'self' data:;object-src 'none';script-src 'self';script-src-attr 'none';style-src 'self' https: 'unsafe-inline';upgrade-insecure-requests
X-DNS-Prefetch-Control: off
Expect-CT: max-age=0
X-Frame-Options: SAMEORIGIN
Strict-Transport-Security: max-age=15552000; includeSubDomains
X-Download-Options: noopen
X-Content-Type-Options: nosniff
X-Permitted-Cross-Domain-Policies: none
Referrer-Policy: no-referrer
X-XSS-Protection: 0
Access-Control-Allow-Origin: *
Content-Type: application/json; charset=utf-8
Content-Length: 367
ETag: W/"16f-QdJ8bxiyCnMJwMq37viNVCW8+m8"
Vary: Accept-Encoding
Keep-Alive: timeout=5, max=100
Connection: Keep-Alive

{
    "token": "eyJhbGciOiJIUzI1NiIsInR5cCI6IkpXVCJ9.eyJfaWQiOiI2NDQ0Y2Y0MzU2OGMzZTlmYjE1OWJmMmIiLCJ1c2VyRW1haWwiOiJzYXBhZGFzaGV0dHkyMTEwQGdtYWlsLmNvbSIsInVzZXJNb2JpbGUiOjgwNzMwNDg3NjAsInVzZXJSb2xlIjoiY3VzdG9tZXIiLCJpYXQiOjE3NTYyODU2NDksImV4cCI6MTc4Nzg0MzI0OX0.rJ616wh7M8S__tStTZAsCrAOE2h6DwncOL-1Q7_Tqd0",
    "userId": "6444cf43568c3e9fb159bf2b",
    "message": "Login Successfully"
}
eyJhbGciOiJIUzI1NiIsInR5cCI6IkpXVCJ9.eyJfaWQiOiI2NDQ0Y2Y0MzU2OGMzZTlmYjE1OWJmMmIiLCJ1c2VyRW1haWwiOiJzYXBhZGFzaGV0dHkyMTEwQGdtYWlsLmNvbSIsInVzZXJNb2JpbGUiOjgwNzMwNDg3NjAsInVzZXJSb2xlIjoiY3VzdG9tZXIiLCJpYXQiOjE3NTYyODU2NDksImV4cCI6MTc4Nzg0MzI0OX0.rJ616wh7M8S__tStTZAsCrAOE2h6DwncOL-1Q7_Tqd0
6444cf43568c3e9fb159bf2b
Login Successfully
Request method:	POST
Request URI:	https://rahulshettyacademy.com/api/ecom/product/add-product
Proxy:			<none>
Request params:	productName=Google pixel  Mobile
				productAddedBy=6444cf43568c3e9fb159bf2b
				productCategory=fashion
				productSubCategory=shirts
				productPrice=11500
				productDescription=hp
				productFor=Both Men and Women
Query params:	<none>
Form params:	<none>
Path params:	<none>
Headers:		Authorization=eyJhbGciOiJIUzI1NiIsInR5cCI6IkpXVCJ9.eyJfaWQiOiI2NDQ0Y2Y0MzU2OGMzZTlmYjE1OWJmMmIiLCJ1c2VyRW1haWwiOiJzYXBhZGFzaGV0dHkyMTEwQGdtYWlsLmNvbSIsInVzZXJNb2JpbGUiOjgwNzMwNDg3NjAsInVzZXJSb2xlIjoiY3VzdG9tZXIiLCJpYXQiOjE3NTYyODU2NDksImV4cCI6MTc4Nzg0MzI0OX0.rJ616wh7M8S__tStTZAsCrAOE2h6DwncOL-1Q7_Tqd0
				Accept=*/*
				Content-Type=multipart/form-data
Cookies:		<none>
Multiparts:		------------
				Content-Disposition: form-data; name = productImage; filename = Mobile Image.jpg
				Content-Type: application/octet-stream

				RIFF`­&amp#0;&amp#0;WEBPVP8X
&amp#0;&amp#0;&amp#0;&amp#16;&amp#0;&amp#0;&amp#0;&amp#2;&amp#0;&amp#2;&amp#0;ALPH&amp#23;3&amp#0;&amp#0;&amp#1;&amp#25;ÆmÛ&amp#6;&amp#2;Õünÿ‰ÛÞÝ&amp#8;&amp#17;ýŸ&amp#0;,ïg†*,Õ¢ºTŠöÓ&amp#20;ÝO•~Y4y—&amp#24;}1&amp#19;Ÿž¼bEÑ«Bç&amp#27;âKö|XýQôÃêúj‚Ós˜¨[‡Þ&amp#25;ïW™Ç@Ú6­ÙßþKˆˆ	&amp#0;¬&amp#0;vTz&amp#2;Ù&Ù'^â‰cŠ/œøtn<î¨†ìäúâÅÉ5ø&amp#19;_&amp#0;—¾²m»$I’¬æ&amp#15;x&amp#8;È/¿ˆü"*jž³{&amp#8;Äyq|&amp#8;øùÀësCð&amp#16;ªu^ì&amp#6;@Ä&amp#4;L€ÞgÿWÛ’œ&amp#1;³Ýf{ÌÌÌÌÌÌÌÌÌlGÌÌ$ffff{ÀŒ&amp#3;f1ï}öZEŸµ®ñ�ÌK��Î?0&amp#16;uÉ&amp#28;QE%3E�&amp#29;UÔ¥Oæè«ÊJ§£ép¢)Ud¦ì–Ù¡£9êhZ¿ÈÎ>ª¬uÌÌvéf“ÚÑ•¹BóÖ8«5‘'uÔ:‘Ù.G.Ý¬ÂÉ®:2E�mMVZ‘+ôDW's:ÙUGvêèê:&amp#26;+"&àåÿõÿõéÓþ &amp#19;&amp#19;0ñ&amp#30;&amp#25;&amp#18;&amp#18;&amp#18;&amp#18;&amp#18;&amp#18;&amp#18;&amp#18;&amp#18;&amp#18;&amp#18;&amp#18;&amp#18;&amp#18;&amp#18;&amp#18;&amp#18;&amp#18;&amp#18;&amp#18;&amp#18;&amp#18;&amp#18;’$!!!!!!Á&amp#4;&amp#19;L0Á&amp#4;&amp#19;pF
_—&amp#28;pL®&amp#7;&amp#28;“u&8˜ìa²‡Á@VÂÚ˜ënf²pf²pL&amp#12;11{;^1„�!gŒIÈué†ýé&amp#1;“9ßŸ§kÉü&amp#3;[µj•@ 	$I !!!a2N&amp#2;					I&amp#2;	“q¿¿ÿÚoø÷—¿üò—_þòË_~)&amp#26;E£Zh&amp#21;·Š]�¢ù&amp#7;x
]›“&amp#12;/&amp#27;&amp#18;öt›iÍ/3&/#µ|¿ý‰¶ÛßÎLûÛ¥˜·ûÛ™i»?1o÷·3µl—bþ¾/Û�Ö¦¹&–)s¦™r›Ü&æÊ\53µ6¹MÌUË4WÍL­Mn&amp#19;Ë”¹jfjm×\‹·­&amp#26;S›ÙµyªÅÛÆ4{×fo›w³w~…/çe½ªWtüÊ^Á+¹§9|y»—&amp#31;¼ewT�X¦íñ÷>¹rrå„ÂßþþÂ_éßø÷&amp#31;¥þ�¿¿üó/üóï_éßÿþû&amp#11;üý/ÿùõ¿ÿõ&amp#31;…þåŸ&amp#1;ê÷Ÿùçß¿úÏ¿þ£øßÿç&amp#31;é¿øÿÿ?ÿþû&amp#0;ð&amp#31;CBBB‚	N&amp#11;Þ&amp#30;Ÿãƒã£ýòÔ&amp#2;Þ9Gø¨&amp#14;¾ëw:þ»<Ç³^úîG&amp#1;Ü’&amp#12;(;&amp#1;|áÂ«~%¯æU¼â§þ¼«Ë‰—%ó&amp#18;˜&amp#14;Ïÿä&amp#3;&amp#14;&amp#15;N¿çI&amp#26;5ï–¢í–É‡&amp#7;ËÁ2&amp#23;Óam�&amp#15;N&amp#14;–¢M&amp#11;NZLà(¸NÚ„=ÙÕ<5—Mb¨VÍ�í!L­j©©hÓ>^&b\ñnqæ&amp#29;v¦…£¹mÙ¯™-ÇÓÖžwÇ&amp#28;š&amp#11;ûwž°iÀ¬fmØöË_R&amp#2;ë7è&amp#23;Â&amp#4;2Ü˜HHà_!Aà¯ýþUBê7L&amp#2;yÆœÿn&amp#15;|‡oñ&amp#29;¿Î3?ËwžÀN&amp#6;Q›+pî5½î7øÚ^û]?ïç-&amp#8;ž8Ä¡U+À&amp#4;&amp#3;Äq&amp#28;ÜH �d€�aH&amp#2;ñ&amp#27;@ýûßüÏß�0Ød˜ä&amp#0;$�&amp#6;ý6’���0Ád&amp#15;&amp#7;œ&amp#21;&amp#19; &amp#6;b&amp#12;` uÇ·ý&amp#6;_ñ+³³Ð¨ÁÓ2e~õoô­¼á¿wnaµbB&amp#12;&+&amp#6;b &amp#14;àlæà&amp#16;ï&amp#21;Ç&amp#27;xM6sú‰&amp#29;¼Wœuv&amp#8;&amp#6;âøšhÄl&amp#30;\6�“3“„d&amp#27;[Ù&Ã$7@’@2&amp#12;!&amp#4;Bî&amp#30; ¬6àö_ýÅ¾äW»‚]CÆsÂÝïñ­¾Ù×&amp#8;P€cÀh&amp#29;&amp#0;&amp#19;&amp#28;ðÊu¹™5§ž1&amp#24;&amp#8;$Ípþ«Ö/ð­i&amp#3;Æ•ý7ÿa>ô»j¤°�à111@Ì5™Ù&amp#18;�èLæZkã`¨¸Á½ŸëÓ~ÝÐ†I#§ïôC¾§¿Ú&l#xÌ¦1&amp#27;Æ›Å+ð¢6M5sÏçüø&amp#20;&amp#30;&amp#30;¦&amp#14;ßæ{ykwfr37°ñ&amp#30;ñ5&amp#16;_&amp#11;6Œ!¬º¯„�&amp#23;&amp#27;&amp#7;&amp#7;&amp#19;L¼.€&amp#11;ûÛ¿Û×&amp#0;&amp#30;&amp#24;vù¼ç·xœ¸™&amp#27;Âx¯x%&&˜˜¸K|íŠé3&amp#6;â&amp#21;ˆÉ‹&amp#14;ŽW€&amp#24;
ßövÞÒqáA&amp#1;ý&amp#5;ßÌaâÆ5šk‹ƒ³Æ&amp#4;Lpp&amp#28;&amp#12;&amp#4;CLp&amp#28;À&amp#16;&amp#28;0ñ
`&amp#8;`&amp#8;˜&amp#0;Î&amp#26;g�ãnñÊPfï
¯çíßÏ�´yc�¹%±é9ë&amp#28;¯Ä@&amp#28;&amp#19;&amp#19;&amp#19;C&amp#12;qL&amp#12;&amp#4;CLL&amp#28;0&amp#16;&amp#7;L&amp#0;&amp#19;&amp#7;&amp#7;L&amp#28;p&amp#28;pL&amp#0;&amp#28;À&amp#4;&amp#19;0Á&amp#16;&amp#12;1&amp#1;&amp#28;&amp#28;Ó1f@7Êoò�á0í¿é×KÑs&amp#0;¯S6fX‡&amp#22;žá�Ÿ‹‡ÂKü˜;c»[&amp#0;s¦1&amp#6;0iuøZ~2ƒÐ<â5·¢Ç&amp#0;æÌeœð&amp#18;w&amp#14;�ðJŸ&amp#12;v§€9ÓÙàÂ¬Ÿ9>&amp#7;¦sÀœñ&amp#12;Ðä&amp#11;&amp#7;!t&amp#14;FãxØÙÀÑ&amp#21;ñø&amp#30;[L�æŒixÖ›‰rwÜL÷`ä�‡&amp#19;æ›ßaÙÂCß„¤ÓX™�§åLî%�	äceÞý~ˆfiW¾&amp#17;=z¬X79˜<ÿÍk&amp#6;_õ²I'uãë»¼ÝÁ@&amp#30;=+Å×˜(&amp#22;núVsLÇ&amp#12;¾‹s”›œÈS2“‡7@ãÿ�m&amp#17;&amp#12;~Ç�™Ìæ±åÙíCÉ0!�I&amp#25;7å†OùþŸ¯š^-/ô>h&amp#29;bT–‡î²]&amp#1;©&amp#25; 4ƒQ&amp#31;ÁÓ«ü@D.×ñ&amp#7;?�&amp#24;&amp#25;½¦‰±&amp#30;päN� ÛžŽÆ;[ij5ÞÅ_©Ö!&amp#30;|&amp#23;{è\c,&amp#8;2&amp#20;èÙ\§ï{.±<�{_ÄÞ(è›£>ÓdÐi¸sÜ‡‹yÔ£hbñ¨_Z��ƒõÙ&Ÿº�&amp#4;§š)ÎäÙíéðÝ&amp#19;©\Ë{%Þ&amp#12;#yÏÔ¡6î&amp#8;1-µ£&amp#19;A;&amp#2;=&amp#28;4ÞöÏL“Š_ú&amp#24;Z6
šË3{ÈÍ´s ;³rP&amp#30;ßõÔw‰Ôá�œþ@¼&amp#17;Öìã&amp#6;ÄéM�ÑÄg|»WË:9¯î&amp#29;0vvŽ€çy„Ý>E^×cPŠ·ðRñfñàëÐå�1&amp#31;Ð@è#´â&amp#5;ˆNÅ_¡ð&Aó&amp#30;ÅCN4ÑÌÕ&amp#2;2N>£ys·Ä*™»_&amp#24;³¹%“&amp#7;�+�p"Oh
„&amp#6;ò)Íýÿ&amp#2;™&amp#26;ÿâÏu&amp#26;ü^r®&amp#12;Û+ŽË¶>G�üod&amp#14;od¿²Q,Z7ª#tV:¶ëžâ¡¡@&amp#31;"ð&æ²F®ý—&amp#6;{&amp#19;©sBn,@Sž¥&amp#3;¡sö#&amp#14;7&amp#0;ä&amp#3;&amp#6;Àü³çG%î�Ø&amp#8;ž&amp#7;&amp#22;Ï¹&amp#4;hfA¡½Ž‰‡d+&amp#31;Ò€áñ÷#óë¸…Í#ÓC&amp#6;"€ÒB€Â&amp#14;M¶÷‰]‡¯_§×zœÍð "f­•–tÔG"<…h&amp#20;ž�òf&amp#3;{§º”&amp#3;ÁQ{µsf&amp#31;Ä¼øa¬�sx7f¸‡@<¢{z¤	ù¨w?&amp#30;�xü£!&amp#27;Y¡<¡ÛH&amp#1;Þ, vãê>„¹ú×&amp#17;ù®S6&amp#15;Jåžœ&amp#27;ÐE&amp#16;"w&amp#23;pÏ©6&amp#29;��yîç©ôøŸ&amp#7;ÞdP
qq&amp#6;Ä�&amp#27;\èæC;§?&amp#23;+dn;Ž3$š&amp#1;&amp#1;&amp#18;ò$2‘º�ƒÎûÐY&amp#1;î&
…—"x@&amp#8;ÍìË©É6@×jfìDtV}&amp#16;¯	w!ò9†¦L
ˆ\¼Ù¶�@MÍŠ')&amp#31;4Y÷×5
w&amp#17;o&amp#18;é&amp#26;&amp#28;�&amp#11;3@ &amp#0;&amp#23;"Ð“âÚ+p&amp#27;Q&amp#8;®âl"½&amp#12;ƒ&ô
 &amp#1;’X[N&amp#14;œê@&amp#31;d½iM¢ø”°±u«=Y3�&amp#12;D&amp#23;;]f&amp#3;çä&amp#3;Ÿîc}Ìr
ÞÄÈ®&amp#3;eíäIkF ©�|zˆÄó1Î&ëC²&Ù£cÍD&amp#3;d&amp#27;Kç)uYAt&amp#6;Îl=«�±X£ÖÀcoÞÕ &amp#15;éE¡ ·Í�Ÿa&amp#31;�Ãá&amp#6;:Ð&amp#29;�9c)€&amp#22;‚&amp#4;:p¹Œ] ó„�z6&amp#26;1&amp#31;ÚÊ‹&amp#15;—&amp#26;zBW&amp#0;mîšŸä‚5š�&amp#15;ÉË—Õ“õ¥5ò&amp#12;òƒ&amp#28;!ò•Cßur²&amp#23;­›Ç’OÚDÊòÅ…œ[\.�&amp#22;î$?¤û/®Û�&amp#30;^&amp#7;&amp#30;ËÁÉù™J$¯Ï‘�óØÒ&amp#2;q~Nd&amp#14;¶ùyöUZ>Ç&amp#3;;ÑC´	„.óPŽ’Çl�®Ù‰”ã&amp#23;÷¤ÜŒ½ìÄ&amp#28;&amp#28;&amp#14;ïã&amp#26;&amp#23;Û&amp#26;qð&amp#21;Ø ûL;¸ix Y¸c‹zÍ‘Hi_&amp#1;&amp#14;¼I ÔhëiA;uBBN&amp#29;Ík¼ÉÅ§¥&amp#17;~qÍ¬™gíJ{ç&amp#11;Ž’ƒ	$gæ ¹4&amp#30;yg�öóâ\í|�&amp#16;¤AçA&amp#12;&amp#3;§&amp#18;H �­&amp#24;Ø#©¼SîQeèÀ+&amp#28;!‡&amp#19;&amp#8;¹«�´ˆÄþ—”ç„£m,,ç†Læ ¯J&amp#4;Úô4Ûhäí‹ë&amp#1;&amp#14;ºÒš¹¹>Ù
áÓ,Ö¨{½(—Z·&amp#7;Ù†§ä ™—žæ¼J'GðE=³O‘ƒ‹ç*&amp#16;è´îpg‰tpD~B[`6„<…œ@âZï°m"Ä>JxFžv~È¬è@:é–sÆ4WÈÇ°&amp#30;áìÀç¨¦Qów°dø&amp#20;È¢yUž!ã&amp#30;a&amp#31;‘5éåà‘&amp#28;%ä&amp#4;&amp#16;.ÒÞ0ð&amp#17;¢’¦.×&amp#18;7ïÀá=Hö“m^0mÐ„<ä¨Ck4áóy #ÃäÄäê¤‚;&amp#5;=C&amp#27;uîXÏvÔSNÍ<-wr0­<eeÌqçt�ð)–Ï&amp#19;vC&amp#30;Ü&amp#30;s&amp#30;úsÝÑgP¹e•ž)?Ëg&amp#12;7¹XSñe‡U}¦o5“Å…öü¶|­ùYM–&amp#15;iô ‰F&amp#25;&amp#7;z&amp#26;Y_ÀÇiÖHú&amp#30;Ä'	â†A\&amp#24;Ð
				�­œ÷Ë�G&amp#21;¤ZMðŠ­7°HQné<#�|œ]WÛí,ùf½W†Í…O¥t�‡�Åò@ƒž¨À{ø,gîCù3Þ[‘Ûö�Ù×­>Û+ ºÉ‰}EÉuËÏæ&amp#11;‰­Ø=&amp#28;4ãÍ¬&amp#18;C?&amp#31;Ebè"&amp#29;ˆ¡3ß±o€zŽžáiu&amp#4;´‚&amp#7;lp×ô&amp#17;�&amp#21;&amp#15;êCô,³¹Âaï&amp#20;÷Ñ&amp#24;/]¡%Þi{rïZÍô¹D£òÑ’¾6 AÝKWëÙ&amp#26;¹DyÆ&amp#4;ò´¼Yg	&amp#14;ô^Ï&amp#24;Dž&amp#7;Ì«ï&amp#17;ˆHÇC'ÏÊ;&amp#5;xUÝ¢‰mÝÎ&amp#26;µ‹CçüMÞE &amp#11;ÚèÂ	yÄh4�&amp#14;œ@ �Ýß&amp#11;Ü,&amp#31; GõvM#&amp#31;&amp#28;&amp#26;¼_cºÁ·ìI�&amp#30;%yÜ–èºŽ„MyJ}-M�u[b?ŸÃM&amp#23;åuãö&amp#12;&amp#3;&amp#26;Ñ&amp#25;ò­V	â2&amp#31;Ý‹Vt@;&amp#8;Æ¤‡¢¬&amp#11;’^,&amp#18;?Y�/Ð&amp#5;Æº·ëÎ‰ax�Mz &amp#26;µ+Âù™ZbÕ8*ÐYBœØ&amp#4;àtKÓˆ&amp#18;îC{N£6­s®g!§:‡»&amp#17;�r:¶œìhè:žrz&amp#0;&amp#2;Ím›ÐýhÜ&amp#8;ZbØhÝ8±óL,Î”Ôs¸ð:Á�.K\Ë3</’­Ç@õÂp&amp#15;�¼fÚËäŽ&amp#29;9=@Bv›&amp#11;&amp#8;D¶±³™m�&amp#23;@ë¹&amp#8;I&amp#1;í&amp#16;P#&amp#1;ƒ»D'�&amp#28;Î&amp#4;èy&amp#18;H&amp#11;µ¡E†&amp#26;5P@Gg['N?V&amp#15;Ð'˜–‹cë &amp#21;b&amp#27;kjJ�¬&amp#27;�rñc}�ºYX!¦» &amp#16;&amp#16;ÅM´À&amp#24;ê3åçšw&amp#5; ÑM&amp#27;/Ð&amp#8;&amp#25;Fˆ'¤“uòéÇzBÏx×&amp#2;mVüKa‘q²;­6�Ø¾¸§ì	º	�&amp#27;/Ë_!$ñ,á³|&amp#21;yV—<¢·h&amp#3;±í"#%°r¡ÒÈç_\'ÜÓ«º ‰m@&amp#11;&amp#21;@B&amp#17;&amp#30;é@‰ ˜ÒB"ûÂ‹[ÙK®Î“&amp#2;Ük#`ëˆ€ $W&amp#22;&amp#24;@²Õ…šFu–Úém¹Ð=&amp#27;ÈÉ&amp#2;í¹&amp#25;º&amp#14;²«2®�¿Î&amp#8;Æ°Á¶U&�¼�îØËzz&amp#7;§ÇÁ ˆ[Æ‰¿4�àhÛÀU&amp#22;�jfÖ×—yJÝb¶3&amp#4;œ&amp#17;&amp#4;ïáNá ÀQ&amp#12;s£ &amp#16;´ÊN#2õþ“sõ^y&amp#6;±m‡€¸·Ú@&m û	²nÓÈG&amp#7;zU�&amp#0;yÊñ&amp#22;“&amp#19;C
$&amp#8;&amp#18;ðf€ƒÝ&amp#2;&amp#28;œ(­!²ò�wí)OÝ¡­&amp#2;H„&amp#16;O«@‡&amp#28;�›.+�êì‹;5×p=¡‰6±›&amp#26;à&amp#3;&amp#4;5±ÍC‡»"À¬‘&amp#15;¿‹³;tO'&amp#4;±&amp#29;yNA&amp#15;Èd§è&amp#21;B'&amp#7;|U­ãÝÚ&amp#28;w&amp#20;€@ÐÝ¦&amp#27;M{J\i`ÒÈ&amp#28;¬7å:Ãn&amp#4;t$öÝP&amp#24;Þ¥3<&amp#20;çzÉê¬ÑÀÌ¹&amp#4;rÇ&amp#27;	&amp#30;Hh&amp#16;C&amp#1;¹­g&amp#28;÷¤éô#rºè»;&amp#30;È&amp#19;&amp#11;8Ø—‡¯³ÚëyÒ¨s½»œ
¡g"v­Á³Çéážû™5r—/3ä¡Ý&amp#3;jªÖi!AÏ¹6èì¯F¶=Ð¬ê("&amp#22;v¡&amp#11;½Ä:%ßÌ®�&amp#21;Ä80bØ&amp#26;O›n«“FÒ·D<¹àè/…àÀOän&amp#1;f�¬Ü¢=Ù¬ &amp#8;&amp#18;±f÷é&amp#28;éý&amp#29;äZ=�T&amp#8;–ƒ.“Öª6&amp#1;A]g 4J¾ƒ&amp#11;ƒNðyH&amp#25;&ÃXÐµ&amp#20;b« ×­Z#óâ]&amp#2;ò„'&amp#22;t£´Ñ®[^$Ù&amp#15;¨&amp#11;¢SL¯mÕ¸}Kœ&amp#25;=ÍV&åb#sãÛÌcÝÎÅÂ�PÏ3]¡&amp#23;hí�óô¹ÓŽ2V†Ý«sBþœæíò*v­Á´PH×&amp#5;�å	&amp#25;&amp#18;Žòõyè|Â&amp#26; {5‚4ÀË&amp#4;:éh²&amp#31;&amp#14;¾À&amp#12;ƒ|¦\&amp#3;‚€ödW@âò&amp#0;&amp#25;w¬) &amp#16;H¾F&amp#15;&amp#3;òS%(‡ÝA€¼L&amp#0;G'zd÷›&amp#24;’ù8ÛðšÝ&amp#4;œ8¼é¼8è±““ã9&amp#3;ðyÃ=¹¼è,<@]“ƒS&amp#29;á2&amp#4;r•öê^É0&amp#28;4èX&amp#19;(K&amp#6;XtÞ0OÁª&amp#5;<&amp#4;–•]e6\n?pã&amp#0;:B&amp#19;àI&amp#1;µ&amp#7;ˆâE�gÈn„ï&amp#6;÷Ì‰<�&amp#28;&amp#20;�è&amp#20;à¦æ&amp#16;tOVÏ/ &amp#16;ÙÖÌûÍ&amp#6;BîÝÐ‚pîæ_�ô&amp#30;Ê3¶=D&amp#8;yJë&amp#16;’Oret2X¶eå&amp#17;s@r¢´&amp#12;&amp#26;ò³&amp#24;„o&÷òH<`²I&amp#18;rîÔNƒXµ»Y'+çÌt&amp#30;ØF÷šN&amp#8;9ì1:&amp#15;&amp#29;t&amp#25;ÝLè(·j˜<ê&amp#25;q\.ŽÓkOïgk´@†L&amp#8;ò˜	Á	ž€&amp#23;aà)ò¤Ó¤Ñ¶Ð½&amp#5;’§M Üä&amp#30;PG†]@rfàs˜&amp#23;ùëX¡ûïÂ²¹À&amp#3;g&amp#2;yL¡cžÐNœó¬Î#?Ã‡:ÁÚ˜[>Åg{ÞèvïÖI&amp#8;w`“Éá‚&amp#14;�Û&amp#0;;Ò:¹
®&amp#23;~Ÿ&amp#29;qÍ‹ü§Ÿ&amp#27;3HÃ#&amp#29;�…Ãäh†G”Eu@R&amp#19;±u‰µwè›&amp#3;&amp#6;k‡&amp#30;6&amp#25;†{€P×A&amp#3;&amp#4;ÝÃÍ¢¹FV&amp#22;�&amp#28;ÀC$'Ú¸SÐ£&amp#8;Ð&amp#14;"K:8('vÚ™éÅ+mQ'p'&amp#3;8&•'Lf&amp#19;Ü&amp#3;\ââö¼ GáÀ¤‡µí@&amp#29;S&amp#23;	&amp#25;4!Ô&amp#14;à&amp#3;l3GL¶Y?êÀê™€I?FÝà&amp#29;Ã6&amp#19;�ç	3jç®æ&amp#1;éŒð,’µî&amp#7;«c–&amp#25;°l]•&amp#12;å±ÃúÅFBw8&amp#28;xÆ•ABÿò@�Þ¹<ö	ƒ&amp#20;Û&amp#20;�(ÛZ Ü@&amp#8;&amp#31;*8‘í	[!ó<2)bì­&amp#26;Œ•ÖÁ¤¿RÇ,&amp#19;asKÕuy•‹p4$G&amp#16;n&amp#1;�éZî°]5&amp#25;�Þ&amp#4;Î&amp#2;öF‘ê`N…I\Çª9unl­™&amp#27;z&amp#4;W‰&amp#24;÷6ë³3Fw/Ø&&amp#23;ÇÒ	áy&amp#18;€Îèr76†¤ŸIŸ¶#/î Ì&amp#7;ò�®&amp#14;09½çè¤Õ˜~›@èµ5wTžSr�&amp#23;@À\8JÀÛµã&amp#5;ÆýDŸƒC&amp#28;¯Ý+&amp#22;ïšÝd>!pBÂA “ƒk;%!œpgº&amp#14;ô.Ðá&amp#17;Ñ×vÿpà&amp#18;ä&amp#28;&amp#16;2&amp#14;�äp²¤ä¡%u"×Ä¬&amp#15;ÆôÍt‘¬�§�ÏØ­‹¶yN€§Mûš˜ô	&amp#16;ß¬—ÄRÉ0÷ÖL&amp#0;½îì$‰ö:	Ò_ÓÇf°'Ë&7Ì&amp#1;�@GZe&amp#28;îyš“¾JŸÚ&amp#7;¿�–ÊÁtke®@îlÃ‰&amp#0;\'dI›ô#o˜.&amp#18;ü&amp#2;\.ç\&amp#11;NÈ3 ÷BjçÂ<eÕ&amp#0;¤—¦Ž9>aÈçèú<0Ì™qŽ27Ó&amp#18;ºçY§æy&amp#29;0ÁîEÞpq&amp#7;ôÝt,&amp#28;ä2&amp#1;&amp#30;;?�&amp#28;å&amp#8;0vã&amp#17;…v&amp#2;âÐo©cNŠÁë±mBÈº�‘y
$&amp#16;²Í�iÏÊ&amp#3;y¬)À&amp#29;CÀ¤&amp#23;�§&amp#0;~7ç†¬�\&amp#30;n’äÜš8ýÐ™Î&amp#20;»�±&amp#1;÷ÒôñJßV2ß
g‡&amp#19;�œ^&amp#16;‚ítÎÚº'/ß§&amp#24;_[k…;�SwL&amp#8;ÙæÎ•	&amp#8;&amp#6;mŠ µ‚¦bÕR'&amp#28;&amp#29;&amp#17;¾ìä¶¹3Îc	ä\&amp#8;Bl7¨¬ïÔ²iêÀaPÞµ&amp#2;!&amp#25;çzqd7�Üœ›luC&amp#0;¡l]IhÊSÒ‡K&amp#31;
èµµÖt&amp#8;�‹�Ÿ&amp#4;žvX&amp#5;&amp#25;×&amp#5;á&amp#1;À©sÝ&amp#7;MŸ,€¯m¾&amp#5;r'&amp#25;†ëå&amp#25;Û&amp#6;y^{Ä~�ç�ß&amp#21;ýF&amp#29;ƒ&amp#25;Ö!�ƒ‡Î�œ)÷æ]-À¹€®‰Õ�€ëµ9å"�Ä &amp#31;)&amp#25;f8�'[H&amp#14;&amp#11;&amp#8;I.}Ü@_ÛM&amp#19;H&amp#30;3§2&amp#28;&amp#12;sï &amp#19;BH.r¾Io&amp#7;ûúÔ1ƒ{ð¬9±Ÿ—Ä|ò€vOf×ô	@Sú¦ºÇ&amp#3;Ÿ2�Ç°M›ˆÃy¬A§4ê=ÔNŸy&amp#1;œª7uã\//¸4!�1@&amp#0;Ñ#g:ð”ëïœõÉ&amp#21;†x&amp#2;¹Ó&amp#26;ã\"'ÎW€¸¿W&amp#4;Ú½_þfuÂíŸþkMôuïA^&amp#21;²Í‹v½(g:)vÓ‡Ã³¿àsÝAäùEïáÛ}k÷ÍK&amp#22;m�vÂ3æ…:Á='éD¸ïW&amp#19;&amp#4;¾ý&amp#30;Þ»w
oC®‘§4À=&amp#28;Mç9€ž0k;�€C$®v@ßÔ­gr9È&amp#5;’Ýœ&amp#8;&amp#7;çæ&amp#8;&amp#8;&amp#15;4&amp#0;º&amp#0;p&amp#15;)�ÌÁú’î&amp#30;^6&amp#27;3re¸&amp#3;a¸7&amp#12;ð&amp#26;Ý«ËOp&amp#30;&amp#0;÷8¡™Ã{‰&amp#27;Y=:y\i¢Î
ŽÛÐ!/&amp#0;&amp#2;�&amp#6;û!�×�ã} ÜÃ³�“&amp#29;&amp#24;Í]�Lçf]�b¯\\!&amp#28;L&'æEB×˜#]ÐYÅ²9³&amp#15;|�VÎ�&amp#7;Ñ&amp#25;mð¤ksîúü&amp#3;ðÙ&amp#27; žáæl=/9ž&amp#19;9
w¾ÇŒ5Xl…æ‚Kž0¿�6à`+M —&amp#7;AK„'&amp#28;&amp#12;&amp#7;Q®F&amp#28; A|~&amp#3;QÍã&amp#14;&amp#14;¤V&amp#18;&amp#4;Ÿ&amp#5;&amp#18;«6ö&amp#14;°Àuö{&amp#22;&amp#27;Õ3òì†.&amp#22; ÐTÞJxwñHƒÒy�"c§æó„&amp#28;åw&amp#19;©z&amp#19;O™{§n’ï3]´öET€uŽ›VH¾r+÷±;!Ô&amp#8;…Ž]á[¯&amp#17;&amp#6;�a€&amp#25;q¸&amp#6;ËçN~=&amp#30;c.”MÎá=NÎÿ$¨C2&amp#22;¦bºÛA’ßFÆ&amp#26; ½6ûb‡Úq©$O€ø:F\™pjX;&amp#8;¸sy&amp#2;9&amp#26;ç±/ÔãèˆC¡4&amp#2;i•sóŒü.Fß6@S&amp#8;h£p®ÅÎLÂo¢Fœ6Ðà\&amp#7;Ðœ;ÝæûtÆ&amp#27;&amp#28;¸ã	W&amp#6;>]&amp#0;‹ä‘¦
&amp#8;ÀÁ©ÕF:$ÃŽäJ¹Éó&amp#12;K4J�4&amp#8;&amp#4;ra &amp#6;à‘&amp#26;yäq&amp#15;�5ºpa¬!@€NC¶²m*&amp#29;Ý?¯0¯ö“ý¬}uÌS?Ø§y^<Ò€&amp#14;ð´ó…€º[r©Ù�&amp#15;&amp#11;Vçù?è&amp#11;yÄÙF&amp#0;]ç&amp#20;`¤&amp#23;ä&amp#25;9“¬™ ïî"£¯	à51l&amp#6;“us€&amp#19;ËNÖÇç°p½�€As&amp#29;rd£&amp#0;„.&amp#8;§®O?Yž&amp#16;Æß„X6GrÓ<É$=9ê˜6Iç&amp#11;�&amp#0;&amp#4;G¤³Æ7ºÐî–&amp#21;J&amp#29;ÈÍ@d{‡n€&amp#26;8&amp#0;¡“’Ù|Œþ›>&amp#28;&amp#19;,[—´S&amp#4;>Ø¾nbÖÎ!7a>›×&amp#8;Ü&Œî^²¯|Ð&amp#0;ÚÃK>fé³]H&amp#7;Ku~�;»ù&amp#17;Ü8qz’&amp#31;Ãú4c²Q¤ê4åã6&amp#0;Y5ü&amp#25;&amp#8;Þ&amp#17;t÷´›æ�J&amp#26;ìw&amp#25;}Š¨c–	°lóÝo˜÷P€¨=¯&amp#27;†O’~&amp#4;>8&amp#6;2&amp#8;\ W¸³ˆ&amp#2;mf»ä&amp#19;Z&amp#31;&amp#3;x#KÕÔKŒq›&amp#6;~&amp#14;÷Sê„¶£k¤òu&amp#4; à†6»ámÂETŸ«Ó¸ëf?ù&amp#1;5åQ	7�ÄKòC4u‚G€|&amp#18; l@œ›&amp#16;²dx¿¨ãQàq-&amp#26;xÒá<%Gòõ@&amp#5;�L¨&amp#0;±&amp#31;8—ä(¹8¼›ÀóBÆ&HÂ �\&amp#30;B¸“&amp#19;„·‰J»&amp#3;tî=ÉÑð¤p&amp#0;ÉÁ&amp#28;%÷õ&amp#26;«&amp#19;Z&amp#3;"’Ï•O&amp#3;H‚£&amp#11;Û›&amp#12;!&amp#12;o·^&amp#30;Óö1ƒÿ‘ˆ»‡ìæT.&ð´%X¶žâ™u*o0&amp#29; &amp#16;r~&amp#2;é%ê&amp#4;‡ñ: K&amp#18;H &amp#15;%�›d&amp#27;&amp#24;àiŒÉ}&amp#2;&amp#14;Ö&amp#12;gæ&amp#27;°ƒ§$Í`ÅL&amp#22;,‡&amp#11;ùr€X><”ü&amp#21;C&amp#8;&amp#4;ò@ÁP¡×¨&amp#3;LŒ†9Ê'ñPx&amp#21;�r*	À&amp#4;ˆ#Ø@s?&amp#2;ï&amp#22;26<rî@^urHÈ8Y¸és&amp#8;&amp#22;®gyðäÎ¹‘ù\Hàí&amp#14;å}–|,VÈ<'$äÔ&amp#16;È«JŸe–î-K8&amp#8;GyäÂöÂ©$¶r~Ö&amp#8;<&amp#21;&amp#25;&amp#17;ÂGšng?/#dØÜn—¬·>&amp#11;xDøì9Ê&amp#3;´³¾×DŸm#?fyÍSû~hœ™ÌM’t«7œ‘"?Jž°x/.´ÝHñì™3	¹D&amp#23;¼û&amp#5; &amp#31;¶ss&amp#1;÷:”£Þ˜©cÌŸÕðÐ¾&amp#7;zGP[‚Sþ¬åT&amp#8;y™&amp#28;wç¨ï(TÃ4ÕÏYò&amp#3;h&amp#14;·(ßk&amp#11;Y5¼"è²Þ&amp#14;L&amp#11;à[“ï4§f;Cò²&amp#23;œ&amp#16;^f®óE&amp#7;y&amp#6;Èå¾ŸifÜÏ“ò€&amp#12;;aÁÞ�K�ð»Y0&amp#25;
&amp#8;´Úï&amp#11;²&amp#14;yÎ&amp#7;Ï—pÜÕ^oÈ¤Ã�m@&amp#23;ôvà&amp#16;‰ûÚÂK&amp#26;&amp#8;xÁë5Õ&amp#20;’%ë•åEW;&amp#0;âBß&amp#14;Ø
­ê+;ž{¹Àl&amp#23;ü}?»£Á ¯<G9Z²fÚyõóÉ`x×yèxx¤�Ð™]½à÷ýìj0Ô›šÏ9Ñ&amp#29;™wôæ&amp#3;&amp#17; Ÿáën³boÇ&amp#28;+ðSÚ&amp#17;WyÁ»R¨5„&amp#30;)ð%Hsßc;Á&amp#31;.¼nÙxÀ<öØá2¹	ð‚.èí„ƒ&amp#3;òáŽæ�„ºÝ&amp#11;M–ô‚&amp#23;|83$õ‰r&amp#20;=Qî„g$äÀ‹^}<&amp#24;
âÉE  &amp#3;Ýk2I&amp#18;r/™X³3ú}?UøKØúhÄ®4õ ;äÎð¢&amp#14;x†ßO�¾6Q> &amp#4;8åC&amp#4;B&&amp#15;ûûvL39Ð[+yò&amp#2;7 kvBx(gHBVl¯5z;áÈ&amp#8;Ý±f€žl6Nî&amp#16;thÉÖpOp�×kNŽ”º:&amp#31;-GáI&amp#30;&amp#18;ï &amp#15;&amp#28;uÂîX:gäcæ9§·R|åff0êg&amp#8;6y¨³¼ c^Ñ�š:ag¥¼æc&&amp#11;Ç¸c…Sm.õN&amp#2;ï_îfaNì&amp#19;A®ãÎÉÍLvÖ­KŸí�Ý¢”Ÿ(&amp#1;ò�çL¶Ó&PpÆ½/Üì&amp#27;ÈfÂ÷&amp#25;¶É6g®vÇ¸Ø‰&amp#30;Ãê@&amp#5;ã�àCä&amp#18;I2ÝT3�¶Q&amp#8;xÅ¬O1!ð!cã&amp#18;&amp#16;r¡3&amp#14;Ü€|à››>a„M&amp#8;G9pêlÁ3Ú) ™žb™Õ	™G˜a&amp#8;áÎ‰&amp#29;‰ã&amp#1;áŽ&amp#2;Îø&amp#20;?&amp#25;}[&amp#27;mL€&amp#3;5!ÔŒ'&amp#8;È•�ÓZißðEŸMŸû>æW¨D‰|;9&amp#2;’Ã:&amp#1;èÌ-;Å¥â[ÒO»B´	ÏñÑÿô·±&amp#20;�›$_N&amp#2;�3&amp#11;vZG&amp#2;ô”µÃ“î#&amp#8;|þ,jæhÅ>Ñì=Üëˆs!W·&amp#6;Ì3&amp#26;GŽ—›�$Ã°&amp#21;Ú&amp#27;Çµ	]å*…Æ&amp#19;#l˜$&amp#23;Wt &amp#6;‚;A‡¤¼jÙD#+çg
Œ±@ž¦B&amp#5;¿›B‰ƒ‚ÐD&amp#0;ÊCî7�:[ªO™&amp#7;Æ	$Äy[e_&amp#1;Ü41ÛÀÍs¦$Ë&amp#8;qb&amp#18;H&amp#24; µ×!Ð�m&amp#17;àLPR&amp#2;1ì1vM2­û`„A¿!èž£ M&amp#28;L9[&amp#1;ÜÄsšÑÛÏ”$û	Ä6Š± „G$&amp#4;¢=Aã @�p†;7	à@”&amp#6;Ã$h
&amp#12;&amp#8;hgè‘­'õ§¡�¶ŸÄnà(@&ÛC@Ñ¹ƒ&amp#14;Îö+I„{…IB&amp#17;Ó2&amp#20;&amp#4;"jð#é‘&amp#7;&amp#25;&8
 ˆ]&amp#21;™ígÁ&amp#8;ï&amp#27;ØU�Fn&amp#4;÷ÆAüY&amp#24;‹&amp#3;pD&amp#28;¯”ÿh&amp#21;&amp#8;hã^@&amp#16;2ÔµúóÑkˆÝpS@„€ HŒÛë:ÿ|ø&amp#26;Ü&amp#19;&amp#2;&amp#20;&amp#16;‰q€›È½ÿ@•Ý&amp#24;†;�&amp#16;‘ìæžLæ&Ù7¦&amp#27;Ø¤„�&amp#28;N&amp#7;*à&amp#0;ÿ&amp#0;Åj$ç†&amp#0;ÉdÄ&amp#29;ûNJ9=CÈ�ÜÙ•Y‘nàwÒÆ¤ã9p4&amp#25;Co@'ô&amp#5;Ôh&amp#21;r¸‘£•Ûó&amp#4;¿€6Z&amp#1;IN9Z°Cî}§&amp#25;¯&amp#18;Žlk&amp#5;&amp#15;Mö•x|ÉUÎÖ&amp#21;.ô+IF—Ï&amp#29;_j<¾ä"ù4~+�®&amp#30;p-óÓ�&amp#1;÷Äù }/é4ä} Ùîç¦¯Ä#Â³{¿¡_IÆ±øÁô8æ'ˆl&amp#25;1z’u»“Ï<å&amp#19;„‹y'ÝÛx!&amp#15;™Ð:ÿ‘º¡Ç‹réd¥b‰ ôq:ä!1Ô{®D¶=‹‡¤o�2Ð|.’¡ô$_eu±&amp#7;Ú£7&amp#2;×h�Î‰j­K&amp#24;›“Å]ãd«–.D©X¡ÉV™­&amp#11;<Gönãµëá&amp#5;ÿ!+Gû–¬T<lî&amp#30;�Üé&amp#12;¦‹	Ÿ3&amp#5;�°ºuûƒÛ�&amp#23;&amp#29;åúZ&amp#2;Wè�o­)÷¶»,'dI&amp#15;õÖ2ž=¿Èò>>Þ×è›òe=`Ð7âN½©¯[ðŠ¾&amp#6;ÿD4º2À×V�^u_“×É›w§Þ”/!Ÿïä€v¾KßÔ‡Í¹Ü&amp#11;üL&amp#2;~%¯ºÏrþçšŒzuQî-&Ÿ8 ‘è¦·Ö”óÃäL&amp#18;Ž>¸#ˆ­o-Ê}ê„�&amp#15;/“e@üYïãÍ&amp#11;�Ö’�Ý¡&amp#0;ääÞQºøó&amp#16;<ãMŠ€'ùŽÜ¥&amp#31;†€™Ï�ç!b·&amp#19;þ&amp#8;ÇÈëžo-Êõp1ã¸óâž^§Þ^ &amp#31;
‰Û&amp#0;�Ñ{Â8×O@,“&amp#1;–g¼hsÔ7åýò$•&amp#3;&amp#4;PÎô=Ißý^¾|‰Qîg±÷6Üó+hÂ÷æÁö%:ˆ?®ùézŽmH½¸(ç§&amp#8;ðª\Ìg&amp#17;&amp#16;zmgz&amp#11;&amp#8;Ä×æ&amp#31;&amp#30;�&amp#4;â'¾ÇËur.?C&amp#27;&amp#4;©xï½¹E›êNy(§&amp#30;7—p&amp#0;”ê{ûzeÛÈËòÀºy]«­]&amp#18;õÞüvŽvÕ]“Ï[&amp#19;ˆ&amp#6;ôÖ¾dw|„<´¤Kå
&amp#8;4�­à[ëÍ¹Ð“&‹çæy&amp#5;p@�ÈŸÂ&amp#30;&amp#15;r­&amp#7;n³�ƒ½6¿&amp#12;ùˆùÑÜsP†€¯íÕ7Õèä&amp#30;‡\#gz�Ã
T¼÷ÞÜ´\™÷Ép/ÃÑ|ž&amp#7;$&amp#20;&amp#15;&amp#31; /îÕ;s©rçÌ�a&amp#30;#!Ï&amp#2;ÒÀMÏÑÜ6 ·æ›[3î�œšs+
&amp#1;ñ˜1&amp#27;ÊÐ·öCš3Él^&amp#17;Ž¶&amp#1;žÓ&amp#29;tS&amp#27;)”ã½§¾&amp#27;&amp#31;!�ýdÙdØ@@:Å;Ì&amp#6;(ÛŽüÉ&amp#15;�,&amp#31;&amp#2;�™D	ä±¸³‚Ä®G|Oþ,$ãœ™ÌeHH†AJ t o5&amp#22;hó'999&amp#22;&amp#26;æ(…&amp#4;Â&amp#3;ró&amp#24;Ft¬÷Ô&amp#15;Ä“æ†­&amp#4;Ð�Û;Rù¡ï‰ò&amp#25;B &amp#25;
&amp#1;n¤'™&amp#12;�ùž|s/6¹Ð&amp#7;
ù¡÷Ã„¹Ê‰6�g6þ&amp#4;ç&amp#5;!�É’yÊn&amp#15;…ï®¯¢;]&amp#31;Ëœí€&amp#30;jÜ&amp#31;&amp#0;y½B=×k÷[ˆ§ÎGAä©Ë·FÃ@&amp#30;877ÌK&amp#14;÷$/þWášYµuÂä‘Ã)ŸD_[&amp#12;âFW‡á`œ‡ò~B3OÙækŒV®&amp#17;&amp#16;cÏI &amp#1;B&amp#14;æ�‡ôy&amp#4;zq&amp#29;°V&amp#11;kƒ³g&amp#30;½‰G, ½­½7&amp#15;&amp#12;O!&amp#0;¯�«&amp#19;r¥<Ç‡h&amp#16;'æ{{õ]Òèp§äI	É&amp#29;åäžA(ÔÂ¹/ÒRyEL:å&amp#25;Éµájq¶Ï°&amp#31;Ã&ü&amp#30;"UWàÄÕÉ¥ÉcÆS¦�¸¹´÷Ô‘Á(&amp#23;ÖDñÄ�äcPD&amp#2;á&amp#21;/Ú†É°cmdV$Ÿ%=é–á&amp#25;©ŒåRßSn–aá1cÛž&amp#0;ò¬²j+œ,$n¾EÙÜZyÙ¸&p£{Kç*&amp#23;vÄSr&amp#17;Ùï+è&amp#0;–jUm&amp#16;‡[$&amp#7;&amp#15;è‘EÃc&amp#16;“~&amp#5;&amp#30;É&amp#0;™íÈÒ¹P§=¨ƒ6ã^ÞWì@¬9Wú ¹ÀØ&amp#25;_^ßÐ¬sû�OâÍÈEb¶—ç�x€4#ã&amp#14;&amp#25;>Ç§tÊ—×&amp#1;2@&amp#14;&amp#6;„&amp#29;0&amp#30;¬Q�sf¯Í&amp#3;f€:''Öorï.qäC5hà‘ÞS&amp#7;ð&amp#0;™Œ±à”p;/™®‰žÂÁÉ¾§Ã‘ª5špTA3Ã¼S,ë„O1öœ&amp#23;m&amp#29;,•k81)xèäp�FÑ&amp#21;Ö ~&amp#22;s³0dÛ‘X3Yß¸ºÀ&amp#31;&amp#6;ÙÜZµšŒº,d›�—äÈ&amp#17;z‰¤&amp#12;ûA8&amp#26;­\!€ô”œ&amp#25;†¬&amp#29;×+»öSa­Ö¯ˆ€&amp#14;%§¶L#&amp#23;ø	ÍP¨s&amp#4;D”%“5&amp#19;&amp#8;¨Åú¡&amp#24;Œz&amp#14;`$Xçä&amp#20;¹&amp#6;!&amp#16;º–ü&amp#24;ö�\)c'r&amp#2;rfåÄXÝŸƒ„kµPÚ™•Ùdý„ ~lÿU8W&amp#19;&amp#2;&amp#28;´&amp#23;äÞ-“$îØ½ú&amp#30;þI¸;Š&amp#12;å1Ã&amp#16;¥åâÞ~&amp#15;G=lb2Úq…¼&amp#2;&amp#16; \Î›}‘ºY´j9(&amp#26;&amp#24;óyÍåA)ëû,&amp#29;ê=Ñf&amp#3;W&amp#4;ÚðëÜÝEùø&amp#30;òE)œËÍ×&amp#21;¹˜&amp#21;ÿ1)&amp#24;�tÁò�Ð&amp#27;ñ%e0&amp#5;&amp#4;ÆPŸ&amp#3;Ùþ}!Ñ(&amp#22;®µ&amp#2;&amp#18;&amp#16;ä`smZ*!Ð&amp#23;b�ÌPV�&amp#2;Ù¶i#Ó²¾ À'ê²Òhh+K¶V€P&amp#31;ÈK&amp#2;xôò&amp#14;³n<G&amp#22;—¡¼ÐŒ^«7Š&amp#6;W®Ñ&amp#12;&amp#4;„/Ã@ÓÈÊµN&amp#16;Žd·óÖOÞj4*å&amp#22;–ý G7w¢&amp#4;ð•ˆìA&amp#4;&amp#24;1”±÷š•ˆm?4Ò»&amp#20;`!ÏØÔV üóÖL—…<½õ><zM{™TÐS8&amp#21;R€Ìö&amp#18;2¢Åå¡<g&amp#28;– g|	*G8'è2cØ38S
&amp#1;ÈšAŸ!:•…›Õ®‚Bäq…@%–�Ïh�&amp#26;&amp#3;Y%yÂæŠd\K$&amp#8;ô,éEè&amp#12;&amp#5;/
@ë	œ&amp#3;…&amp#6;º„%Ïkí†µú&amp#0;&amp#7;•í_ÊXSƒðYÄ·rMt™£g&amp#14;ü&amp#5;bYA~&amp#18;£Ü¬@—@ÃM÷k/ †ÊÚ}&amp#8;k4˜&amp#5;tsÿØ&amp#23;&amp#16;&amp#8;@—ú”&amp#25;Ù¼&amp#8;�6ÞN÷¶	&amp#18;ÄÒBŸàL£â¦îv8 Á–&amp#2;ü1ðpš­G¹u'ô�Õ&amp#0;K&amp#15;tQW)àÆ&amp#27;xÂWÞ2¸´&amp#14;\,&amp#7;;&amp#6;&amp#20;Ïé&amp#26;}&amp#25;åÁ&amp#5;¸ÒaO‘ŸÝÆðV&amp#30;²Fø$-á±h—!Õˆê	Bw&amp#30;Õ%f&amp#27;Y;é]Î&amp#29;åi»]í­î¨kdåîìýÂ©ûËC—F&amp#25;f+w–1mwÃëê&amp#22;Öè+í²Öò$&amp#4;ÚË‰\.“‡öøÕiÏ&amp#25;Ài[Oy—5z�ïeNt&amp#17;òîc�üFVöªW&amp#31;dî{ê”&amp#27;6ÓË&amp#25;Ç]lÁ ëÆmìÝX'ßÜê^·µc�âæÇ¸ïiI&amp#1;&amp#26;´‡s¶&amp#25;ûCôó&amp#24;&amp#14;Ü;jíý'd·À&amp#1;§¡@½‘ôàñÏ{&amp#28;ïÈPßˆ{ˆF~5Fÿ&amp#30;ðç¢™®É&amp#31;—&amp#15;¼ì>
M8¨“ž5�üvþöâü(rX?&amp#0;&amp#1;rÓ&amp#0;Ö&amp#8;çzWW÷0xè3&IÞb5"ý€6Ø6&amp#19;ÐÓ…Ém�è~	m„&amp#30;ÂM&amp#16;B£&amp#8;|<ù«@˜Ë­Z±oÑ &amp#4;Ít�¡Œ&amp#29;ÉG&amp#12;	&amp#16;n&amp#18;�<Ð—0-ó^Ñ\'&amp#16;&amp#18;kæc&amp#0;&amp#25;&amp#6;ÖïDþÛÜwê(€ê´£&amp#30;‹ÀM|¾pC �äjÖè×9¿’]7JGšp
è€ÊX7òü‘&amp#24;fÈ-£Ñ÷­G¶Ž;Uì&amp#6;ñ)&amp#3;„&amp#4;&amp#8;×&amp#19;¹¯ë¸&amp#0;žsÐ�,ÎÌQ&amp#14;òFy(&amp#19; !¿&amp#16;šë]µZ‡&amp#26;Ìw¨v&amp#18;h#â&amp#25;Ûp”Ü:G&amp#25;&amp#2;!õK&amp#0;&amp#18;~&amp#25;:ç»º°“<ä	Ø&amp#1;t$€1Ù)„l3ï4&amp#31;B&amp#18; !@.&amp#17;À&amp#26;&amp#29;¬/ÁÎÙogX›vÀ&amp#3;“&amp#1;8&amp#18;ð”&amp#24;
!ù&amp#12;²&amp#1;’&amp#12;0¯&amp#3;æ&amp#8;¦ïÊó®¶)Ýà&amp#30;�äf&amp#27;§‡&amp#4;H`ò˜aÈ&amp#0;&amp#25;¯`(4v®ÞÕ¥]‚S4˜¶S†A&amp#30;ˆF&amp#25;&amp#6;†&amp#0;�OA&amp#0;n¶&amp#25;&amp#18;&amp#18;Î%&amp#29;€E¤ƒú-è5@&amp#19;&amp#30;&amp#3;g&amp#26;&amp#5;�$Ó!Žf&amp#27;@x·&amp#28;&amp#29;&amp#31;a˜3v·D£šªwÕ&amp#5;&amp#11;:±l&amp#2;È¼&amp#28;ù°s}NÖè×©&amp#31;I7reî}Üà"G#éý&amp#0;!ï5&amp#6;¹GºÅ&amp#26;%S¾¬ÇO&s­>Ã‚M%~lÃ½&amp#14;„Ðã…£ÜÃ],“=&amp#21;~#=Õ´4%€�79&amp#8;=†£ÒHúVñfI^&amp#6;N}d÷&amp#1;ž5Êf¾¬ù6Ñ)·OÎÍ¹Ož&amp#4;’>˜4j›…/-&amp#16;@|š�³/ˆ>&amp#11;apH&amp#15;Öh(Ê&amp#11;lGü0@ á&amp#30;jôræ&amp#21;:Š&amp#15;&amp#28;&amp#3;I7Ï‚ù²>f.rÃžc­Ý�I#{*ü‰xnŸÃ&amp#16;úLÓh·Lý&amp#4;·Ò³šô@4âèKêc|p÷1k4ûKòcØÇê&amp#28;p4²r-õ!&amp#3;\%z8Ãai´›_Ü«l&amp#0;±nôlÀ&amp#21;‘È”/Ëk‚>‰;B« �·4ÁÂWuµà&amp#7;Ù&amp#15;½¬&amp#8;”zº†ÆÞì&amp#27;îÙLârA¶ÒÃ&amp#29;©Ô¦ü‚|¨F&amp#20;—W|Ì}‘*S?¶1&amp#12;Á«&amp#0;§:”OÒ¢QóTø3£{Æµ¡ìÇ™ÏRM£löâ;-è&amp#19;@&amp#5;&amp#18;^&amp#16; àž&amp#18;&amp#29;ˆM&amp#18;>À6&amp#26;yú&amp#14;ðH;Èç,�+e&amp#27;Ó¢&amp#7;&amp#30;v¶F´)_VSŸ=@À¸<œK.&amp#12;&amp#7;ám&4žvSá«ò&amp#26;Ÿ-ç¶¡x�&amp#28;´êœ$&amp#0;¹÷¤Ñ~›ú‘M&amp#4;&amp#20;âÒâL9=�îvh�ª¦|Y]×ó%Ã ò&amp#26;9W½âh&amp#24;.5E£m›zó�ƒ�·¯€\Þ&amp#25;»y&amp#8;òÐl.RÖÈW¦ÂWå&amp#20;ž3î&amp#3;&amp#16;ÆÕrixèÂ&amp#0;&amp#23;&amp#8;lw&amp#26;Mó”|“&amp#1; 'Ëà &amp#11;À+€\ 	¡&amp#21;&amp#0;G¤íÔ—)àF„&amp#6;=ÐXv=¯â&amp#25;[Åp¾4ª›‡Ë¹>KN&amp#0;Î�gÌ0—&amp#0;¶;�Ž¶dƒ&amp#12;&amp#25;&amp#7;�îEªw&amp#11;�„dÍƒ­F&amp#28;á<d>cW@­’y&amp#5;$¹ÆÅ‰è&amp#19;ç,d¯Ñ2!Ï&amp#8;&amp#15;xV&amp#3;yÔ„„</Üƒ‘ø&amp#30;ÆÛ�£�ä År“§í_&amp#1;—T:&amp#11;&amp#30;&amp#24;=P’'$@ŽÚ\«+%—gHr~8Bb³%&amp#25;&amp#24;>Nrm#7^òÀ	äi�{4‚‡0£gž’£§Î3ò&amp#0;$§&+æ>¬�yÂF‰H}šä´ð±ÖÌ&amp#16;H&amp#23;&amp#12;‰ë!¢Pø–Ó&¶H&amp#2;&amp#1;-Õ�.&amp#12;¡eêy`ät&amp#1;&amp#12;wÜŠÈ&amp#23;Ï£¹,Ûè³·Á»å&amp#25;»î�pù’FáÖ‡HöH„Úº†#&amp#31;(�&amp#28;µé¬¸qNLç‘ô&amp#1;Oxˆ(&amp#4;Oü¥&amp#4;Õ[ãÁ“UÝt‡äÄd?¡�Ó-á_^±Da÷8°j®×ƒdÌ¹ñœ@&amp#0;opr†É8,àÍ&amp#12;Ø<Œ‘¸ñ8œ=l±>ú±&amp#11;c,�&amp#29;„îiõ�‘ùÅÎ7&amp#6;³&amp#15;²°Žž5ÉA‚q&amp#15;pûÃD£ðà%"[&amp#7;ZàxwJ ¯‹qÏr8é–ðõþ&amp#11;2ßû+7H”
ð€‹&amp#5;x§m,à(n�çäžÝÍáÑWZ4J›¾
d�‘9�»ËÍ“¥õVW&amp#23;zÌ|ô¼&amp#8;ý¼Wfä–GÍû&amp#5;]tÿð<Ü&amp#11;ÿçÑD¥ðc&amp#15;%×K&amp#12;w&amp#0;7&amp#29;jÔ&amp#3;Læ	]³î+Ýj�Ú&amp#19;¿&amp#0;{{ &amp#5;t¯L¦ål&amp#27;H÷ËM²f&amp#26;_&amp#20;#ô?ÝÍY7�&amp#19;ðŒ\$&amp#25;æÄ¶c1ëý&amp#22;öŠ¿é—#:…›&amp#30;Gí&amp#17;¹º…<ä!&amp#1;ç¨ÜÄÃæ OZÿ&amp#5;omJµ'}–§ñ&amp#30;z{‹§Lv&amp#27;œ¨
&amp#16;Ï&amp#28;xJ€´Ë/ŠØ�½±•j´DÏ4™›&amp#14;&amp#5;&amp#5;�ôH$g&amp#6; ¸p“K©ò&amp#31;ûìd�ÈåUm¼¤½\,÷Î&amp#22;&amp#16;¨ô™Î6d>ú”&amp#24;©Í§¾4g�-×ånÎm&amp#16;&amp#14;’Ãy^Èt&amp#14;œ«(#P>©�â&amp#15;|)—VÅMŸ‡uD¯.ºÐ�1›S&amp#11;Ç6æ&amp#21; &amp#19;ù¸™/&amp#2;ŒØ�ôÄV+Ao/éŠƒ!Ä&amp#26;yh·9�­ÈgÍ
¿îÏ»Ô*ÝOˆ&amp#3;X0ºÂ&amp#19;‚
¢�ƒÅs“£&amp#28;è&amp#17;Pù¼†j�ûØHþ'Ÿ²&amp#6;'r-.¨ &amp#14;¾Ï8&amp#31;å—¶&amp#8;f~Õ‹³6ö &amp#25;¼Žÿ3…äámüä©­ xþ&amp#16;&amp#4;Â&amp#31;}$ÖÌ¹ë÷±Ö&amp#22;&amp#12;&amp#4;&amp#12;æ7ß�&amp#17;ÝÜÿ&amp#26;¢&amp#23;ä&amp#15;@&amp#0;~ò#&amp#17;ÞÜöó°jä×gHNoÃÂ&amp#1;?÷\!{~y	NŽ)¤&amp#15;Çe DË/.6´‹&amp#5;ÖŽ�2)[0 ¿µ&amp#16;&amp#8;»'aÔ·¹t&amp#4;nŽ¥Ê�üÊl&amp#19;sã�&amp#12;ÁÀ½ÿŸ$bMç×&amp#21;C&amp#2;ÏòÇ&amp#24;†6÷=H&amp#11;Š%@øM&amp#5;&amp#3;¡�}ÉÛq&amp#6;&amp#1;	÷>ú&amp#1;&amp#19;Áv3ü’‚�¢åï¿ä&amp#3;.†£/‰§à”jãüzb€&amp#4;óà&amp#31;¸	3$cþþ&amp#31;ø/n)¹Â=2ó[	Ž�TÃ÷}ŽÏ³É  øÒçýÌÏé–ŠdÉ8	³Æêe�	f}’†Ÿé±¿â&amp#25;q&amp#24;œ1&amp#15;~ºÿþ{Ü\e,Ól’Œcb&amp#6;`Ö¬Oâ&amp#6;G&amp#15;ÆÇþž2a€†æ‡?É¿ù-&amp#7;nP«õ�Æ&amp#16; +¨_ý¼ŸûŸßƒ]&amp#12;Ô&amp#2;þå'ý&amp#24;ŸéÅþ^&amp#3;&¯xÅ‚Å@¼&^Éº@ú3&amp#4;&amp#28;&amp#28;pÀ&amp#1;g�ƒÓÅÄq®e&amp#14;&amp#14;àôå€&amp#3;88¦±>goüc_ó?þßÿ&amp#2;-aÀ–&amp#27;·_ø[oì¥ï¿øë'3&amp#16;L‘ë%›pÔŽô&amp#0;›Æ¬¦��ÜqM&amp#23;&amp#31;¸ýögüÕ&amp#15;?xïEŒ&amp#19;&amp#6;n¥Í)NoûŸoì&amp#25;þ×#OŸüT3(§íÅƒK—/&amp#29;&amp#28;­&amp#11;E\vj¦È®•©V-iå´Ý’`¦98ð25{2&amp#19;N5XÒh®–ØE™ÐÒb¯q&amp#5;h+&amp#21;Â4o÷“†“f'sµÄ^—„š&amp#18;&ªØ9Ûíîì“n¼çò&amp#29;Ïyù¨pcë)&amp#12;ßæ,©
nO¾zõ–Ó«WÛÕG,N»N&amp#28;œìÒ¦ã�&amp#14;ýû_¿ÿ5
›q&amp#19;þïþw¤'u™;ñ&amp#30;�\¹çì&amp#3;Ó•'<ð„Ëç&amp#15;¦	“&amp#0;kâ˜˜8ÐÊ&amp#16;&amp#28;'6”&amp#29;‡˜˜˜&amp#24;H&amp#11;´”Íj&amp#11;€&amp#19;&amp#8;v`%`€8Ž‹rì€Ë¡a&amp#23;-&amp#14;&amp#6;â8”	&amp#14;&amp#16;\˜˜@£e&amp#14;”§0ˆ§	l's&amp#21;×qÛe‡8ÙŒß_&amp#29;�œÿ!4�@2	!°Î&amp#16;0C‚	&˜8a½&amp#3;ÍŽ!d. ­œ–j5gšã4&amp#2;8`&amp#2;&amp#24;&amp#2;˜�–i	À´L�&amp#24;“©&amp#1;^aZvKjÞ-å´2Õ&›¸f¦&amp#25;Rsµ¸æ$¦•ƒ§&amp#25;â8žæj&amp#4;Œ8SsìÉ˜xç¸Z1´��`bâ\sË®Û¦Y*ÐÖ&amp#20;ò—«&amp#5;þç¿Y²ÿùû÷¿þ»ÿù&amp#27;ggnÁ&amp#5;f2$-NL¼b‡´¸hå8&amp#0;&¬š°Þ&amp#1;Ç.Zp�ƒÓ‚«QN&amp#11;.CZµÄ1¤A0&amp#16;&amp#7;Ò’&amp#22;Ç�&amp#24;‡µi&amp#1;p&amp#0;&amp#28;â`‚³ì&amp#0;–&amp#29;˜0>{Yü¿þÿ&amp#17;|&amp#3;&amp#0;VP8 "z&amp#0;&amp#0;Ð&amp#18;&amp#2;�&amp#1;*€&amp#2;€&amp#2;>m4•H$"¤¡¥&amp#20;‹0�‰inÔê¸KÐÊ¼¿’ �&amp#23;9Eyà¤W¯Ó&t&amp#4;ÕOìô&amp#1;¶&amp#2;ì&amp#3;Ð&amp#3;ô&amp#3;Ó/ô—à7÷&amp#23;Ò£S×æŸéÔþ@{Ìùïó?ð</üïíæÿŒö¦ýïþ&amp#15;ÆO>Þûþ�šŸn¿µþ[Û·ø&amp#29;þþ»ý‡ G¹·”îGþŸõþÁ~÷ýÿþo§¿ç~Ðú¿ü&amp#15;û&amp#31;ý>à?°?÷ý‹ÿ¯û;åÛùoú&amp#31;øÿà|&amp#1;ÿGÿ	ÿoüWå?ÔWû_ü?ãz-ý·þ'ÿo÷¿&amp#2;&amp#31;Ñ½ÿÒüëýÿúéÿÓî×÷“ÿoºwë�ü?Ïòó¨Ú_EQ§Ï8?t(ýU&amp#11;ì('&amp#15;ƒ#íƒ�í/l�‘v;Üƒ5SsïYy]ÜÚÇéMJ�}ý×Í™›&amp#3;…DË&amp#28;&™gŽ t&<KêVòÓk‹°ù&amp#26;ß­W/¸áú:¸_—,'·&amp#17;ž9ú&amp#30;¾NžÈ¤vïÄ3ã‡Èúé&amp#18;¤§ 1&amp#26;_6ÁÝ
&amp#25;—&amp#27;×_‹ÃöŠ&amp#14;N¸ïº0&amp#18;èÀ&amp#21;A¥1dÑ�ÿ&amp#16;Ù&amp#25;&amp#7;&amp#12;áûî¾òØ&amp#22;ÔåŽYï&amp#16;U}ËNÒ„&amp#6;¯¹°+ÞcÞÀ²-{+Æx&amp#18;ðC&amp#24;c�’¦&amp#4;U0Á2mÛKa=y‚&amp#4;&amp#0;H!¾�ƒ]¿£Ð:­ÑÅ&amp#24;áu&amp#27;L–[n»&amp#8;Ñi&amp#1;l:«í8�Kü¡D³\7uŽrpä#.2@¸Ç&amp#20;Ÿý‹ƒ`Ô&amp#2;ô&amp#28;€wÈªÒ&8¸×f:ø6ïl´&amp#2;:66ß½¼´}&amp#11;&amp#11;'wø&amp#29;ã}~U}¥ûtÐ&amp#29;3Ð&amp#4;7‹ãcQ&amp#30;�2[\&amp#17;�¸�ü3³úî`…ÖP³ñ™&amp#18;&amp#20;`&amp#16;&amp#3;&amp#24;Ñ�sù&amp#11;hv§éÆ]&amp#21;n&amp#15;Y&amp#27;¦ÿDž(·ìo:l™|›ùÖõ}æI÷®ã‘¶$q’È|�H‹þJ¥&amp#26;fAì3èRÌ
~@®&amp#27;P¤ˆn&amp#3;ýGÌÚà¯Se,{¼r&&amp#7;ÈŸéË­&À&amp#12;�ŽhÄ¹øÝWa&amp#22;X&amp#11;øÅ
¶m†ÄÐ¦â\Œ3MítÿIÊ~&amp#27;AËÛ—…s)XhM`Cèl[£œ&amp#21;&amp#7;G«4Õ˜ptè¢ÌV&amp#11;Éi5«,¶uòÝ6ÍÓœYbKü£=:
™÷&Ü!h™kk&amp#22;<Š®ÏÂZ NÝ¨ î½8ø’Jh&amp#20;‰gß&amp#23;ëº&amp#29;&amp#12;p¶q0ƒyY‡´ç4hèçð+[’Àh.&amp#12;Žîdüus|E^Y&amp#26;l\&amp#8;¨�­¹¾•@ÞÍ&amp#18;&amp#26;Û€&amp#29;L&amp#2;6þÁ&amp#25;—ð<&amp#27;L–g0àÅÞµ]ì&amp#12;Gu&amp#4;Tÿò.¿>&amp#0;fÏQ©n·Ò(¤6TT„ó|ã¬ÄË&amp#18;ÙòÝ”=[Û^ô&amp#8;£ñóÊTj‡µ!Y&amp#15;má?-ýBùC±jÁÚœÞ·å¨ñ°i²¨õ´[&amp#0;Fª&amp#11;Î2ÿü-ýÎ©­O‹Â·Öã(ƒ
ˆ�<Í®†!FŠ|±~´GWò—X¹ñ&amp#8;Ü}L€Ï&amp#16;Ž&amp#4;¹Þ&amp#17;*x]ß„&amp#0;|´I &amp#0;ýñ~…sàðDú&amp#23;dB€¦Ø^~&amp#12;Å(ns `TÓ&amp#28;Ø&amp#24;&amp#7;l5GP&amp#18;/	@&amp#11;&amp#28;)Nâ&amp#31;±®¨’.PÛD¿&amp#7;•ì+„óädžEåþQ´½&amp#6;²´Ì9]<TàÐêß þ[Š&amp#4;&amp#11;¸Æ&amp#14;i˜•¹¬y[GTÀÓû‰8àRmGåÖ	âP _Y*µ�&]’T;�à¹t&amp#21;\­Ã]ß5Ð½’H1&amp#27;…Ž"3ö±1®:ÏÓ�E¥Õ�¦‹ŸJC™&amp#21;�žË»²ù³F
æ&amp#1;&amp#30;«;2™^þ˜‡nŒ&amp#4;�h%¤‰³
nk>&amp#16;B·ç«‡˜Œã}W±y‹ØQ&amp#6;ô»ã9-Ó&amp#15;&amp#12;&amp#29;™Œe—xçhÀÞ¦ÇZ½ù3Ãö™Ÿ–B¦é›)ÏP‰Aù:Ì\&amp#2;lJ¯eS7½=ÔRú#;²�hŸ¯p£�¶ÌÍž¹&amp#5;JÓF®ž`óTGB¤ÚèÀ"&amp#20;ª&�0’fôc1k&amp#5;w9o¹’r^Jÿ<%&amp#4;Œ¼zÜ8ðE®&amp#22;½¬Ó¬;¼î&amp#3;¦.ìBl¦þöÜ/8›`¦Í§¯e0&amp#0;¹m�(¼½•úÿò&amp#19;Ÿ&amp#20;°ØôÏ¡\Á`´c(i„²�|åÉ
‚õbm>çš�ãL–Pkˆñ§ððm2[M‹&amp#28;üÎ��Œô[¡Äø’,Ô&amp#2;ê)„@¥&amp#31;Ë:&amp#30;ù&amp#28;dÊUÖY¦DÅ¾E&amp#0;/òà2nH'Íæƒ‹M|_ZÃ´tYb�ÊÔ‘@·&amp#16;&amp#20;„4YQNŠN¿T°O›&amp#26;ï ×&amp#5;ø#ÄïïäY-®‹¸or˜¿�&amp#6;f×Ó"¯KÇJÂ(Ê�&amp#19;ƒî‚œ›&amp#4;ÿ$þ–Þ6á£]'T$¸ Rë¬x&amp#1;&amp#29;ÁWd…I´ù,ßXú&amp#2;zS†—Ú2”cÓÎ&amp#28;�†9µ@âDZ›Gê•æÃå¤±íV&amp#24;–Ín&amp#24;Wú¦™-¤ÀÍHí&amp#12;Ôm0�&amp#28;&amp#21;&amp#21;&amp#27;Ð‹<&amp#26;Á‘ŒÏ‚ÆÚJuô�@&amp#15;½bF6Oöä4£hûæ8SÑZ#¥,ò½Ið$‹&amp#24;îw&amp#4;G2ÁrâgÄû�\T&amp#15;&amp#22;Å&amp#21;µè|±ù´tçX:0&amp#24;)ërx¤@P&amp#18;Å16“Q´ÉfÝ>üZñúŸÇ‚ý>==ß&amp#15;4ËqÆž&amp#25;‡G�„öŸñ	ò½9«1–¤E‚¦šh’Bl&amp#28;lMîeL Í‹e9M&amp#22;Df&amp#23;™×I78‰’paDKúœ§&amp#22;aÚZ>�VLwŒð`Á&amp#1;2Ù›Q¨Ð%J¥óÅ”�c&amp#5;ÈhRé·ëLÕ(‚€Á&c&amp#31;å­Ì:•ÓNEèKm\€¤r&amp#30;4 Gs¦/pOÕZwgB&amp#22;ŠU0÷þ5Röæ¤â³t&amp#16;^Šs…?ÆÉŒÓ�ïj×æ_”&amp#15;&amp#6;Ó%›"&amp#18;3˜•t^åÔ&amp#22;#§Ôœáaa&amp#18;X0&amp#4;&amp#12;~�&amp#25;&Ç“Î;ÕbH(Ñi;&amp#16;­jÛ&amp#8;^Z.*ß&amp#7;Z÷&amp#0;Ãé"-:MÒn7¶¸‰„ÎÉl¡øq&amp#25;&amp#25;ë&amp#20;È«È-¡m=�¶Ù#“„Q–£Â7&amp#22;++°®8î;Æ™&amp#28;]‰eK¼—ò0I¯8îR©Â&amp#5;4~eBÖO‘º¡˜&amp#5;:FðÜ.9Œ
½§)­æššŠ&amp#6;&amp#14;�É¿ÑÓ§Ð™¼¬&amp#3;[&amp#26;G¾á‹BJç4¢ &amp#3;ö6˜ŸücîÂä|&amp#26;µ~„²É›&amp#18;_å&amp#26;&amp#1;.@¤òcÇj&amp#19;·&amp#14;¹Ó2�ˆ+¤”IŠ&amp#14;$Áu9–&amp#23;&amp#0;HŠ&amp#8;L¥G’„åoËæ!Y8�âN&amp#27;&amp#31;/&amp#28;&amp#25;á›ˆü+A	­üDß¦ü|T&amp#23;zœ,&amp#11;dºªõ©&amp#29;Â.&amp#0;–Ïm&amp#19;äp;²ð¸V³¼±þcýS&amp#20;ÉŽñ¥ëcþ™E™fs&amp#17;ç2žÿýÀšô{ µBÂ±m¡ÔËvtõu&amp#1;´aµéËw>çss&amp#18;Ä }œä=ôsygÛWB½I|O+-×&amp#26;þSB“&&amp#26;¹^XÍŠËÌãoßQ&amp#31;¹Ä˜ôì%½‰~C¬([ÛašmŸøÿ&amp#8;£´ÖÁHÅ&amp#2;ÕãÕ“&amp#29;ã;èG²`&amp#15;&amp#6;ä2v—.f§>ê:q<¤õ\ôKLÅ_|æG"&amp#25;-&amp#22;Y|^e’½W4gŒ“ÔfâÌ“&amp#4;Œ&amp#4;éƒ|2ÚºVro1ö&amp#26;W&amp#11;›Â– ŠÜúæ¦9R…æ&amp#11;$C&amp#24;’•ž­´†3&amp#2;&amp#6;öm&amp#26;]ÔP“&amp#29;ãK²ûvª]?(Åìº?pŽ/W»«Ü9I>‡&amp#30;±mÕ&amp#23;á»	fÝÎ8j#í¹žgÈ&amp#3;…ëÒ&amp#0;¥&amp#17;ñ&amp#26;/kHãO�ã­dl&amp#14;}ABÁÔyiÉMà•0	Êai‰êsfLw�/A›�&amp#4;á&&amp#18;~öIŽðÓòœÕ¹XÃ!TEº½ÃoMŒ§Yw&amp#24;Å8."„HÒ¤&Ãî’½åÞqÈ°-®íTË|ˆÆ_„XIŽñ¦&amp#2;&amp#30;ÑC–×Eç`ö@&amp#11;PA-ù—s�_A cdŒÙÞi>O}¯|&amp#23;8�ÑJ»}¼™L•ÞM&amp#4;ªC&amp#5;âñ;&amp#11;M…ê0V�ÄÙ
Ô×	x&amp#5;zšdfÈ&amp#29;l&amp#4;qd¿}Àw7†ÒD>cô&amp#1;Gk–rÎ~ÙH(ïúË`¯(¤àpDü½&amp#7;Ü„#ù9OJv±NÏOÂ;` +r3¶°j6ÚÒø€VéX®ÕèÀK¡âÆ\C&amp#14;ÃÉ&amp#31;ŒÃ¯÷Þí;¤åË»Ï&amp#6;iS&amp#30;QíüÔC&amp#31;ðþ:dÒšÓCEh&amp#0;&amp#25;:#ãöýµGÈø?”{]&amp#12;-|&amp#31;VùÖoâBw2á%þ5&amp#0;½�ˆ¡£â&amp#28;ö&amp#17;¤Òfe&amp#25;—pŽ¹€a&amp#22;-­´eGÒ¿&amp#2;Z_D4•&amp#16;âË÷À±&amp#16;Uü—2&amp#3;—%8&amp#22;?•ïÙd€{&amp#23;‡\AÕà&amp#5;jï±Èì	Pý|øPŽb‚k\à!A?¶Šˆ&amp#20;%6&amp#15;èü£g!B7à� ~äÒ˜Ý+Ûg~»ƒ<q]æÊhaþ;†U°Å¼jê˜õ„&amp#28;y	>‡)8ïèwç5Í¼&amp#4;+Ófï~Å&amp#0;¢È�nbq´òx&amp#6;ˆ&amp#14;g&amp#14;§&amp#12;�GXv®(£ê%ÿ&amp#6;©W£zq˜vèÀI³Å&amp#2;�i”&amp#23;>Lj­nÓJ| Ò¦‹_×Â&amp#7; dÂ\™œðåü&amp#17;Ú¨–ÕÊ¥×M&amp#8;6ˆ•r{¯£´(ÛÏ˜¼íN¶&amp#2;X¤Ç3)¡ÚdoöC¹úx&amp#2;&amp#22;ƒ"&amp#29;Å&amp#22;Ô–´—&amp#0;,'&amp#3;&amp#31;!A&amp#30;ÏÖ›KûšèZ[4Émo±˜Þ;&amp#0;eVÒèºÄˆD…ÄuâGø¼àÁšrZiÖ&amp#21;è]&amp#29;&amp#18;:¤è&amp#5;6ÂÏ’{&amp#27;…K@Žb®ôv´Ô&amp#24;tm&amp#26;1#IÄäZwïzúyõ Cÿ ½â*®œëîÜ¬x¸Ö–ô}Ž‚:Gw&amp#22;ZÒÙ¦Kk‹�&amp#22;Ñç¡hz$TH;zàò#Áé&amp#23;$â&amp#1;=�.6ñ&amp#30;¦—9Yíö¼ƒL˜˜¾HÈÃØ€&amp#19;¦´Û ôáã&amp#23;NñÚDÙž¿o‰¦&amp#25;¯¯®Ja&amp#30;@€M÷&´ó'ô&amp#22;ÍItDç¹!_âë_×/Gå&amp#27;@j“d¡x,�!’\Yå×ß‰.&amp#30;‰Dpò6`hÐé„8>Ë+Ÿ"5ï÷x¿Î.™lçÌ&amp#28;¼ZšvNDˆ{‘õ¸&amp#30;œb‘q@¿ó”TøW'³c«mx&amp#2;©&amp#26;&amp#28;&amp#26;¸jú&amp#16;æÈó»Gç;×	ré&amp#18;&amp#7;ìŸ’&amp#21;‹›¸+&amp#25;‹	1Þ4ÀCÚ9’19&amp#4;(x&amp#30;h}ühaäæÚ&amp#21;ë&amp#12;Ý”_)Tßûµº–&amp#26;L‚&amp#21;•xæ©C&amp#30;#³&amp#14;™q&amp#28;2ÃsíXsÑ&amp#18;	�¢À— '&amp#28;¸&amp#6;Ñ^-¤oèœÓ&amp#26;SYá&amp#2;&amp#16;“Œ�SáüørÿA&äPáF&amp#0;1ÙÑ¥ìŸF™-­ö3&amp#27;ÅÂu;ŸÂë/ÊÂ©y�‡ñ&amp#4;_Žºav¦4N5Šþ)³4PÊî9I¶–&amp#3;Û¯aüã¢ó‡&amp#6;A°ð\‰nW	,ÊÒ­õqî�â·$@�‘qû¾oò5Õ‚‡Æ%óÈÉW
Âò­1&amp#8;1Àx!"rÅ_™ÎgR«Z(çD-9€B&amp#19;$ÒÙ¦Kkƒe&amp#0;H'ø²c¸ë÷ùä-)‰ÍZÖ.0Ó¾e€øƒ�aõ½Çˆõ{r£1&amp#24;‚ÿWûF²!&amp#26;Oe£ÄÏ&amp#8;�sèuM¼Â7‡)Þ..d&amp#18;½!Z&¿d(&amp#24;¤ø&amp#23;[&amp#3;Ù§"°�8°N¶¦&amp#24;‰ôŠ¶!¸@€”«—÷�ŽWÄÐP9dlòx8}Rì‚&Ÿ‹ña—Â:]¬&amp#20;&amp#29;À²ÓAÎ¦~½&amp#25;–ö¤©&amp#12;~V%&amp#5;D“N¬/ž@f?ïÒ[õi&amp#4;‚Æ&amp#31;7í© y«|‚ÕÈ5¶)³u"ä¹¾¡²fÜ©F)&amp#20;6¤Výª½žãt9Æ8!Ë!&amp#14;åµÑ€&amp#27;P9-…–t-æDP&amp#14;4õEÉ�æ˜Y‘6o&amp#12;Q&amp#29;rÌÖŽÿŒé&amp#17;ú§@j�L¡]¨Y/Vð{8%›&amp#3;&amp#20;„²î“Þæ@V3·í,ò0Ï?MºÞ&amp#15;~jÛ‰í³A_ß„$>ê€·Ö·´½àôlÙ%ß=®f°<&amp#27;L–j¹”ÌãÃ½×žÊ>&amp#29;üË58&amp#0;&amp#23;ãÉˆ&amp#31;¶o4Ýv&amp#5;Ò)&amp#7;)Ã4¹ïl&amp#4;‚˜š&amp#17;%õš�&amp#12;›&amp#27;ðd&amp#25;í
&amp#16;�&amp#0;í&amp#15;Iöv�5eaát&amp#2;×Ì�ÈFØn³eG‡Tîò@&amp#3;¼ól;"£¶‚i—ËFwÇí·>*m~ÒI�Ó0îÕÐ&amp#11;¨BPóÖ¶îUèÀK¢í&amp#23;7äC�š%x’Ï;�`	–˜„�–yÄm)³ &amp#23;&amp#24;_	Tßàáå¸ñQ¼£®•&amp#19;5„ÎVÀ&amp#19;ðgÙ[E‘­Æi&amp#20;÷À’ÿ(Ú`yãÚÕ˜à&amp#4;€&amp#26;ïÀ5÷{ÀÄáu™×E¦´øñ¥:Æ&amp#25;/SIWÆ r©JÿÍ^»&amp#14;LüWÉ‘&amp#31;…¡ýÚ­ËqgæªÀÌéÝAíf&amp#5;Mh?&amp#2;½é�<q2NÃ&amp#16;&amp#16;¹œêWc½gðÛ¬þ*ÿ”e&amp#0;&amp#0;þþã±ËÚë&amp#14;"¥ê,—Î�&amp#8;žGñJ&amp#12;{Fßå^&amp#7;ý&amp#6;«Ó]&amp#1;Bá¬;¸ôövU&amp#25;rŒõ½�PV-wù”½É<Í”Õ¶™Å‚7Åîl&amp#20;Ð&amp#16;J&amp#16;9DÙ&amp#1;Á^D]c·ë¦ðŸeÇ×ú&amp#1;í›#&amp#2;M&amp#1;_åJê´¼h,Cš±a§|&amp#28;«<î'&amp#26;5JVž&amp#14;>ÑÓ]‹#ÕFXÒ»‚¿ýˆ;Ã!�e—–^"ð4hæÍþ“‰&amp#16;‘FOER¯{‡mùZ*ù`Ÿsu£F º‹&amp#23;:Ä�$Cº&amp#5;>ˆ@ŠÂl¥œ"(&amp#25;X;&amp#25;ÖÙö&amp#29;øÃ�cû&amp#0;Å$2¹?
Š¥öX Ea6Jfm�&&amp#7;¼Ì‡s€“§×Ï)þ@&amp#11;d&amp#14;ë¥X_&amp#17;çÊêRg&amp#1;èð1¦þø—bD�B£‚&amp#11;—ñp‘©!8·Ø&amp#12;&amp#5;óA>E&amp#20;ž&amp#18;ô›Ÿ…Å¾à-:ÿúZ)“µ-ŒÄŽÓ&amp#7;&amp#8;zy&amp#16;Ø¤ªÜË=}’|Efº+�™N{	Mw§•‡H&amp#3;<¿&amp#20;(”LõW´±‘‰}Õ{ÜÀ²žˆ³‘®�&amp#11;ã÷=¦	»µ�ã…[Â&amp#26;7ªº&amp#8;_óŽ©Åñ3±&amp#31;&amp#31;Ï=ù3Óé¡p£ö&amp#26;m:ås¶+?m7xüÙGƒA°G6ƒþ&amp#4;&amp#14;cdŠÀõnDÝ%&amp#15;ÊÉ­ª’Ú#w³ÝÉ&amp#6;›hÄþÖœöúGýÛ�Y“ÈÅ&ÿ&amp#25;�¨/øe&amp#25;¢	u.@]HnUwE\Ë|Ú«Ž+¸Ã:HT|¸+ÖaO&amp#0;¶tí¿„¾8ÈÌ®s&amp#29;&amp#3;W®fæf}ÄÚÿ¿åÅQ'w3ó2Óé_—Å%8éH&amp#19;ßœx–/íðÆKŠ’¤ôdøpÆÂK*ˆ.c jõÌÜÌÏ¸ˆ³¡&amp#19;e®�è1=ÄE�&amp#8;›-t&amp#15;A‰î&×ýÿ.*‰;¹Ÿ™™&amp#30;Ÿz­�&amp#19;eŽþ½l«†&amp#26;…zkµóÿƒ&amp#20;È~à&amp#14;&amp#19;'CÞÎ&amp#19;Òœm–º&amp#7; Ä÷&amp#18;Cÿ‹ÈR÷ªTè1=ÃáŸ&amp#7;™&amp#27;ãV&amp#23;Œkº²þ‚ �‹¤ÝEƒï#J=&amp#25;’îN+s&amp#4;�o&amp#18;»&amp#0;ô&amp#17;&amp#0;‰É&amp#20;DzGOéãuHÿºõ©Yÿý)ÆÙk z&amp#12;OqN&amp#31;Ù&amp#17;&amp#6;"û/³[y&amp#29;[ÿ*&amp#19;h-¾é»ž&amp#7;6�§XßÊ÷ûß˜&amp#11;¥­OÈÉèMÏù&amp#16;“ï‹ÖÿˆÕ@–w¸”n�·&amp#18;oø&amp#30;¤µÈ»Å&¹/Œ-ö&amp#29;&amp#22;t"lµÐ=&amp#6;'¸›_÷ü¸ª$îæ~f_¬å&amp#8;Õÿ‡Þl&amp#6;>˜¹­t UfýòærXé&amp#15;&amp#2;ÅŽE´ÜGR>{›¹Ÿ™—fòšòÛÞ�ÿ&amp#3;Ô�é&amp#19;&amp#1;&amp#0;ü¢p¸>Kõòº”,	ÞAŠ&amp#2;»í¨&amp#21;&amp#12;r\)�“<Ô&amp#29;k‡îÍ¬šæŠñŠh’?ùY&amp#18;ÇÁ&amp#31;­@Üé&amp#14;†£ýä³ô¡ªÉ–¨W1­ÊòÇo&amp#23;8¸Pé½ÅpI¼,&amp#19;¿]”WPO&amp#17;@|ýO&amp#18;&amp#23;?Ì;™ô•ø&amp#17;¦Ñ}$pÌrwœ�‹&amp#19;zù­À&amp#7;§ü5
Äs²wAd‰8dïü5
Äs²w]�ê…>&amp#15;ÿB±&amp#28;ì�ÐY"N&amp#25;;ÿB±&amp#28;ì�•\�bèÜ�E [lÀÙ}Î©b3káì‡T)ðøj&amp#21;ˆçdî‚É&amp#18;pÉßøj&amp#21;ˆçdß8xD©­Ž@€…&amp#27;÷Ù¦hU&amp#29;ÀŽ3ke‘Á
¥T¤°Œšd®&amp#12;T+tÁ2×ÉzÜõ&amp#26;%%ÇË;†×z£w_p`°0pÀÁ&amp#21;pˆbŽýB&amp#4;ý‹­&amp#20;?Ýy 9H%*&amp#23;ðûÒ:YŒ®~[µ	‚mÀ3Ã&amp#31;&amp#22;´×ö&amp#7;N®šMz<p&amp#14;õ¨ÐRâ]%10(à2Õ‘+>˜rÖ}{™Ú+�Úà¡-&amp#20;®¢F{‡k&amp#17;ò´õ&amp#11;&amp#22;>¿ÃÈèqwN–Ô¢¼…hÑæ'Ÿ&amp#16;&amp#31;¨üÚÐòr½&amp#24;Ï(Àšøwbô;X&amp#24;jÇèÖ:ú&amp#17;:&amp#2;âªMtÀ‰&amp#11;ì Õ>&amp#23;]äž˜n=ÜO{mkp¥ZÁ§ÖËwp¡­>>ß3(¯L^r¨°ˆå"‰�;¡‹ËÒõóC‡��§C\*a&amp#31;«¤aÒÞšÇp&amp#6;Ã‡23m&amp#18;¥>è»ÚAÌ&amp#26;ÖK‘‡¿&amp#6;Þbqµ›k>‹í&amp#25;P&amp#23;"Á’Únž¦þñ6&amp#19;ãâ m��còâ${øDL»Zb£²š‹&amp#4;Î&amp#17;»&amp#21;!Ì_~&amp#28;i$Ì"Ã;9ß†y§�+†qç§ÿ7ÍÖó¯@&amp#22;*&FÛÚ<ú|}ø×&amp#0;ëN¥&amp#29;¾»´²ž,�d²&amp#26;â&amp#16;ó]/†…"�0Á(>!¡>Ç]¡¨w7&amp#21;­(Ì7É`¬8Ä3ž|&amp#18;,&amp#22;6&amp#7;‘E&amp#21;i&amp#1;â^!V™úòSZ;°&amp#4;øq³’&amp#18;z­&amp#3;Ÿ„.PïRï�Ö&amp#22;ìôG&amp#30;00ôÙÙr‰&amp#5;ê&amp#8;”¹A		\²^&amp#5;¡&amp#2;4É²A¸–_CÌÖéuÑÚø&amp#29;œ•rX7Ëø�¨—F*›©&amp#28;ïÄH·þ&amp#16;¢Amò¡&amp#15;PÑp½&amp#25;Y|&amp#16;&amp#16;:7~C…<ø\iHì›Û.½7#>&amp#23;â�=ý3²LdoþX‹Ð(fìv˜R&amp#22;&amp#6;¯4&amp#12;K�¤ìÒ†”pæeš�ljä&amp#3;š…¨:ùxÏÏ@&Îö&amp#29;u&amp#20;Ø<—µ©£&amp#30;ª‹’0žP°Éf½’V^à&amp#5;~†¬6Ã±=yÇ;–ì1”‚J1.&amp#30;o>èõEãV¶G£Ö‘é&amp#11;£þ&amp#22;¨˜“·DûéÈó&amp#29;H;ÎÛu³Œ(°†|”îWŒsç-EàŒ&amp#26;¼Õ²�"&amp#4;Á&amp#2;¶‰ø
Œ&amp#0;&amp#25;–jËe€�Ræy9ë Å&amp#24;-;Ýb¥¦Î&J¦ÅÇ&amp#0;&amp#30;û€uÊ&amp#14;4>ö&amp#1;"a&amp#8;ì&amp#17;&amp#15;m'úRû©p¤&amp#27;®Níx&amp#29;~&amp#11;ædbK�G|'ˆ›íÑ+Š&amp#14;T9G‚&amp#0;÷&amp#5;Ñé\‘ïLZã&amp#30;&amp#7;”&amp#8;úî¬Ç�Sîý*×€{úL&amp#11;š)VYu ¤ùû j<­/­Ög	0ä¸ÄÊ6úÜ_ƒ5;ž	ßèÞ¯£qÓ&amp#16;Æ&amp#26;õ	×hŽ7í@œ&amp#5;f&amp#22;*9e&amp#0;n<Ýú	&amp#28;zh0Úk4ö‘7,å{ÝÄqð˜Ö*lÈyñ™&amp#17;µžÅ÷‘=b'?�#i®úŽ4S&amp#3;\±y¿ï,‰`Â¹òiÌ•D|R]RÊXwé�©&amp#24;pLlG¬�&amp#7;Ð˜K ‘Z½Ûæò&amp#15;s`†Ÿ&amp#4;šy8ä;ƒŒ&amp#2;öÍ\G\)ÓvÐ&amp#28;/&amp#4;&amp#16;·&amp#8;X™WgÔ�«¸Jj&amp#8;¬“aŒhÑ'K¿á¢?=DûJ˜.o&amp#14;&amp#6;ÙÐoOª„Þvš	¨³;×t&amp#27;&>&amp#18;°…pmàDòÿŠÝÓnŽÂ»ýb»Ò_‰Ã&amp#27;M&amp#14;À&m)•iI®W…æ&amp#18;`›
+HM�>¶E)+ôT&amp#4;{r&amp#20;%8[ÍÙFÆWq›©ö.žzÎ:+kk’ª‹Fƒz+¸z&amp#15;&amp#2;&amp#23;&amp#17;XÅ&amp#5;&amp#5;§i/Š%èq&amp#15;&amp#0;=e&amp#3;4m¤ˆ&amp#1;ïgùo‚V¼»Ù»ñÛ&amp#25;žúî�¢&amp#3;m@¼âkn'd&amp#20;z[ÕpK	bS<‡˜&amp#21;É‡æ&amp#16;×”Hv&amp#6;&amp#1;E´Ë§&amp#7;?×2©Ÿx&amp#28;3ëA&amp#22;&amp#2;r0&amp#1;Óyê&amp#7;!&amp#6;õÏ{&amp#24;&amp#8;&amp#27;z	›˜ÑG­”(ŠÊ&amp#5;�ÿy¦ó�hxv&amp#6;1*&amp#1;&amp#23;&amp#1;F]Þ¸VIPS&amp#11;á¾x»‚Ú˜gò+¸–|âÔk&amp#30;¶&amp#17;ÛÇ&amp#12;¸÷½%&amp#25;&amp#23;Ž”&amp#6;&amp#30;%À;j@Cæ&amp#27;ïÄ—ïäXƒkÎüñå) ¦ï&amp#6;Þ&amp#23;&amp#19;ú‘fÂÞKæ<&amp#3;áoI¶±yêðä+†¶¯Öig6&amp#7;œ·Ê©uù&amp#25;x˜:'}¾&amp#5;‚÷ áÆ§bêþ°~—9t&amp#19;ÙZÂÃ2ôÉå¯ƒcÖºÛ&amp#0;cíoBj'eçU)X—ÿ§ûÈß¿µ*IÎœe&amp#16;—&amp#2;mÙIÜ\Û&amp#12;\&amp#2;s·MãVÓQ“‹~C=õW¢òð.‰ªœPZÎò]å|‚E&amp#11;‹_ÏL»°&amp#0;&amp#24;=’g—u"Má]i¢°­ÄmÖ&amp#2;õo%QX£?'Ú£VÂ�&6fhÆWŠa&amp#16;jT¨Ø�‡v÷®&amp#21;s›À…v{vÊö°Zž1kÊÒ‚§þk®V¿g6Ñ6~oúaR=ù&amp#23;Ë=£]�{âè€¥˜NBÆ&amp#1;³¹d&amp#25;Ÿæj6„C÷Õë©:Šî5	&amp#31;'H$æHf&amp#20;\®7&amp#1;Äÿº}Pý¸I*àÑ­ë´S$×Û—ÓÀh–bÀÉ×]ø{©²‡$ù±Bûa#&amp#14;©Ýï_{A&amp#12;ißâíä�q%±ƒ)rì!ì³OYD¡˜g]é�ìÞ]nEñn¦–ïUèØ#éþ½Š°Ïjß=¢â�´+pt)|JÖÉ&amp#29;¿gö—HÄ·&amp#24;rÙnŽ·”¥Ý,½±tµ€ú³À@&amp#3;Õ&amp#0;xþ0z™t‹Ðº"s°šˆfN€º!nv0×eööî~„Y+¶&amp#17;˜!"SXü&amp#26;²F@KW?È&amp#23;·
*²l;]£nÆäÔ®Õ&amp#3;ž&amp#11;ÓÊçxÓ^ºœ5Øç}4¹Ù±1‰Ï�½(07&amp#2;,µ&amp#14;y‘&amp#14;‹	‘'G&amp#23;œíA5$ošÙ{�&amp#11;^†&amp#7;­	o“~Ä1v1|&amp#29;Z(„7’
4¬Ìîá&amp#19;ÚÚ–R&amp#1;ô6È�¬…Ìã
BÄ­&amp#27;Ç�:öš«ŠïG&amp#4;B*ÈPo&amp#16;©C¥)âèö&amp#22;[ñ¿Â‡jU@û f¼½x”¿(\rµ®U,&amp#7;s@ã&amp#17;‘G³Á¥>4nC}pó’o‹ëïFW&amp#31;•)m‰Ò&amp#23;óõ&amp#20;Ú›×”Ñ&amp#12;3{9‡r&amp#28;©a$(¡ê=y¢ÑâÚQ?KºÂê9¦&amp#15;È&amp#29;®&amp#28;4¸&amp#7;Ìè&amp#31;ÔÚ&amp#0;KIƒz±C&amp#4;hà&amp#30;…¯�&amp#28;†‹t&amp#26;D&amp#1;c’Ëvù&amp#24;0Ï4&amp#0;ÿ³çWÍ DhØ¬‘^y™v·�ŠŠ´ó&amp#20;$ä÷Z\4o½T&amp#3;SB8pì4™&amp#26;�0x³™¾&amp#18;D{'¤Éñ•C3Ð±qD¬�æÊ&amp#30;O\¤ùPc&amp#24;êÔ™·fšÔõ&amp#24;>™a:®ü:'Æ\cŸÇ	&amp#19;Ïæß†2ßü½@Nn&amp#4;-Ñº&amp#18;ºDÍ*¢&amp#11;I�î#p 0@ô&amp#26;¡¸(tðžj…&amp#2;&amp#27;¡&amp#23;á í&amp#18;Á&amp#1;}O‘&amp#29;m!²AyÂÇýL]Ô6Ëlj±9
íôèÉ98øbçm=!&amp#30;&amp#28;çn
áåâ²!^­S&amp#24;D³ç&amp#8;Îîô*ØÉLý”°S3Æö&amp#22; &amp#5;ƒ&amp#25;}B/ñ&amp#16;zÀäÎ&amp#1;ú&amp#2;&amp#17;ô‰Ž&amp#11;:®ò=�on,×St&amp#24;-&amp#23;l1yPR#è�é�Á‘Åý0b›&amp#18;&amp#5;Äµë*\Ÿ%ý×�>UÏýB;Í†|~/‹®éLLŽnûL&amp#17;–•Š`pŸ?%ßŒ9Ä·ßú{WSÎÂãúì‚tö1µùS©»e´ù§€ÿ¥\¿o±Ñ;Ÿ¬ãy!Ó%bátúîìÍìÅÁ&amp#21;-Ô‡ÃÙ³Wa
HÊÞG5¡³Ýç‡5.é&amp#4;Q\d~AâëBo,^IµÇ°&amp#24;&amp#27;`Fnsš&· •J&amp#6;Ê3&amp#28;>	sŸD2&amp#11;ÈŠáâ&amp#27;�C,&amp#26;�Ð&amp#25;™…´†&amp#15;&amp#8;ùî&amp#30;&amp#21;9-H¶Å­±â ¯Â�úÄ8&amp#6; ò}õV¢›™åN&amp#2;òŠ&amp#25;­÷é&amp#14;“G<Øyyõ»B''™&amp#15;2V½l‘QM{åÝIßÓj0�S£–�P&amp#11;»%uö&amp#2;#¼FÐÎ6ô&amp#2;åÝ‹G:µBY-YŽœ&amp#29;z&amp#18;�¿Q”/#|DóNOšÒà&amp#14;&¹zSÀJlÅ¬&amp#29;õîâ¯I~Ï’Â&amp#11;&amp#0;Ò&amp#6;K˜&amp#7;_ƒéàú�Z(š/åXJ	Rú´&amp#12;¢t&amp#19;&amp#2;¡&amp#17;Ú¤ç�”Ï�&amp#25;:®?zJ&amp#3;6;&amp#1;Éá²Ò.Ñ7Œ&amp#12;&amp#3;ûï`-Kô&amp#30;É&amp#4;¸p,°]æf
&amp#14;ÎEHexÐ¡Ö&amp#0;ñð˜z¾Uƒ“ž&amp#3;&amp#2;ötd¥E&amp#7;*,mê;®­ei×�û&amp#8;;Ñ&†4�Ûü)uãþ)±ìç&amp#11;Fn—A«Ë´&amp#5;�&amp#4;°½3&amp#15;=.gXº9Õõ&amp#19;Ûe/�SŒmó£›oÄ¯/‚*&amp#27;&amp#3;•›d�F&amp#2;¶&amp#30;-ðC3&amp#3;¬ãú—®žbŒªo
&amp#31;ñi&amp#1;•½&
X¨˜PŽ•»Í¼�¿ô¸�4!5<˜¯&amp#21;îßÕõµ&amp#22;AŠêŸÀÊ'&amp#25;&amp#15;5ª3&amp#23;é‹"ÄkG&amp#18;Ú—M?&amp#29;ëó&æðêìD ‚ÅxÍx&amp#4;,
‘8ó§½�ZùÅ&amp#4;­«ø��d*N	´EûÕA<7£ïØ„MG…Pû×â†'[>&amp#24;Ï­òïBü¿îœœvø2Mžbe:&amp#3;¸/£:wË·&amp#20;&amp#16;‡åÔ³:Ã2SiÈÅä&amp#8;ƒ½&amp#6;¸Ñnã{EÞ|ÿC&amp#3;ÕÂ&amp#2;–&amp#17;™©�ôþß ¿vÎ 9œZûÔqß÷{·ÿ0&amp#31;XøQ�Ô-„š4Â&amp#17;?†&amp#18;-y©&amp#12;ç/�&amp#23;S$8CÇy‚Å/7~WJ&amp#5;Øzþ&amp#7;;&amp#15;º¹jó&amp#26;ïzÜ9i.‚{þ„�lR˜ñBg&amp#15;&(˜˜�·o¥ýL€WÓ~ÓÞ2+whm&amp#26;5÷§òÍõ&amp#1;âäÚcÏšè,ŒcqlñaÁW^ˆ›\8y.J&amp#30;m²MV/é^Sã&amp#12;èˆ·$Z&amp#24;H	&amp#29;T©Ïýeþ®FPìŒñ™èxjö&amp#27;eëø&amp#11;°CR&amp#8;&amp#30;
1MëgÈe«ìs†¤&amp#26;á6Ú"ºlþÛÑ&amp#16;-Žê1FüŒ—¹„»&amp#27;�&amp#28;]ˆ†o$æF&amp#30;ðŸKÀ°Ö„‹`Ê�J„�&amp#5;jsO‹ö&amp#29;2+Æ'•Og¸Ó’ñ/Ù&amp#20;e¸
™oÿ&amp#30;X(ÚOä&amp#0;fËï*&amp#19;ÄïO&amp#5;‹;6DÍ•&amp#1;Wû&amp#22;&amp#30;>wh~³�K²«D4®ÉóN&=«Ý³âÌUÎPáã>Æ=&amp#30;x²þË±J4Ñ%š&amp#2;:?g#À{÷Ç·Âdnßìq&amp#7;ºÄ×dçÉts`&amp#12;ù0»��‘
&amp#27;…yÒß&amp#28;¡0ÿ° -K&i5�Œü ,Þko·:ƒÓ&amp#17;â_í£±H$&amp#7;@rVïEþ¶¨ûg-‚æ;îöƒ
&amp#7;“T—ò%MŽâÎv&amp#2;&amp#4;oÅ¦Skà &amp#29;&amp#24;L!Üª&amp#26;H‚'D‹`“Úƒ&amp#24;¶8“�A/[Ì»‘\�Â÷š&amp#21;&amp#27;&amp#31;>Z&amp#6;<Â‡&amp#4; 5êƒ:	Jà&amp#26;¬DÞÔ.¶R&amp#0;&amp#19;âp&amp#27;šV;¥ëâ=ÂC44ûöeD
MæµVQ\!ù�ÓýQOŒ&amp#12;TÐM&amp#22;Ó ÉPS?&amp#31;‚~xKüK&amp#21;ÅuŒ&amp#12;&amp#17;&amp#28;ü‰«&amp#27;1]%ø¦+9‚’&amp#20;&amp#2;öñ&&amp#21;­q&amp#1;ã&amp#27;3ò”>ç¯Ý÷ª}NÝ$:†¦n¾ËBý&amp#12;sR�7&amp#20;EÎ±GDü»ü~ø{&amp#18;Ñ†¿"
�G¥o«5&amp#15;&amp#17;N¥óU*Ù¸r“&amp#23;c&amp#21;.ÓEexR&amp#19;ù¡$o#[°Ç&amp#0;¦²™Ï:­ãïdû¬fÓý�Ãú¯“&amp#7;pÆ9X&amp#1;ñ>:œ�íW·ŸúúÈe|k5&amp#16;8FÅô&amp#3;&amp#24;ëìö+ç¼j&amp#20;ññB&amp#16;&amp#1;'Ð�&amp#7;Øå3¤ÒåB Ä§&amp#1;jY§Ÿj§zl¨eÉ<óûq(\4—z¹ÿ
œšlI(�	w­&amp#24;�©o&amp#26;â!IÚ”9]–6˜Ö8QJMuô7ô2=&amp#31;Bž’&amp#22;&amp#15;[Û&amp#2;‰Ww2Z�r€›>&amp#26;ÜÄ˜}5&amp#7;&amp#8;&amp#5;×px&amp#24;ÍäæÃVv×Vn3uö™×™‡zû.H^÷üÓ)–	6œ\ÏÇœ&amp#1;†t&amp#19;¥ñ·¡ü>…Êlç&amp#30;�ëw&amp#20;e¨&amp#31;U&amp#11;¥©[&amp#17;˜&amp#18;L�¢u&amp#19;y¼à]&amp#8;	<&amp#11;0N»~| &amp#28;3>ˆP&amp#28;´*#Rnfõ©€Ò	„;rAJH²]�*Ø�‘–¥îbo³ŽÔ&amp#15;—*â&amp#30;-"¦‘&amp#2;°&amp#12;Á4žý$cÇ7>èà0ð\ÑQ¬
®¶·�iüâ&amp#24;˜­ÐêÒ &amp#23;ZÀWˆéß¤ÈãñaL&wš§Äðü&amp#5;lä°2&amp#25;B²Ö¬çÓuºˆ¶gÀ™ïçüàrvôä×µ’EÀ&amp#18;ï&amp#2;xßŽ&amp#1;AÖ5�zê&amp#12;í;!ª}â2Îº&amp#27;©g9âòÁEˆ\}»ç�]„Ö j•[¬z¡$ˆ&amp#4;?ŒE1¡+w0Yùg&amp#15;VA›pìa4¡—&amp#5;^K¿-¿ö&amp#17;i‚kõ&ºŸ›÷d¯&Î•˜M0Qjl‰Bô&amp#14;&amp#11;Þ}â&amp#1;¡xéª_Ý]&amp#14;Ë&amp#7;v&amp#25;@ŠX…&amp#16;.&amp#12;ísªÒ5Ü
)ŠÆÞ³Eúr&amp#5;ü“Ø&amp#26;9�r&amp#2;´j¹¤˜fDuZÜ¬è�Â›¡cá˜|*Ä,ŸN&amp#29;�UÇes
&&amp#23;r&amp#18;yäŸW&amp#12;¶y,ZÙÉ9ßÉ/vì&amp#29;&amp#5;Yºoù¦øöºN&amp#21;&amp#1;]åÊ&amp#3;o"öŸ;ï{œÊèØHµ€Åî�(_D_hçÝF¨¦qO&amp#27;&amp#7;G/Á3&amp#11;­ËûëOºzQ ç5+C¿y~|p�&amp#15;Œ�|Õ¼<û­ßg+ø&amp#12;v¶CàÐ&amp#17;"ë;Õ½è‘pwÖ9ÉŠÆÐ&amp#27;&amp#2;�c&amp#4;gÓ&amp#29;—�Ww†&amp#14;ÎCG›÷ÝçL,&amp#22;…(&amp#25;~¢V]RÁç€¹X²&amp#23;"Ûê&amp#27;Ó—•Ö[d©&amp#8;×§˜&amp#21;r\q–`;/!òŒüeh–O &amp#20;>V&amp#30;?ù,&amp#28;±&amp#6;ë¢A1Z—-¬bA
í“Ø¡.&amp#16;&amp#19;&amp#21;P1ØnU¢Lô�X05[õ‡&amp#6;�Ž·µŒ~ÕÒñ&amp#5;ŠãájsiÏÁ…ÆÑ³&amp#23;Gcc`&amp#0;OáðÇß·ÁFwd&amp#26;¹X#V
Á&amp#7;¯Ó­ª)£3"¿ó†ªÜÎ&amp#14;H²‡c&amp#27;Ê¶&amp#15;‚&amp#15;x³&amp#21;"Ö¹âø­'¢«mÌˆüiŽ6Æ¤Ÿ-"À`<õ¨™&amp#7;#í&amp#3;—Þ5›·8Ûs&amp#18;2à–�[¡Ò4ô™&amp#5;h
ã0w&amp#11;.Ôn­¾àE\ø±—C´*„F_Æû·�—Ë(Q{&amp#7;Ÿ�æ
&amp#16;EŒ%ßb³òó&amp#25;õœHp&amp#2;õÌëwì÷Ãý‰&amp#0;&amp#0;Ñç±¹&amp#12;NfE&amp#1;â&amp#31;öx&amp#12;ª7[VjõHýw‡g,¸&CB&amp#5;TÈ‡&amp#16;±[šªs¸	e‚&amp#8;&amp#29;ü&amp#30;c×Ýü’ù‰&amp#27;hËæžl3®u·Vù>¡ðm/ÌhÊ#N J¬ðWPÿ&amp#23;þ%�°&amp#1;þ“«¹ü8<ñXH©dE&amp#18;´Õ~Œ%XvÎO ×H·ˆÁl'/ã¤9s€õræ&amp#25;Óî'K V&amp#1;ðÉy�<&amp#31;N©ú	&amp#5;&amp#11;üü¿k&amp#25;Uò&amp#21;\�¾Óü¿|&amp#15;&amp#5;3mµ&amp#4;“CFðCJ9ôð·q*ö6Ø:?2óR¥ð&amp#30;&amp#27;D™&amp#8;’7?<&amp#15;ºìSÇXæ�ý¤ŒÂÀ&amp#3;Žˆ[bÖ¢&amp#16;:¨~¨4È&amp#26;2·ÑO&amp#17;Üáwæ,’ô–[’À_Þ8©>Höß,ÑL8!¼)hxxðN{¦&amp#27;[Æ&amp#6;œkTêƒÑ
<àFö÷T¤œ(ãôp&amp#30;¼¥ý´5QÃút±ý&amp#28;´õB«Œ&amp#25;ÌÀºaº#šÐçÆ�KÎðÕ]b&amp#24;æy~Ik&amp#31;è&amp#14;„H&amp#18;ÀuÉ—ˆV·&amp#1;¹uo®_j!&amp#12;È&amp#17;°ˆÅ[D&amp#22;eÛ³t&amp#21;&amp#1;&amp#3;ÑÕúÖ(�&amp#30;BÚ—ÿ&amp#24;3g&amp#24;(±âê{bÌÛt OøGÒB!ëªõO&amp#29;4ÌUï	/ÿ	fVâôT&amp#0;&amp#19;O0=Ðê*¢ð©‚»!nŠ&amp#5;&amp#6;ßS»&amp#12;oCûÖô”¡&amp#5;Ú“±&amp#25;î€DJ¦=ÏõŽüNÁ&amp#16;Þ{ò^¼Q&amp#17;A_Ž8&amp#11;{æL&amp#0;&amp#31;…¬cgý&amp#26;&amp#26;<_cÔ&amp#16;ý•}ñª&amp#24;Lš0Õ†î¼Ô×-&amp#27;pù¢°h¿þºœÿÒ|5Ä�º¨5'°&amp#1;áâÇIª£«–G„Y{&amp#5;ˆ&amp#31;i0„&amp#21;Úl'ˆ%:ÍÈ¾KÁ8 ê&amp#11;,–º>°3šŠ-ÐŸ?�;eÜX4#‹aùû«�&amp#16;aû&amp#31;Ø&amp#20;Î“ÂƒÍ&amp#29;šÀøâ=Î&amp#20;‚÷œ†|Íw8Ù&amp#17;ÖúÃ´ž�&amp#29;gÞ5Uéñn*Tð5&amp#12;ÅÈ‡�âð2&ÜÎ¾ª5‡�È�½lJQ¨Ù
&amp#27;÷)c¯è°&amp#29;5ÂyÓàÒ«&amp#24;ÕB$Ï¬²¨y’ƒPQv¢5ßŽúÚŸ?N&O&amp#12;j­&amp#2;åÝ¤£a&amp#21;Þàdk£ÀîÇç&amp#1;&amp#26;£'¶ùäPjVm©&amp#25;u�˜[èÆ.H¾]&amp#19;€ëØp&amp#18;&amp#11;®»Ÿø(ùáRÑBE¤¬´¾ŠQ&amp#28;L)Õ]Áyµå4²e×uõqñ&amp#19;ê2vÉs~W†POß&amp#31;ÏbŒ… êGë-&amp#16;S`e™p&amp#2;ÐUèÉt%¥ 5&amp#2;¤D‘B—C€™÷	Ö'&amp#26;&amp#28;Q$ïˆö&amp#4;h&amp#1;gok&amp#26;´ö&amp#4;&ÐzOK=}Ó¿Ð }&amp#17;Ý&amp#8;ŒO¼ú&amp#20;ÞÏ¾£•Ì±°ï&amp#11;YKq­ííò°J&amp#12;¡ÍÑ”&amp#16;“Ò!&amp#20;¥‰¿L&amp#27;‹!2…Æ&amp#31;&amp#4;œÒÝt—�(ùŒ)O�F&amp#26;}€&1¨&amp#20;…z±ã&amp#22;IñmCóÞú÷&amp#19;&amp#5;&amp#29;&amp#17;"(ôc&amp#28;NYñÄ€g²7yQuINŽ6µ‡&amp#21;ÔuûHm¨Õ„iM¯~bP™i–ð&amp#0;WÖê�‡&amp#28;³&amp#0;&amp#4;w.–Ò¨	„´‹3&amp#20;M9¤þ²wÂï
Y4}‡Éud%÷$Ä)þ%&amp#25;"ãózÌÞeiÍ�&amp#4;e&amp#1;O&amp#11;ômQ&amp#7;�ïs ª6¾f–vJ.±&amp#5;Ç.f&amp#0;gMç&amp#24; sÑ
\ÿG;Ì'ä&amp#7;¿Šñ8·
ŸŽ`›�U´y©U&amp#25;Ö&amp#1;&amp#7;ìáŒU3©žî5µè¾Çì˜L\H&amp#5;®–-t&amp#7;‰PÚ7¿s&amp#0;30ý-¯6tc›&&amp#6;8w¾À]–‡k›DjPŠÑë²EÍ&amp#1;#i&amp#8;	›�gÅü•¥²È„X�%½±&amp#28;nàÖÒßj§’&amp#16;P�&amp#24;·Tim±Êr“mR&amp#8;^M¸%œ!õ&amp#1;eEaN¸íN¦ÚâÀ’I´Z&amp#19;NÚU(Ÿ1W&amp#4;g}#”4‹&amp#7;'&amp#6;T–&amp#24;F&amp#27;6!>Ê:É2½#»¹¹&amp#17;)ï‹3›¹(¨‰F&amp#29;—&amp#21;f¹‰7&amp#30;&amp#3;%ìLT»%×&amp#14;­n^9
@úwŠá?ûÕÔ|0ö&amp#24; k…Œ*Qÿ™‚ŒDh&amp#8;Ùæ&amp#17;\=ê¼&amp#29;Üœ.
ôkCOÖ‚pÜuñ¶nÈJ&amp#19;H~És·£á�|—@‚Ÿ&amp#29;ržu&amp#4;¾&amp#21;¦g–Â%õU&amp#11;™b¦H�\„É&amp#18;&amp#2;�>¤ÐÒ×.W�ëH&amp#6;ÃÌ7Î«&amp#4;W%3Îê@O&amp#16;G&amp#18;R&amp#11;8,)H{�jÿ”&amp#26;ü&amp#17;6a&amp#21;z„$­m‹ôÓ•/ñÄÔa¦lçè5 &amp#1;¿‘ŠýªØíÅ‚b€‹à'0hœuøñ¡Q¨J&amp#2;ØñYãÍ±Ö&amp#24;<ËÀ_ÂÙ&amp#25; UÌÖŽDq´�5WÔN>ra¾qè·ðš±°Ž›qé&Ààåõ8�Ø&amp#28;7c!Øv8Î,&amp#28;¤È’p´#\]gJq|–K�©]ÌMÑ¨&amp#15;&amp#15;aú€�íâèòï�Dæ×ïð�&amp#22;¦OÕ“&amp#12;_–óð‘&amp#12;ì-�-&amp#12;G1•tc&amp#7;&amp#16;rÒ&amp#26;ËZžíÚs�-\AcsŠY°Â’&amp#11;áLjÄåÃ3ð®.c¤ÂJb:¼¸2!>×‡‡ÁD älR&amp#31;	¸N‰ìp/6a²‡™&amp#23;ü&amp#2;«)~ß1&amp#1;/&amp#19;ºÁÁ(/&amp#29;iä;PÀÞB�<Câl«Õ&amp#2;Å&amp#0;õ[;_ÍY>C‰QÃDöBè&amp#20;–/¸cšÏõÕ·&amp#22;g&amp#31;U@„«\5D©VÙ0ËÔ $“Š&amp#21;¯o©K·¦½ìP�ºÛ&amp#4;ïŽM�Ê&amp#17;ã&amp#6;&amp#28;s*˜'³/1…F&amp#11;…á¹¯·Òª‚˜^ñVä�y&amp#5;&amp#1;'-6&amp#26;JßØ^)�\NÞ&amp#24;õBØ3�gë·°&amp#23;n�®FàºûR#‹zœíž&amp#7;6Ê®—"Ä)ÜuY''á&amp#22;F›&amp#14;úïÞÁ>¡=EŠ~NÞ­ÁÞÙÄ&amp#23;&amp#0;Ü–ÀÎáåf¿&amp#4;T
&amp#31;/Ì1¼ä&amp#4;²ãî&amp#3;cNá&amp#27;¿ó’&amp#18;&amp#5;T¿¸ÆV?‹	xÌ&amp#12;(ñ»ÕÎŠÆþ&amp#20;ªkåÊ:È€&amp#30;¥&amp#2;Ê…3(†�&amp#28;Ì&amp#27;‘ñaÙ"Æ&amp#18;?uh;#3¸&amp#21;:R¯OdcÜš÷ªÙG9ªP4û‹ëó°œGÉ	$=”¡�H.7øázù‘'“Ê ±~Î%(&amp#0;”0 ê3w»Æ­¸[œnƒd€´Yê×&amp#5;Z›aÃ]&amp#22;p‚æj†ÖÎº²[Ìù³4»áõ“K&amp#5;bl‹sSEaŽ5•Q&amp#11;†X5~¬	ä<Ç@ÝÕ c½	 &amp#5;_ßF&amp#27;«Ip $DlöËiRxt(§¬&amp#30;Æ”f`�Øž&amp#22;Ô&amp#4;¯¿°&amp#0;E„x&amp#2;+ ô‹«zz&amp#5;ébl‰ñÊm­X ÌvŠÔÛ¶&amp#27;˜‚œzaß&amp#18;eÚåóxÑþ&amp#8;G&amp#2;Œz¥Ø&amp#27;êj&amp#31;Ê[´»¥Ìýø�]¾&amp#5;[RÛš ë&amp#29;òA/]&amp#14;ÏØtqèÌˆ&amp#24;Ø¢›b=>çîjoËŸ‘*_Ä,&amp#19;Ïp�£#JŽ&amp#30;bùÜË¡ˆBtÁ7Û¦1j·¬œñã&amp#14;&amp#31;î�K&amp#22;&amp#15;yÌ·1&amp#31;,‚�Ù ãã)+íSyìn·rñ}¯ÖÆÞ#ÅpçÑ1q3£é}®ã°‡¯N&amp#28;,l)§»›s|)_‚b&amp#23;Å&amp#19;äO˜•žasF-&amp#8;&amp#2;%„‹Ïš¢¬ÔœÇ�“=n&amp#11;ÜÎCšÚö^ÀÍ¹Øê&amp#28;@ƒÊzcU“VÂ´U-&amp#18;w�&amp#0;‚ìª÷í==NÈVõqÛÓ
Ô&amp#24;®-í£oÃ4OÉïXêBÏÖ=ªãTµlÚ÷æä�×–ÆÏÜ¨¬£Ó&amp#27;©ÃÓk‰ÿßc¯¶ßF^KÜù>&amp#3;&amp#27;ìÑ¢I»d›AûNøo‹�*&amp#30;&amp#26;ÓÅ®�r&amp#0;&amp#30;Ã«¢q„&amp#27;+·¦á&amp#20;ÀëÂ©€Ò¼¬'é™7¼a&amp#30;Û&amp#22;ÀYn^£Ûø’¸�d�‘g%Sgþ&amp#3;ÔûÔÈñ@b+zÅœ$Ò6€••S�†æÁË&amp#2;Æ€¢[&amp#4;Lã�vâôr)V&amp#12;þõ&amp#17;ó]ÁâRp˜åq"f¥ê‚yx¤&amp#25;]*á©&amp#12;Êi&amp#17;›ú›ì&amp#4;ÉwHÓÑHá€}Œ¿™‚Öb¬ƒ&amp#21;,¤DÁË^¨%ó(ÕG�TQÚ-¤f6¸-­(bü¤ày&amp#14;®&amp#25;RFêT&amp#7;„‚‘j,‘4&+*Êµ&amp#8;Ã&amp#25;ˆYyâuÅ8À¦,²ï&amp#18;{&amp#11;	\%&amp#7;�ù�…&amp#6;&amp#2;,:KÎ&amp#21;'&amp#4;Ô@ÊÞ]<ÐÔÃ=�k�Û&amp#26;ìÜ7§;áY®•4UµüÝ&amp#23;Ù&amp#29;[ÓŸõØ'¼ ½ož!ŒVœsâ‰þçò¥cÞQÅaWüáŸ²#�¥Œ»rÊ€)MÓÙûLöùpšóñ�.Ž-–œÖw§!d’Þ:ûµ&amp#3;É7ï¥ä^¹›†k«&amp#26;%îŽ&amp#3;c�&amp#28;ÄyéÉü�(ˆ&amp#0;Ï™Ù·:+8Í»n‘8B~î¬ØÉ&amp#5;˜•&amp#0;o&amp#16;&amp#22;©é€$)ßvDí¶ÒŸ¥&amp#29;·�m,òa�ƒöÅZ�•?&Æ²bäÆr¥j&amp#25;ša>ç€8O¹ÓùÚFX?Å¶ð&amp#4;R`žé•(ö&amp#29;&amp#26;…¤¬z¾�Ö&amp#6;®þ]w&amp#5;òj-Lñ%½&amp#7;¹ú…÷ œ«=•@&¦£&amp#2;:&amp#20;¯–6ºâ&amp#20;Up\¸&amp#29;š¹>¾ð¤É¿&amp#0;Í&amp#25;§êš<&amp#12; �&amp#22;È&amp#15;�M«ùN˜SÑí]äÁ&ªõE½SR}qrW—òT:CH E„&amp#17;�]&amp#5;ÄØZC&amp#26;#Ì=Ž}­vk&amp#27;~¹‚,q\ŒuÊ*#ÚÌ3Ë4*ì{o‡ úTH±HÁt�&amp#25;ùoÐ &amp#1;T3çÑµÑ6=%ÂÊãEA5&amp#16;&amp#11;Ï&amp#14;‹&amp#14;k5š&amp#28;„¬«Ð&amp#22;ùX¸¢î»x'¨&amp#2;#ç&amp#20;oßÇ5&amp#20;±Nr¾&amp#15;ÝüS[²‹µc&amp#8;‘&amp#31;¤©™:wDê¿ä¬¨˜”u¢jï_zÎ3J§�ž&amp#24;ÿ¬&amp#0;Üµ^¿¼&amp#27;[³rxui­@&amp#30;ê‚E¡dê&amp#31;WEhãR&amp#14;«Ò½q“Ç8Wíî&amp#1;õ‡@[àåaNü¹‹ì{ØÿôÔ° ¼ xˆÃ¿Q&amp#29;î!Žp� k« &amp#1;&amp#17;¬61½…V&amp#3;2B±`�%Ì_â14;¹_~¤óš&amp#3;­&amp#7;*Žr\:¬¥!p(¹´ýÝå&amp#22;kÍ_&amp#22;&amp#18;n&amp#6;?ýÈ;¬4”æ&amp#22;bÂ&amp#3;©“Ÿ&amp#31;Ôç>™­uŒãæÉ Y‰õî&amp#27;°µð(J‹Ù­nÖ–Žv¶´[ÅˆHhÐ„&amp#1;ZqjAq9(BÓŒËù9•7ÔV�ºŒFÈP&amp#20;ZluCÁl¾Ý1Æ0-&amp#31;�×&amp#26;q&amp#21;¥üÛÆüA•ÙpL&amp#16;&amp#6;ÔjŸì&amp#11;&amp#22;ÈÙ¶·‡Ñ&amp#20;i˜{9&amp#5;`Þµ‹&amp#0;ÃëKb;÷ÃîÆÓ&amp#18;Û&amp#1;ÅÐ+¥i1lÍù’¿ãa &(3à�¥É&amp#2;W&amp#12;@`&amp#0;&amp#0;&amp#22;R”··ó9Y¥ÇdñÕK&amp#26;n&amp#0;N0•T¨»ˆBl&amp#28;F/&amp#31;ÄH
;ä&amp#5;„¥ù9‡5CuIf:1Ñ]…úÜ¤î ¼çYöÝ·ÎJ&amp#23;ÕXFµ6¨Ð&“ñR‰¹V
GÝ§(0¾¢ØÌØ(&amp#29;Òù&amp#19;ÚÌ13Å†&amp#25;|&amp#30;ˆç"&amp#8;hmAû7&amp#12;ydØßj&amp#21;N1OŒÓæ¼4ÆÛPG5&amp#5;ˆ�äžYµ#ö„ü%´ÝVð>O�5éÞM­°&amp#23;Ó-1E^©ÏÊhâÃ5Ü&amp#26;©ùô&amp#5;&amp#5;ÅžR‘ÔmÁ.Ív=XÖ)áï&amp#15;n…mM¡ nmë&amp#16;)ä+ÒLk±Q¬yfHg)bþR&amp#6;–2&amp#19;YKò&amp#18;ôõ9‘{&amp#20;m“¬J9¡¼ÿ¸¹*0šÓ"~y�Rs&amp#14;UIŒ~ð¹ŽêˆúdEPPIÔñ¡�<í&amp#6;¦BAþ&amp#14;I°/wÈ\byríÒƒ|&amp#23;Ó¹À¿ñ‰ãc¯)€¡…l&amp#6;À³µÈ\ª¥&amp#5;&amp#16;�&amp#22;&amp#5;ƒöw�Þ®w‰%Bá&amp#30;&amp#14;ä�¼SL.Ì‚2eí)s2½°5±{Sx¤‰&amp#27;°ü¯?¤[aý:ì]Œžlô-&amp#7;&amp#29;r&amp#24;4™ÀÌEªõ &amp#14;)ä°&amp#28;¼<Žp˜bëD£°R&amp#15;ý³�ÎÇ‹0ì×P*,¸&amp#27;96&amp#23;(&amp#12;Z•:ý&amp#11;Qgþ&amp#25;Œ{Ç5&amp#31;FT‚&amp#30;Y…ve»žþj&amp#30;Ùmy&amp#0;&amp#24;þQë•wîö}Ôö dÌtˆ±¥A»5ª‚H0Œ~ï}ƒò©yoªòÖÀ�äÿÚš˜9âß(ºlç{¨¼S/3nñ6m&amp#4;&amp#31;êTÊó8¸“W¹,ìÙÅ÷úÖ­�ˆXË&amp#2;"Ÿ€/†z&amp#7;‰tÀçç3J "r+ª4c÷—WÆuö­˜&amp#3;eÐ¾÷IRk„Éä&amp#30;´A$rµˆR‡M&amp#14;é&amp#4;3Ü‰&amp#23;âËÊ¯•�&amp#4;ß&amp#18;@-}¬Âr@J&amp#0;A,Ô´8\w „Š—æô§·k"D•åê¢Å&amp#18;ûÊÿÆ¸�Œn&amp#4;Y8ôn–Ü™&amp#23;¿Õ&amp#5;è®&amp#4;°ÎSÔä&amp#6;&amp#26;G{&amp#0;K[™&amp#6;€Ïo&amp#17;Ÿ&amp#23;¥ÞSØ&amp#2;`�Eò=�—QèºÏ&amp#17;]�JšÛÍ&amp#22;Ä3æxœjîÇ&amp#25;I]©F°Ìæ@%ü&amp#25;&amp#5;Bf&cA—uñÞ&amp#29;o@&amp#24;D?YÛ‹£;¬&amp#22;ÊH’&amp#6;;&'lzÙ b0Óéµ,_E2ÉÛØt
ö“*_¦/}&amp#7;L–‘ÉÐÅñÈ§Ó=;“íÈGy&amp#18;;o’WÚ&amp#22;3øÖ(¸¬%œ;é˜ÞÇ†;`æ Å£&amp#2;£æÕ`»t€Â&amp#25;ž{"�îd&amp#8;Ä¦ îMW¨ö&amp#31;5n¤K•ê&amp#22;&amp#3;+>&amp#31;w?T&amp#19;ˆ&amp#15;�N&amp#22;�/M&amp#17;ç†&amp#2;·&amp#26;žbN&amp#6;ŠãB&amp#30;&amp#5;&amp#12;â©_&amp#4;æv&amp#20;U5ÞvS&amp#23;cßÆ&amp#29;Aawß¥hP‘&amp#21;ˆ?&amp#30; È~`½T*Vª&amp#16;GW&amp#25;p&amp#28;ûŒßY&amp#8;‘45ð’e•Ô—@&amp#7; )£¨Ø&amp#30;Y&amp#7;Ìj¶“ÐÅ˜G¨Dà&amp#22;ê&amp#7;¼1ýv™ƒg&amp#20;˜&amp#24;ªd@Í*ïžùïÈi&amp#7;‡ÙQ¯ë6‘ &amp#14;¦�fwšû&amp#21;&amp#1;Tµš1OÝŽãV‘§Þ—&amp#18;g�¢{.¢“®Ñ”7nX»G×O;F;aXÿ·ô�‚EÃ&amp#6;'R¸|»Ã$Ã£v]ô?¹Àÿ)Åö½&sÂqó3‚€¼W›ÈÈg6>Ë¡&amp#27;E+Là&amp#30;ÕýŽW 2þTÂÂ®B›|zá	ÂÐ–#r¬õ§.áHÅJÁÎ&amp#20;!"u×è�&amp#28;r¨î]þzJÃ%kNÐÁV†»&amp#28;ªP¸fÉâˆ3Û�&amp#18;ô&amp#26;òàw_ÎãÍÒ•(	Al&amp#22;�+º{üNÃ&amp#24;d&amp#31;&amp#31;të&amp#31;ÔE¾ºQIœâà&amp#23;Y×µ�CYU!—¯bAàR&amp#28;¬Mþ5r×ŸL jï‡î×ÊÅË|&amp#18;ÓÔKh4àÒ(3B3&amp#14;¤©	ÃÛ±Pã²†HoüÝ: &amp#27;«——!©›&amp#3;k>%C‚oFÆ[:¾aZ+j‘Jˆ&amp#0;”;&amp#26;9Y©¦4�»-&amp#7;Öd&amp#16;Á…›àWì‚f“–7©|�•Bí&amp#18;ÅÈaÕÖÔ|,b&amp#5;6bË0!¾›ŠÇpŸ&amp#24;ß¢&amp#28;ézG�pöà€úû­µ&amp#5;˜ ÇÅ5ùFè$¹é&amp#27;iËwÞÛ&amp#11;UÇ”&amp#14;"&amp#26;&amp#31;¨ã&amp#28;ã¨¥’ñf‰&amp#25;48É9>€„ý‘ñ,IÖr}&amp#4;Ï&amp#3;V3Ùz+�î$å”`	&amp#31;*&amp#1;&amp#25;ÐÌ”&amp#24;¹&amp#21;ê#Ô¨±†à~EŠgÙ¢˜&amp#18;&amp#20;—qì�­Kú&amp#30;ñ&amp#29;‚TW&amp#22;ÔŠôa&amp#25;©wDžZ0D‡á&amp#24;PeÑIÙ&amp#27;&amp#5;'×|©‹&amp#1;&amp#0;Û}³eþˆ&amp#20;Þ&amp#2;IÐ	æ2¨C&amp#29;DÆQü5²Ö‰&amp#29;Ô7á:BŽ”ÕÁ�!ë„h3ÍG†nàî&amp#2;Ô%9hüP-íß·õ)¶Z½äšCû&amp#29;­g8Na&amp#0;)ËÝl½°{¬n�ƒXÞ&amp#16;Äbe&amp#29;&amp#16;&amp#27;ï¸‰,@&amp#25;$&amp#11;“Ï&amp#20;Ögâ&amp#17;*E=‹œ“OÉ<­Ä(­Íî¿Cƒ&amp#24;å&amp#23;ŒN&amp#4;&amp#18;½©»‚œµè¶{´;R¦…Â*ô¦MúÿI}EßÕ/&amp#28;18êd&amp#6;îÞÈ£üÞÝúÐ&amp#1;yž&amp#19;&amp#26;ë¿×{¦êÕé&amp#24; Òq&amp#31;ÿPÅ”}6ž•{# ”æ6à€¿Î¶&amp#30;�×+ØÍ\Èìb&&amp#22;cµ3Œ¶s&amp#23;ŽF´ðn(šÀ&amp#16;	û¼`kÚ_Ã]”I|&amp#1;Q?
�ñ&amp#8;Ì¥z7þï*A&amp#2;åJU&amp#12;Ù0@?€Ï�&amp#17;t½x1o˜F´ùœÁQ0ì½&amp#22;D|ê&amp#24;&”†¢&amp#31;¡E·ºd&amp#24;Ë#yu=L*ŠqÉHê&amp#5;>zS¢…BÛi�r¢&amp#29;7·Njt‰³&amp#20;»X—½&amp#26;K‹ëï]Ü &amp#7;®&amp#11;fô&amp#27;¼&amp#15;¤À&amp#12;ŠDP.j] ¹F(D½íe,&amp#18;Y
ž_»„&amp#22;¸&amp#8;b”ž·„E.¿iÉ8á�8q·�&amp#27;E}�ùÇóÀ¡`*çA&amp#3;Õç±Š§~&amp#12;LÏ„[JD&amp#3;”�0G&amp#30;…×&amp#23;ŠåîòjÒ3œ&amp#4;&amp#19;èç&amp#28;Ðí7÷<ÃÔ©Šeap+EiÍèí³\FU]&amp#8;ZN 
‘%hAnFÜ&amp#5;_Óý�ôú*ýöÕ¢Üf¾eýÇ9&amp#24;!h°²³×wçµ…VÛ^yÖ&amp#18;3æi¶B&amp#11;$8Úý€ùç}8Lœ™ï#¾b&amp#19;v)&amp#18;&amp#28;ÉQÞÚ˜¾&amp#20;)ÂüH&amp#21;í„&amp#0;Õ$œùæ&amp#19;[N!&amp#25;Î@=zi‡]OÊÆ	&amp#15;Mô'&amp#12;&amp#30;ä¶ÈddôL&amp#15;½áº“&amp#20;rw—ã=I&amp#12;&amp#5;&amp#4;x$Ë—Õ–ù§&amp#21;¿Ñ`ü7&amp#23;‹&amp#15;²ÇÕb&amp#12;2_u
Û_)#ºˆ¬ß$pä&amp#8;ÔÂG‘_ÈOv&amp#30;?Ï&amp#3;&amp#5;å•W&amp#7;·‡(iÞÍï–ÈFŠCYãîàºÙ&amp#26;a^ç>¼&amp#0;Ó6ŸdP¦s˜À†@A
#°tŠ&amp#8;¹4Þ{Ã&amp#30;Ao¨dßk§çÎŸÑ�²&amp#11;sf*î{!œ&amp#19;XŸ,Äô&amp#6;&amp#28;÷8&amp#31;å8XüdU^~ãu|0RŸÛ%ZU&amp#12;&amp#14;ÛQˆ–`î&amp#23;Ó²Ð&amp#15;&amp#4;‡Ó¶6Â¨&amp#2;°®^–( °&amp#28;�&amp#16;,¯\&amp#0;ª5T·Áxke;l‘ZÞ�&amp#1;£^&amp#15;&amp#16;¹G†Þ‘g@›]½Rc&amp#26;oB»&amp#7;?*Ï®/&amp#16;›&amp#23;úw= &amp#17;!ð¸™‰	»Å&amp#0;Yù¯²}Òjö™hf^Ÿ4&amp#28;¢&amp#20;Ó¶&amp#5;Y&amp#12;È‹ô&amp#24;U‹5ÜÊÙ	•¼&amp#4;y¥Ê>Ÿ&amp#0;$³&amp#14;&amp#30;Vq¯NnÎÆÎ//Õ&amp#23;¤2`£z¸Â¥;èT½l•õ¡�Aæ¤&&amp#3;Þ˜F·ŠpH¹!	0°£ua&amp#15;Wà&amp#28;Ó`¥ðÎ‘Ìb&amp#5;œ×ìâ&amp#3;.Â¯¨^ôõ~@ÞÛ8.©P´>&amp#12;&amp#14;•†¹­jÿ‚[ &amp#23;¤�hò¼<M)&amp#19;�/t ÜyFq1Aì¾l÷¸?ûÖ¤½ï&amp#7;ªC1+;Ï$¹&amp#27;Q¤ÅÅ2Éú_$èÊ©]®Æ¡jL°K�&amp#1;àÝ&amp#26;Æ&amp#15;å&amp#29;®Þ µ¨Î&amp#5;&amp#17;3�UÉè7&amp#8;C~×¼„ûéu &amp#16;õ(§¤õ�Ûz&amp#21;¢&amp#27;îxë&amp#19;�Éì7¸×(&amp#24;&amp#31;ÍÒT&amp#27;ò&amp#28;Ó¨EK½9»çz‡H 	")YÌ Êß&amp#23;ëÚT}=Zå¶|°=:&amp#0;)&amp#12;C&amp#27;ë\&amp#3;&amp#6;&amp#3;›&amp#18;SÊ³’„™t©BÒt»¡&amp#23;ø&amp#1;*4”C&amp#1;Ò(Ío¯ä¦{ì&amp#17;K•¥{&amp#8;Ç–(á²‡›¼êw5F&amp#1;y2E?ÍQÞ y²¡;ò¬Ûn&amp#16;@©N9=®®lh·‘ÐŒ}I
Jg°Í^&amp#26;[@[)Ó&&amp#8;&amp#17;-Y&amp#21;gWËEb|˜O&amp#22;Ñ œ&amp#19;”&amp#16;ãZìþ�Ç&amp#11;øNl¨u&amp#14;çJ&amp#25;Â)ú&amp#4;-›Ø'bå�f(E¹ÿí&amp#16;üŒt&amp#25;‡ä4¡:&amp#23;‡h‘&amp#6;6?z	Rº]&amp#30;zž¦ñýöPð°N7¬8¸B~^ª“Is¿‚j¤„ëÇñª½Œâ&amp#27;À]A&amp#23;þð&amp#30;Ý¦&amp#1;¹Eã'Jm`a&amp#23;â^¢ˆv&amp#25;&amp#5;&amp#28;È	(¶&amp#4;]ÃßYÊð&amp#12;5XëM²FX†b—…&amp#23;áZ]N>‹‰¼�]QóškC.
*Ó&amp#7;&ð¶Ê•l.Æöòõ#8êô&amp#25;'s¹óˆ&Ù[à>ÐoN&amp#16;“"ío³ºˆ½&amp#26;Ù\&amp#14;MïTèŽpÀØÕÞ&amp#1;©‰q-Rªê‡`§u%&amp#28;‹’&amp#2;�€j×ÓoeÎbZ_Ì\¬ð(³{
ƒÃIy·dÍŸõM&amp#2;&amp#15;&amp#20;&amp#29;çdÏær#¯&amp#2;!&amp#0;Œ$zµÌ"x‹&amp#8;ß˜ú&amp#21;ÒÓ-ÊêPÕ©Å;Ÿ&amp#24;‡†M$SÒíÝµ&amp#19; Qí�,'w‰•þ‘&amp#26;ÿ¿9{&amp#28;LmöÐÕ&amp#20;h/Šá•-¶ùµ	‰&amp#24;¦T…‘f¯bAUÆ&amp#18;ö´g=×~Kq=
&amp#26;ÌlG|ŸàW‡†&amp#20;%öí$&amp#5;ª¹2C{ñˆÔ§xÌ1œñM¥
Ë›h#Ž^K&amp#17;á¥âB²¤õXHnMM~ø‚?�;ÏG¯É&amp#3;)öÍ€
R0¦aÏ.É¡›µG°«&amp#22;¯êúEôÌ}”Ì*1s&amp#18;
îçâ&amp#0;�9·X&amp#18;&amp#7;&amp#26;Ï±óÑ&amp#4;f7}ñÃ™Áå„ñLí&à/&amp#7;¯v¿z&amp#23;´&amp#31;wDw7Õú&amp#5;eèž;¸oŠ—a‡�ï”„Ó2&amp#4;TPUÇ^¥‚�}Ö&amp#7;A“¯^‡V&amp#23;‘+Cô- „O®ðÃÌ®~"^4«&amp#3;‡Þk—ÈK¤„Á/t5S½7Ul&amp#2;8¸]vË‚ÓJ	é&amp#28;Zò6(
Ëu,)ähj&amp#28;&amp#14;‘ž¾&amp#4;‹ßr|­ÑþÛÜju¶&amp#3;' p]	^y8&amp#23;Ž0Ä4&amp#29;R±ÝÌyE&amp#24;°¦&amp#22;·�‚dZ&amp#26;&amp#7;ˆëZZ{ªý<&amp#18;p�kÖõËGnM¥{¦àG·hât&amp#7;?lLHµ‘vÑÐÉHØ“	Ó¡†S:ÎÇƒ€z’%±nI&amp#31;þÉ‚&amp#27;¢É
Yw@¶þ
&&amp#12;«x&amp#2;P°²ÊWpGŸã&amp#31;ÊD:„ÎV¹Tœ‡9KÚ&amp#24;Î�~ü8&amp#24;&amp#6;¼x•œ–#¡æò78[º”/ó&amp#19;`ú@ÞÚ&amp#17;f	&amp#30;&amp#27;J‚æ«&amp#21;8­¼k&amp#7;÷,ôãÏ“ü¼b"C&amp#3;4q£ùˆñ|Q’@�ªÜ<3‹˜E9&amp#14;‡Ž€²qýÙ²èB'&amp#19;ÝYœ&amp#31;›úß S.ì)&amp#7;’+µD@i&amp#8;K"”y&amp#16;0Ò‘PÔ³¹Õ&amp#12;&Ú¸&amp#17;XÁ£%î7îÒú&amp#4;¨M'Í&�Ò´Ï'i‰&amp#4;)Ê&amp#31;ƒø‡Œá`ÝhÑ¸&amp#23;$p-¤š`ã&amp#0;Ô™Î&amp#1;ÿóÝ×&amp#19;\ñP^¤ô&amp#15;0&amp#15;ÛJoK{½(ÖÛv`Àî¤DDL2ßûX)Ö&amp#27;&amp#28;µ&amp#4;
¼í6ÉEéÎoÚ6Ï‰è³Í7ñ&amp#24;ÜÖ©ÒO~	§&amp#4;.üyò&cÙ¦ðB›˜éž×Ï%ŒVÌ	6ï÷�ÅÌ[&amp#17;ú
<&amp#11;&amp#21;ÑL·óÖX©þÈ­ÏJ#&amp#26;�_¡ª3&amp#18;"$¥1¢&amp#11;¬±ÈcxÁOÊ‚H#Dq±ª½÷eBoï&amp#28;Dµ{è&amp#4;d &amp#14;·@Ö7×œ]–¨$È+™Üå1µ(�nÚLËˆ÷±&amp#19;	&amp#6;«ê·dƒ:%ÿ&amp#8;4&amp#18;&amp#26;=:É&amp#5;ÝË±&amp#28;&amp#18;½y°»
µ´´’X9Cci4#ƒu„=&amp#4;Í&amp#7;žuå›&amp#6;rCŽ²¡‘€D!à¨ó¦1ü)ˆµ5g.a,`R]3&¯¿CkíJùøù,¯&amp#0;'á&amp#30;Â²�ë&amp#23;MR‰ô†My&amp#20;j›Ýr+Z.�1&amp#26;¼&amp#6;ðWc&amp#20;F`í&amp#2;!rI¿8cv8e,æ¤&amp#20;³&amp#29;\3b&amp#30;&amp#8;cJ¾ü+&amp#12;&amp#31;|%Ñò?$@fò®ä¿fÞì:WöLF&amp#18;çp­&amp#22;|v©&amp#0;¸‡¨ìûˆ&amp#20;ô6eu‘z&amp#31;Ó¼%Ô%C¼‰Þo&amp#1; ö&î¡5ëi&amp#20;x†&amp#30;)Ã�U‚ë«y5âà&amp#21;šÿD&amp#23;iÓˆ&amp#29;K˜iv:’Q•<8xoD&amp#27;°&amp#5;í&rv1&amp#4;°È¹é&amp#8;S‡ëë¸Æ±&amp#4;d÷¾õûÝ&amp#22;9ü©™Í0‹&amp#29;�a&amp#11;Ý6iÑ´Q&amp#23;iéóM!7-&amp#6;‡/WZ&amp#28;&amp#26;VŒú,” eÂ[”óÄ&amp#11;Y¯¡s&amp#31;š—NDíÌ&amp#6;tzþbùx&amp#5;¼/ßF&amp#26;¼·zmÂÝüZ&amp#29;„$*&amp#24;„ÊÎN÷&amp#17;y&amp#19;uûÚaÍ&amp#28;dR—Ó­&amp#7;{&amp#1;–«ó¨›—áëüÜºNÞ�Q!^gVX/&amp#14;˜±‚xôwzºh&amp#25;*•U>ÂŽýTÙOTù&amp#25;°&amp#1;û6¹&amp#22;¿ÿÚ¦Í‡µ&amp#0;9¡Bî,ÕFôKuúñ&amp#22;¥ ‘¬ï0÷ê¹5˜'Îƒ‡±®ˆ$[Qå³½LG˜\&amp#0;­„&amp#12;µ;º�T–?à3Ñ&amp#16;fÐÙÏ&amp#11;¦2é6#Öï|&amp#2;è}¹E`Í&amp#26;&amp#30;÷8²V›¤ì°Ø% :"Z-5}…å.ˆ:Ã&amp#30;Høù
#µ¹4ÙK{PÈŠ&amp#4;Ý–&amp#4;è.Uæ,ÀäÇõx&amp#18;Ô&amp#12;a3ùD‹�(÷Èó&amp#17;1ÅoÅºÁ[Õ&amp#30;Þ“&amp#3;b÷ÀLg¢9Lß{âì&amp#1;ÌÔ¸Ø¢ë”&amp#16;SÿxMÇP×–��ý´¢&amp#28;&amp#25;›&amp#7; s×]³LÇ@_ö^o&amp#7;&amp#26;‚dÓE&amp#3;�ÞÌ…ãžod­‚Óîè¼&amp#30;¨åâ¤A÷&amp#2;ŸU&amp#1;ÞËŒÓ&amp#8;&amp#2;t,Ù¤#¸ÙÇ±
&amp#25;˜›|&amp#25;Õol&amp#5;Ê_zøt”>×jsW³jÏÁtö±(ËF;ˆÆ`¤Tô®&amp#4;¸&amp#22;�¬ÛŸ…}&amp#16;Ø¥·é‡ÚæŒ&amp#6;x‡Ä�1m'HžfÍÖ&amp#30;Ñžæ )7LˆÎŠ&amp#6;Áðè¨‡¡&amp#21;¿—	æ—äì&amp#2;"<&amp#17;Ç6ß‰½®ðõ©í='&amp#3;&amp#0;&amp#22;¯
ý¿œ&amp#7;ûY-ópÎçø<=À÷&amp#2;£W©m&amp#22;°ÛâCÂfBG*ªª<ð_&”¢Áå&amp#5;ù&amp#7;õîLŸæ¤á!èš´E‘<˜þuíÿ×Tìš àjZÛiMŽx$YtPê¯&amp#8;nÿ¯~²M¯q†&amp#16;&amp#21;}•zçXÆip^~3&amp#30;jbÕçHÂÂbáA&amp#3;Ã~÷W€&amp#1;&amp#5;ŸÑ&amp#18;jÕLÚÜ&w·ž&amp#17;›0,·Iôå/µ&amp#11;Æ1,&amp#31;ÂQÁ'&amp#28;Ø—’u&µ$ßcL»^ÃŒËè%Su=~‰&amp#7;ÛÃQŒ¯Êjý±ñlw²1k7’¢�ðx4>UD!G#¨ë&amp#24;¾&amp#15;t¡è}‡{spfHŠî9[“xýE“xltŠ&amp#18;L<~Çp&amp#29;ræ0öxJXGÿK{pÄÃCe¢æðY—‹‹`!…\ê kÀkÚÂ&amp#25;�&amp#4;+|’É¯Ø½|ûâµÈÒÛ1Ÿ¢U‚]Xæ(˜FA¸�§‹7Nx†²–ä×g†FÞýéª&amp#16;›&amp#30;ç&amp#27;ºj¦sƒÔÎ§Œ&amp#11;á
ÍJ…G+ ‹L:ì¸Ò�°WqZÖo&amp#24;¿áF~ph�×xç…òD?pË/·�&amp#25;ùS}¦ü1×dUÜ‰À Î…)àŽsUžY»&amp#19;H'Ú6^ÁÀz�Õ #4B&amp#12;&amp#12;9öß…z+ùº?bÈÞ´f“·ç©&amp#7;{®‡Í×n¿Éê¤ÿÓ’&amp#20;¹åuÉŒâcÇ®®&amp#21;<eÍ[:&amp#26;TòéBÓí´Op-&amp#25;äœ‰&amp#19;õ ³U�&amp#12;žO„ß~¼x¤k8±&amp#5;kMq¬÷
&amp#6;&amp#8;fGWË"’ÊÖb‚íb&amp#31;‡ôiº…Hk&amp#17;Oº&amp#1;¾&amp#27;¨¬�‘`ûÁXÁ&amp#27;¨T©ùÏU€`2gàm&amp#17;ðý\Ôlúok‹€&amp#8;AŽlz&ž�îŠR¢¬•…æÅûoŒ·%0‰MÖ’£. ›Ü’Ð&¤b°øKª&amp#30;&amp#23;XÞðëQ›ž&¼õm&amp#20;M±K¬ ã"‹+¢@oˆA�äè…î–&’úÉÒï&amp#24;XQ„yÊ@gº±Ø™±ôï&amp#8;!ÄN’$UÁÆÙš&amp#17; Ël&amp#12;&amp#4;ê½–þeæ±�…Ç©!h»È/:&amp#7;v>&amp#20;
2ä�C™&amp#20;`óaæ&amp#18;¿ÐAžêýDóú&amp#0;6ëÙaÖÈÔØ&amp#19;š&amp#29;Ñ&amp#12;Þ\çó‚æ&amp#6;;¬øÕšM;jö¬ç&amp#23;Ý&amp#30;P� b�ë5ã&amp#18;*í¸'½nö|-Ú&amp#17;PD  &amp#11;÷T&amp#7;�y%eâ2Q˜¡¼Á&amp#27;�rt¢Ô�»ß£3É�ƒàõh&amp#21; }Í¬àÓ&amp#19;¸ò’ÇŒžz_ƒ(E'&amp#5;³¢s›˜&amp#15;>óÜ&amp#6;ëø¢&amp#28;_²ëƒêUoBífX&amp#5;Æ&amp#24;&amp#18;L½4˜&amp#23;&amp#29;‡KJ»Ï{ñ‡ó!JSœhéÙ–q«è¯&amp#15;‹&amp#22;]Û”ƒÿÆ›&amp#6;ïÉ¬ÌPôN°€Ô°ùÅéõ¥)Û^¥K&amp#23;&amp#16;ˆ9Á&amp#11;&amp#30;ÛŽ-&amp#5;Î¶œõ{·ë~ïO&amp#15;&amp#5;&amp#14;ìYDÐ&amp#24;¾Ömÿ>®ž¡øƒ°„&amp#29;~¬0 &amp#4;1æ3\�f&amp#19;G¿9q¤ë®.&amp#3;ÔCnõÅí¥&amp#6;‘y&amp#25;e×{Ö—&amp#14;ôW¥¯O`#™‘IŠ&amp#6;=ó×ÃÆFÍ&amp#11;&amp#31;10Îó`w×ÎBß&amp#12;¬îÉ&amp#8;ªÖ­ö[cF¸£}&amp#28;¿û"¡Mî%²õZïC…©xßï�µ¤_G]¯ E|&amp#5;Ü-bÌ7<ÁžåxU&amp#14;WkÐRõÒ&amp#7;íæ‰M%fL·-oÞ½j"&amp#26;ã��u—¥g´š­É&amp#8;Ûêô&amp#16;�ÀØ<Ew‹e¸´&amp#21;|^9t?¶¢CT,ü¼#·yŸÜ–ËÊT¾ÐŒÏ&amp#14;‡&amp#12;¬äª©sÄ„¥ì®³©ôjÎŒ&amp#5;Å&amp#1;�&amp#24;qúõâôÁ&amp#29;Ë£U–WGz&amp#22;ðNññ²…XõÆ<UûZ7õÜóƒ&amp#18;&&amp#7;Ñ&amp#27;¿‹I&amp#18;´x{bÞ²ñw0+0�`Kí&.F—&amp#0;k§²>·!ùè|Õ"–¾\ÑÒ7c +¨&amp#26;!×&amp#30;AZáïîÍv&amp#26;YÀi	o((RúžEPõXs¶ëÒ+]Žëv=&amp#27;ŸCAû­‚ÊŠÂÆn	·¨Ø  &amp#31;-U.&amp#20;,Ð�L&amp#6;þ&amp#20;~e—Õ®&amp#31;ŸÕÕqMVéðd€Ñ¬‡‹§#§ª^cçmìó³\ŒÓ
m&amp#16;ÖÃ)‰&“ä\½ÿ^yQ¿|&amp#24;¦Æ"–rÝ&amp#29;çáç¬¢®&amp#15;²_YhV†8ÖÞMí&amp#29;¯Á¯„a&amp#14;n&amp#4;b*Œ¡&amp#25;&amp#18;&amp#21;Ù)&amp#19;£a&amp#7;L˜¯:ÛÄ�·@’c&amp#17;¶ÂÂa°~G¬Ã·;	S4�ÚzÅU&amp#11;&amp#6;À’'Ac™ÿ8~¨q[-Õ‹AãL½ÖëRÃ½iqì{q]&amp#18;[&amp#3;•©fQAÞ&amp#14;h”Îë&amp#29;•Æ“4,d‹­&amp#5;	e {Bú:&amp#27;yy+S6}&amp#26;B€x�éÖLI&amp#8;³ðM¡&amp#4;*ä]¶)¦àí&amp#15;ñ&amp#3;€6ë%WÞt´€tB&amp#15;•þ÷`"°žî&amp#18;áŸàçÑüÓi­’¥&amp#19;¶XË�ÈŠ3¾±y¿&amp#6;ŽôýNì1 ÛÕ!e.ƒ6ÞL&amp#7;^EŠÉy&amp#0;U§)&amp#8;Ö°Ø°<¨}Td�•8åC&amp#25;Ç‚zu &amp#14;�Y–aN&amp#24;$ýÀ‘È&amp#2;×ýKZY1/&amp#25;ÏÀTèª&amp#23;¶3=N2”¾}&amp#3;÷4€&amp#31;nzºŽ/à	¥©ú#ID)Óú_bAÌ”–Y*o&amp#30;sf8s�ÝäÁâ&amp#3;;@?&Þ•c	€H.½m5üÛ&amp#31;ý0ø‚ß·/Ø&amp#0;ï&amp#1;€oés’+œ~…/‰
P)‹&amp#17;ú‘Š”{¸�‡ÄÛêÉ¾&amp#12;ó’dùå ä1¢%&amp#22;ËÝbè°^ÓÏŸ»uaâˆÌ&§ãTw¯ÚÝ&amp#15;&amp#17;j¢{ÉÄØJ�vÅ3+Î„Íè&amp#1;f€’¼O&amp#7;¶&amp#15;#¿?&amp#12;·­&amp#7;¥XEµãíÓPŒ/Åž�]xá£œ4”&amp#5;¡tÂ|Ô9*Ã&&amp#11;•æ©O@¾“;ÿëM‹Äœ¾J—ÆbV&amp#31;&amp#19;€k0&amp#3;p^°…dl�&amp#18;õž ­&amp#22;·h‘&amp#14;<Èˆ.6¼o&amp#14;å&amp#24;œjªöh&amp#16;&amp#31;&amp#16;¸vC&amp#15;&amp#7;„5&amp#22;±êÓµ¸©Bè&amp#4;p1Â.7¡4¿~?¤ä&amp#14;¡S
ë~&amp#14;ÄÜvwóv>&amp#20;ÕhM&amp#23;ÖÕ´•ä&amp#4;}ÿä&amp#24;/².�àÙ&amp#1;&amp#27;£QoÞ#™Cy&amp#26;ù¹UWp6�â®	éN&amp#25;Edü©ý3Æ&amp#5;7Fˆð—&amp#26;Z–ÏwÿWI&amp#14;
³µøc+ó_±&amp#11;@vÃ&amp#28;}&amp#2;,Ú&amp#29;§½ÊîÇêóÏuGÆOîlNŸz8GÜ¿ŒÎH•�&&amp#6;‚m|&amp#4;;ãp¾&amp#0;&amp#26;©WÙz¢§‹Këî~ß^Ý&amp#28;£‚}–ÚÕú~Y&amp#7;d:â£‡ÃKlB�±À&amp#7;öûDó6=Ã4‹¤ÏÎ&amp#4;Ki&amp#11;·	wõä3ÓŠé7Žš&amp#31;(b!½XzLyÞû5øÛÛ&amp#4;¥7ÔŠ�&amp#22;Êa&amp#18;"&amp#14;œ‡=&amp#4;£ßÁ�{	Íî„+ï´ÛÞã£•¾_ Nu}TÁðÁ$x:}C-&amp#28;&amp#15;8_)ùQ7Ê¸áŒ,&amp#17;úÃô€¹ÌŠ¿¿![úÐ÷Ï×Ï”I`5ñ&amp#2;+…D&amp#19;tE7ÍÉ~ˆhLC“Ôï&amp#16;x>MF¯B¶Nö˜‰ôÍÂžÃÁ&amp#0;ÑKU”i £¼=1Ø£xÿf8êt7~é&amp#23;ûÔh+Þèê³aÚ§È�J§»ðBL˜7S^H0\èø�yÿ&amp#6;ÈIÑæ§&amp#8;&amp#2;‹‰1j&amp#2;&amp#22;&amp#24;°”Ì“°>Ðç”pý–ô¿q´¨m×Ã¸¿M…¤ôÌ<` mXŠ&amp#19;>#¡'@*Ã&îVš&amp#30;sé5Û™µØõxiÀºŽêùmjpw€”ïÁ%]1ÉIFƒ…³�ô
…O‰É>&amp#6;æž&amp#8;µw:Ï¯°‰06	M�&amp#28;™%EÑ®&amp#16;�Ø|Â&amp#22;ÑÎCˆDljHó< ?¶OÛŽb•ˆ&amp#25;|
»ãÔ¤_&amp#17;n­¹,·NF£ùL…&amp#0;&amp#0;¶Á¬¬Dý“`k&amp#24;ì&amp#7;ºxüD‹°·&amp#7;#„&amp#25;3B»9|Ó÷0²{#:=&amp#27;&amp#22;¿T?ô�)	ï&amp#12;ê&amp#3;¡&amp#16;²Yä&amp#11;Î¦�;2Ò-Û¾Rÿó&amp#6;ëG�RÅ&amp#1;0‹&amp#1;/Ã¶Èd€�öÐ9&amp#16;HP#èœ&amp#29;œhy€/¶&amp#6;ë^Ý?!ØÇðJ*}—{dÇë&amp#21;ž&amp#8;‹–O×`¹Ùhq�%Æ3‚1Õåíh*Ä;2Å&amp#7;]Ÿ‘sTŽ�­�¢î’N&amp#25;§Hë†•&amp#17;nv&amp#4;&amp#6;Íþ&amp#23;B&amp#5;ï&amp#25;ÞtÍâœ¤Ç+�¬ä¸\±Ù&amp#16;©³D“øö2ûÁ*¨ë¿>£ì[€Ÿyƒ”Ð&amp#5;Œbô—üQ2à&amp#14;ª&amp#24;ï,´‹ÿkXª ©D3þ$w_Ü_�iÕ&amp#23;`–_a&amp#20;h¸&amp#16;Ó
˜&amp#31;“â&amp#20;ÆIX~nµT
<_«3£ƒ&amp#27;vežR)’!8�CU°&amp#19;ùj¿"F&amp#28;w&amp#26;¿;‰×²R (Ò)2ËA•4õ&amp#23;Áº«¾&amp#18;&è&amp#11;¼.&amp#3;&amp#14;®âzp^q|*�ØÇæ[Þ&amp#24;%9&amp#14;‘¤èi’-çp=~MÆÑ”à’Ã·j´±&amp#27;5W)MöÔWN&amp#15;‰Œæk-z¨š£V«ô&amp#17;¯F{†%ìqYõ×¼§¾¿|œK¿&amp#15;&amp#20;à#9P&amp#14;¯Ëþw{#&amp#17;VÒ$3IâÜ�A?S2®WaäNÀ	&amp#27;nø÷.˜-ñ]bOû‹¨Ó|,â?TB­0À§ÊÌ%.ÃO2}i«ñcˆ#«ÝG*¾ãbv¶Ÿœ¹E”i{õÄ½Ðn®­²&amp#25;D3=2þ7&amp#12;P¢_²p ÔPZH&amp#28;ÕøL!ï™Y$kÏÀtü½º_€Eó&amp#16;&amp#23;p$Ô¯2=Y&amp#30;&amp#31;&amp#16;"1D�C`Ëä¬‚Êº©�Á&amp#4;&amp#26;D+&amp#1;Y­&amp#14;ëCª9Ò1çk)&amp#22;„œ;Ë&amp#22;ÖpõÂ¿&amp#26;ÿ;�èzûgrEƒN&amp#18;zq’?–»&amp#17;˜&amp#20;a“&amp#15;&amp#7;&amp#6;v=¡ã]Ð�‹õ†Z^_(Sœµ&amp#18;{°	ž”Á«µ&amp#29;ölÐ¨m«Ù&amp#29;ÏÖN‚Aùð¯UK©jŸÞ&amp#3;Èû¸IJ4�ßgãÊàò¹ƒ¢&amp#11;C¼þiM]â…ÂsAæ5¥&amp#19;½#Àå/m”J&amp#15;¾J+p”Õ„Ó		ë×UÔó­„éŽÕýÖmœ¬éÕg?B½&amp#23;™ÑWLu‘&amp#18;q&Íçöÿ‚(’­ÿeà¢$ú&amp#29;ì#õ.›—eç-&amp#6;�¾F.ª²â7W0&amp#14;°7]X3¬H1¿P;“&amp#12;…Æ¾&amp#21;~6“Õ+ì&amp#27;Ý°&amp#14;‚§#ñ7û
				Úàà¢;¶â-R\2à&amp#17;&amp#2;áåÏ½þà±§&amp#1;ªÉ ù@è7$+Ÿ	l$‚í9ñ~‹-‘ÒóÑN´{sÎÇDK&amp#18;ç*µ�“WÑêÀˆijç&amp#2;°$dmW‹iÓq1˜¯‚^uÙîN„k_ $8b/Y2õ7q|¯&amp#27;HbÝ8™Î[ËÑÝÖJbÐ]öV�#o¤&amp#24; ËhE&amp#1;´»�±7ßchâr}&amp#21;ûÊþD~&amp#1;QÍ2e`là&amp#7;s¢™~&amp#1;ø×Ð&amp#25;úÆ_÷Žø—tÝQ!¦íü3²o4&amp#17;›�&amp#14;&amp#18;X�‚‡^+3Ô68&amp#17;ÓT°Ù°~²&amp#23;�Ú¡ò9¸dkQ—&amp#2;x/t˜²!‘d'È&amp#11;”ý&8þîq&amp#14;[&amp#7;ÕA©_šv&amp#24;CyO#,·[àMÁ&amp#11;&amp#4;@êmÝù&amp#18;&amp#24;qO'.&amp#17;±‚5ÿlk&&amp#5;Õéf¸Å�‹¨{ˆFWSÅäh�hTÁ_&amp#27;<Mû8&amp#19;pæüæ s²†×±•ýª”×ƒœÊÞ&amp#6; &amp#14;�å‚5´h�Õêß%\ö°E‡ö'&amp#6;$QªÂLÙ&amp#7;ƒâ”ãC²˜Æ&amp#31;X#qÛ�Í?#ÚìÔ&amp#20;¼aéÎ
çpËûí×àqŽ&amp#29;š�DQt?&amp#29;Iç-ÀU›ÔnPk¾­€¬$)Õª\~0ßJ&amp#16;lJG¬Økcþwé3¦ÛûJ¤nm»&amp#31;&amp#23;a&amp#29;è['ñ&amp#6;&amp#8;”]T&amp#1;²1&amp#3;{*�®ÇÅñ	Úïz5ÏÆ<¬&;žãT1M³&amp#15;íkØÉÕÑ'J/°mzÝ&amp#28;É™ú&amp#3;@´>MÈöXj&amp#27;^†}h&amp#27;ŸâóT=£&amp#14;^Oc&amp#26;78&amp#4;‹ðøD‡ÁºSå}&amp#18;�ŒvI&amp#29;f÷Ëdxú gV‘¥²÷‘½M›R…(ÂîBE¬~eÛš7–¡ø¿â‚ûÕ&amp#0;=k�àÒ&amp#23;;&amp#26;ý¯¹6¦™—Ë_œ&amp#24;¯Ë­áÙâœO&amp#4;•´ìæ&amp#31;ë]k1g&amp#16;îŽ+&amp#31; &amp#0;&amp#5;»£ƒü‘&amp#14;óé{˜}8ËÐ&amp#25;¢ð pÊ&amp#27;+SaËÆo¶stO&amp#30;&amp#21;êéyÒC&amp#17;Bº”ü.Ä£8@¼·/&amp#20;râø]|Ñ¦Ø=g¦#¡”Ûc#¥ÇgìõlCžPL¿k¢Z&amp#6;ð•ÒÄ²J&amp#24;&amp#5;h;OÁ&amp#12;P„&amp#25;Ñ£
c¦pxÔ¨R&amp#1;01„¥Ñ&amp#18;¢e&amp#29;ae&amp#25;£Ùxº]ìA²&amp#25;b&amp#21;Èîòß¸æ•n¦rzTÙ&amp#28;¥pæ&	&amp#4;Uõ‹Y&amp#17;åRÑz6Ï‹²&amp#25;þÙš7n+ãG&amp#18;¸.&amp#7;ž&amp#3;&amp#6;pŠ«xÿš«îký!�£Á&amp#3;&amp#20;¤_1ÒCcm§JZ35˜[ª&amp#27;¤–æñPnµ@ò&amp#26;­ÞíÔøc4¢s­&amp#0;ê`ËZ4n0ùÝ&amp#11;&amp#17;&amp#14;^þ‹eÄŒÖ¶&amp#17;íŒQ…#ÔæÙœÝ‘ò‹V&amp#31;DÜAŠçyúÈ†>{ß&amp#24;<&amp#21;Œ&amp#8;/¬Þ>î&amp#17;ÝDhæ&amp#7;&amp#28;¶3yû�ûC™&amp#22;K3&amp#0;Hç&amp#31;M–bÂæÐ¼“&amp#28;'^ðð.¦¿†-%~ ž/M$ËŸu�&amp#4;åÔIü¿&amp#18;íF‚P¬ÝVk•>2.ñ¬Ù¦rë÷}e&amp#17;Š8[×ZJl4Ã &amp#1;©J„_íBgÉ&amp#22;t
ŒtõQ&amp#19;•…ËHnéÉº¸'&amp#18;>º+&amp#12;8_WN2Œ¶˜Ë”:º¸u¤&amp#6;=&amp#1;‡|&amp#4;uèt&wJènšXU
&amp#5;!sÆ€h&amp#18;Ë&amp#4;ýïzð=’¯wÅ*˜õ”Ö�\™©‰&amp#21;\F&amp#19;î‚ÿêy&amp#27;PYÀ™#&amp#15;o&amp#12;“óÜgDé¤‘ Ü<fÇù&amp#2;*néñž&amp#19;¡ÜFq{×Ãg&amp#30;QàÏ‚&amp#6;/É·&amp#19;h>76Çã”Á.2Ñ}�&amp#22;·&amp#20;¼%ñ&amp#31;W	ÞˆzýÊ<\³&amp#11;.6…iê&amp#31;	Ögà×òp”Ç×±­ÆPŠ'¼6<&amp#24;%&amp#8;&amp#30;õÊ|Jð®×É¸_?mšÌ§ÕÖ&amp#26;¹«1¬Í#uÍ¯ÀU°ïÑž¼ÅG”,fà:£&amp#17;-J&amp#27;&amp#1;”�Õ“¡¹.åV€�BŸÒG(Ä²–&amp#27;˜A2›µg¤&amp#17;Ûc&amp#14;¯Á(dó&amp#17;ÌZ&amp#27;[½2š3ž·ßGXàgYÍ¢�B¶Îm*d&amp#8;•s&amp#2;“p&amp#31;¬Ñ~LÔš^wÈ«>ñ±\õYémÖä*í-8{“z!KÆÝï	K'&amp#11;&amp#30;·LÙ°w÷®&amp#27;+ï>1‚—ê1¹_}DiB}¢&amp#4;bõ&amp#14;‡30&amp#28;�Õà&amp#7;&amp#28;k&amp#20;äúAu&amp#11;"vKeg‘Á>	t·&(&amp#4;&amp#2;í±Ë‡žpø†&amp#26;9�&amp#31;¦&amp#11;@&amp#17;áÕØ±ø»ðØ&amp#1;ÚõÇq£éA$OájŠè&amp#8;cÑ&OA½ö&amp#23;1ˆ÷ßÅÒ&amp#16;RÅ¡Þ&amp#5;1æMçG²&amp#14;]"õ^:.å&amp#7;–¸&amp#23;ã›tC‰‚khÕ²ü&amp#1;&amp#25;&amp#25;›�5&amp#5;9£&amp#23;œRð²xoÊK¢ªXE$€Ô&amp#20;�¯Ò–¤Ø�`0¨&amp#7;¬Ts+Ÿ�ÔO¯ñUÉ"&amp#20;é&amp#21;‘Í8¬}Rë6Šb&amp#18;ºÍÏÑøêö&amp#20;NŠ&amp#16;í)F¥' Wlåkö×¦dû&¶|s&amp#25;BC}ä&amp#0;?¼&amp#0;ãÔ˜Y9ÔÕ&amp#14;¨äÛþDÀ>l&amp#20;×L¦=&amp#8;°&amp#27;·Ö`8ù¶A’ŠÞîÜ½[$Ã6«&amp#2;KÒ&amp#6;&amp#12;àùÏd“&amp#26;\n&amp#29;	Ù¤´¨Â†òø4�KºX&amp#29;Eº6žUøáª&amp#28;Ga&amp#29;�øÂ}W±â&amp#6;­8£cúyÏÄÄ¥üÖ&amp#11;Š�‡O¤>S [‡XªðRvÏ5ŠLv^Æ@fÞ©ÚO˜¬&amp#8;^Ì»¶ò¤y&amp#30;©@» Íný,YÐX&amp#12;LBU(·÷yÒ&amp#26;ú^„F1 'ˆß;×%©ïT¢ù&amp#26;ÃJâÐ%ù&amp#15;(æ˜F¶eu—ß¦Ú�&amp#30;^ˆmIí„N×‰$&amp#24;±0+&amp#23;­&amp#16;W¡�†ÙÌÌ.&amp#24;í™»6&amp#31;¢Ž&amp#11;×ië&amp#5;h MxU‚ž7;€&amp#27;©"&amp#22;äîj‹Òà¢%&amp#7;ZûÔÍ&amp#21;C9êÊqï qºÙ»K[/éU&amp#16;d¥í&amp#3;&amp#30;Û&amp#29;6¿+‡Š½&amp#28;6&amp#17;Ï&amp#7;Kïâ.»&amp#26;d˜¨&amp#25;�”ñ8¤åÄÒÓÃˆÄ}ß›õðîZÞ&amp#26;ÔãB	âu’&amp#22;úÎë¦©y&amp#1;:¢f�h6ÛÑÑÌ•‚­Ðc»î¨&amp#22;¥!&amp#16;ÒX&amp#2;=…FK„&amp#5;!&amp#8;”%ézáè>¢àK&amp#18;(¡Åq&amp#26;âìƒ‚Ô*ä&amp#7;í‘ã&amp#22;>À&amp#2;@1„mÁ:zÓ�&amp#27;c{ä&amp#16;Q²¬"%^&amp#7;FUÈýr^£&amp#2;†­ÐKiÁîEÊ,×û—Y�ù&amp#15;§š&amp#3;Ô�Ö&amp#7;+‡ÁL˜gô�~kªƒÀ?§…ž³lƒ¾Ôk&amp#21;&amp#31;iY¿Rå‰=±xbdà&amp#22;”±.×
Þ(Ùî÷	!ê!¬0ù†ù`Çöml¶î³#µ�0&amp#24;ì9òã‹&amp#31;œ‡‘Ö„{L/nÐ×Ì6&amp#16;0ñChp„Ã‚&amp#3;,&amp#21;t&amp#23;Çv8æ¢&i¢æ_M]…4&amp#16;°:ðÓÐ�&amp#8;<&amp#6;Ÿ“>ï~¼©%ÜÐÆm90‚&amp#0;_-®&amp#2;&amp#6;Mbß^Ì9Ñ*#m&amp#28;w&amp#29;&amp#19;Nã¿oCé&amp#26;=S3&amp#24; ¸]ÝÍÑ@¥¡œ¡BTÇç•'&amp#20;8cå=˜¢JÂ�”èöœÓ“=b˜ÜP…/!ù§sýŸ�Htó°&amp#20;&amp#17;i&amp#11;�pˆß«»ÂÝ&amp#12;LþØØSËËý&amp#17;o8VÀ­Š-§Þ³<Då³½kUIKÛµ¦à|ò«&amp#5;³Nc&amp#18;ô‰ä{’b±&amp#11;u‡&amp#8;Dz&amp#3;½{‡Åô�Æ9á&amp#0;C®Z—o8ßEÐ‹/1&amp#20;¹3ÐøÓ˜ÉQ&amp#14;¦÷IE¨È[ÌŽk	ÔP¢&amp#29;™�š&amp#22;ZaG&amp#30;7ë’&amp#28;±Å&amp#29;ªâ@&amp#0;ú‡ˆ(�p5µVs‚3ÔW/FS&amp#12;Zã/L&amp#0;&amp#19;ê½ú`…&amp#24;Þí&amp#5;{^Àâxƒ…è©‘ÔÓ;—½FÔH &amp#1;oJ©ÀÖA&amp#1;>‘Åç]é&amp#4;\v&amp#20;&amp#22;…5ÛÔe4Õlµ³Ã„lË›Ì&amp#0;ZvˆuÔý#wBù2ˆøW_uÿc¦½3.‡m,Ì�ÍUîïÄT•az&amp#24;&amp#31;ÉÑN&amp#25;ùVÍ­£áY å»Ëqaž0®ãñãœ&amp#24;êÌâÅ!'S&amp#15;áqZ[Da±ón FµÌvôÂÅzÃ5æ,Ä¥áÓ¢#½,VàÍ_ggø &amp#0;ø³n&amp#25;&amp#14;f&amp#17;9ä´\d*
Pp&amp#20;‹ó&amp#23;¬§ÜÜXóK/‘&amp#14;&amp#3;Œ^‡³R&amp#5;°œ‚s¼óÝ¤–išF6×ß&amp#31;º4”` v&amp#17;˜^1Ps¿˜ö«Ôz&amp#2;èdˆìYÓÃ("œ&amp#0;`¨3	Qðy}³(Ã&amp#8;šÚ€&amp#11;Ÿê&amp#3;z®&amp#7;ÏÁ&amp#5;¶ÝN›0~•iˆM®@­áQ ÷û¿ñø¬&amp#25;ö&amp#14;£ÍWi&amp#3;¶&amp#8;æ¢Û)A�A§(^ê³2°-°:DÕÝt«<|=�Ó¼˜zä&amp#12;’%¢‹L"Ï§;Ù*Ï–›r¶SÝ�\�“î&amp#3;iéc&amp#28;#3&amp#1;CP›g§M!=wÙí
]•GÇÜ&amp#28;Ù&amp#6;–&amp#1;^Ô¼¬t¹SÜ&amp#5;'ûææuž@:*r±l6n*,{c�¨‘’-&amp#25;¢á&amp#3;oáV =„™VµÕ9öI;ªAF¤âf&amp#1;¬&amp#4;A¹2q&amp#18;÷&amp#17;&amp#8;„8ù™+MÞ¯fÇ –$A ¥ñ&amp#3;”îµoz<=…?Ð•uî´Fî­„&amp#25;ê&amp#18;68’‡à"RÈX‘$ë9*Ò”ZlZyðZû,&amp#18;5¡[ƒR©&amp#19;Kvq™¿ê\‚˜ó&amp#14;&amp#15;%ª²÷íKARð±&amp#19;¥o0›>3¥0ôþ¦ÑND·®äY¼±1çozÖ&amp#29;/ô´ÝÛªAø¨í&amp#1;ã�2oüÍ%ž„î­’&amp#12;„&amp#22;WBVÍ±¿ïÀøW›Ç&amp#24;‘nƒÅH�PèQ�lFj½>ýµÂ_÷&amp#8;âÆvú&amp#27;L¦&amp#24;Ç&amp#17;Ô2ª&amp#20;w–yõ•Óô\ÈN[âÓ¡—c&amp#30;M^¯³&amp#14;�{>r–&amp#12;ø&amp#20;= Ì¥�–|&amp#26;2dòÒ�š}âE&amp#4;&amp#31;Iîž\&amp#29;AÅ&amp#23;úëäû§¨ šC¸ï»±ª™sèu (µ«ÌÎ&amp#18;&amp#11;PÝL#SÊÙçÍîO'&amp#14;\Çž&amp#4;Í;{Ÿrhƒ&amp#7;s•k&amp#7;d&amp#14;&amp#0;"cT»k¢ê¶°&ïÀ’É –&amp#0;ï&amp#23;ú
ÚX¥zI&amp#4;”Èë&amp#19;&amp#19;&amp#22;ñT=&amp#8;<m#VÛQê>p6øe¨íB¢&amp#28;æ?”7&amp#31;?+}Ø¥vúQ&amp#30;“™|YuÅ‚LÐ^\&amp#8;&amp#24;FIf[½‘W&amp#15;²wÐ&amp#11;†_&amp#1;�ý@ÿ­&amp#14;�¢t‹j³b¤ô²fééú}ÎÛ²G�&amp#3;Ý&amp#16;EÂ¢s&amp#8;Î7âL”yžY&amp#19;&ç½Úê`µ&amp#14;Ž¼im(<½l•0sÏræV9h Ó¶]×ô×à!a&amp#23;DÝà4,Ò&amp#27;§å'¬TÀ&amp#30;í7‘=·&amp#20;êKš!&amp#12;‘R åJfä¾ûSŽ*Ô:&amp#3;’ä»ÔŒ[å«Zøf&amp#17;ž•;0ý;&amp#8;¡üj&amp#31;W›$«ûs&amp#5;&amp#25;‹Vcž
&amp#25;&amp#15;ÀMwX&amp#29;yŠ–Ô&amp#21;~yy…�à&amp#3;»üõ=&amp#17;&amp#12;ÝøÜ&amp#25;Én‘VbÀ!£y >AU13\=ÖñëCN]eÐ&amp#7;<&amp#15;iý˜ä�æ&amp#19;IS×'×0ÙH™Ýv	×E&amp#14;¿&amp#25;¯�ÿ8&amp#11;mYUCº2êeÚ¤«&amp#15;h‰´P¤‚&amp#6;&amp#12;&amp#3;M™„ìû[8&amp#8;&amp#15;ºŠ¢a¢ì›“×S&amp#12;;uƒ;Sc¾;/ßºK¤�™/Ç&amp#14;£S&amp#30;¿Dœwþ2&amp#23;ÁöB1:ÙÀ(ÄÓL×@«1¶&amp#28;&amp#25;d&amp#7;“&amp#1;>rE,5&amp#12;�õ&amp#17;¨y;ì¿ï?–î&amp#29;&amp#14;â‰`‡­³"WH&amp#11;(&amp#31;ž@º¸t¶&amp#7;øÒU[]\ð@¦?X>�Y«“¨ ÿþ&amp#21;)&amp#16;á&amp#0;	&amp#31;{º•l©‚cGÍP,×q&amp#3;‰¡:&amp#5;&amp#26;ÏxÙON·QT&amp#24;ñý7É½
ˆÁ¹¦‰r9L­H&amp#19;èéZÐi06¾
¬>†o7ftÁ#é&amp#28;“A«àä:ol&amp#7;3&amp#23;&amp#27;Î2Þ	ç…k&amp#16;ñ�_õO§&amp#17;ã—^pŒ&amp#16;Ìÿ&amp#18;&amp#17;œ¢YÍôšÉ~_ð¹«&amp#16;X�,N‰G®ù+V&amp#5;G*&amp#16;Çn,E`So˜&amp#1;	mzÀ&amp#3;&amp#17;Nsòì¨“u²&amp#5;‹M¯&amp#0;[­ƒcRhvgUä€2—&amp#25;•Ãd_ç	?ãÊ~õõ½ñŒ&amp#27;X_#”G=›ÿ±/ä!P4v˜]L€«�D–9Žåóîó…¬Í§þä»:!#u&amp#12;É&amp#27;y˜™&amp#14;öî&amp#16;‘ã&amp#29;s&amp#25;°7içêœÌûyy
ck&amp#0;í)µ,Ü94Tž·ÿ&amp#24;ëgÏM{ÿê”5”6½åƒ¸3fBmã
p6
_W·èð¡ß‹ÃoGnvìÛ=Áš|w£ë0i‰}&amp#27;¢&amp#29;½#y&amp#29;•ðë8ñL&amp#27;&amp#29;?Ž“ˆ[à4Ä»pp‹Þ8-@·Ñ»<º²uSo,ôµ¥&amp#0;4±muã±yvlâ„<„š÷ØÞš&amp#2;‹IÜmŒ h{öd&amp#5;À¡‚¼8>-Ó�5üÖU¶û×IDp©!T<<o&amp#21;¤Z&amp#7;Ñ\�±&amp#24;&amp#29;[²ÿB„³|&amp#27;n¸û&amp#6;VVÙ¤‡âTüA&amp#23;	;iò¾A04Ç«&amp#12;nÖºæ…¶7V¾_Õ&amp#1;-ÛVÞL&amp#24;aÙ B,�'.¯Î`&amp#5;^&amp#19;\î“ñð�±€¸è–LñÞe0LÄ%¢¨íÙî’)<+=lr&amp#23;f­|ròëÈ»{ÿ­·WÑ¨¨òúw9î&amp#6;»%&amp#23;&amp#22;áåšxµKî‡„!&amp#6;æoª›Æx[/8&amp#25;áZÕáÎ&amp#15;²XÛßA„le&amp#15;&amp#2;P#&amp#18;>Ë€Ÿ}ÄM&amp#19;ÞS}RGE&amp#25;‹æÿ¼g³>ˆÎ©3˜:vP8¹&amp#3;&amp#27;&amp#5;&amp#8;öùÁb�Ä&amp#26;ÑNCùWN
ËÀc	Õ\¦0_&amp#31;2Žp¥:TËº(€&amp#1;*ö¸]ït†¦ƒ&amp#22;š’&amp#2;ïÐñ&amp#20;&amp#30;ÚÇ&amp#19;ž1Ô:&amp#8;\L«k&amp#27;Õ�Oèk{P¼&amp#11;&amp#12;ïâz&amp#17;w&amp#5;`&amp#17;FA¡ëî&amp#27;Ëî5ÃÝ€¶&amp#22;×.TÎ{&amp#15;Ò�*‰xo¯fŠ&amp#22;&amp#17;y,Ý­ï« pÚ-%§&amp#3;^ŸÙ.ÄËÿ»
‚,$&amp#29;¼×�Œ�Ç&amp#8;.Œ”8„¬è½'@€sD¦=zl¼@3âÚQÿf$AÇJ£<‘ç¦¤"~Íw:&amp#23;=?×î8…7&amp#17;°ªðsiÂ��:"yp%&amp#11;œËG[&amp#20;šgòòôU&(p¯@ˆ&amp#6;&amp#26;&amp#8;õj]&amp#1;•š.v?,&amp#28;Çí+Â•ÈA×&amp#22;¡U\5ïrž&amp#26;kQ¡øÿ�ÎDyëÎ ‘U‡øû&amp#6;�·²À�—&amp#26;&amp#11;&amp#15;$8Œá5ÖjZª\Ê;üƒWX‹&amp#3;µ_3²¤‰PÂŸÈF²1qžë¦ÅQ!&amp#31;&amp#23;ìg£¼&amp#28;ØTý�©\Gè@r&amp#20;À&amp#0;‡ëJ&amp#21;MßB;þ3µ
´º&amp#18;'R{DÌÇ:´
&—bc0WøJq&amp#30;i³ø�&amp#3;ò&amp#22;OÌB8ä&amp#3;Î&amp#26;SÛ_&amp#19;3à1Ü*1U¾|1üwÏ‡h<	U4åŠË½Î­&amp#29;&amp#28;J©ñƒ&amp#16;LÉÍ:B4VügïX¢€6š&amp#28;¨Ï&amp#11;aW(%¨£ÚìÆ�	A¨Õsæ¿Þ&amp#1;y²ckoc"”â”P· #f&amp#18;ƒT÷Ò@ƒ(&amp#0;ü„ø“îãÚˆž·æ�XOHFƒ305&amp#8;²üñÙja9ó&amp#28;O-··×´&amp#5;+ß&amp#4;#“Õ�ƒ¬&amp#5;Ð&amp#24;3�lˆç½B±Ä�„%1¾ÐgC&amp#5;®&amp#17;&amp#22;'ÿ²§r&amp#22;ÆaÈ,&amp#16;”&amp#21;V¾¯›£&amp#17;ÔÕþf&amp#4;ûYU&amp#25;¸æÓå›-ÇHDâAÂ@ÖÐõ&amp#19;©Q!Þ„&amp#30;pPL2ß7&amp#15;&amp#22;!�ò&amp#18;§&amp#6;&amp#17;/_3°G&amp#5;i&amp#0;•Hª0&amp#19;¥Ù¾Y/1k1£¯oþÁË&amp#6;}†ÈK¿7q–Ž°‚Ã0g®ò/&amp#16;“&amp#11;ßB&amp#23;<&amp#21; ¥­�‰b¥½&amp#4;¸±î³Cñ+Sí¯Û) ¾&amp#7;À?‹&amp#0;1Ýªö_`WŽŽÌ€'p&amp#6;ÝÚÛÃ&amp#31;´€‹(&amp#2;„Yù€&amp#15;ë¿Šû4&amp#22;ÔM³¬ebðbSGZÚÛÔ#Ê=Å±•—W¢&amp#22;ˆI#m–*‹kœ‚–<·ìu�X�Mø“ö	xÑÑÙÅÓ¨´õê&amp#0;³&amp#23;Õ®ò …ûÁYD,ó½m[îÈ&amp#28;»i“¾5&amp#5;…]&amp#2;ÐñæN…R<§j¬ë&amp#16;€ò#í?ùiæâÄÕV&amp#24;VîY¾’«W\Ñqè3ÍÏzÆ2&amp#24;Ä¡&|NN-ö&amp#16;€œk“ýîœýµYÖ‘MÅPÇziá™†^Í”P&amp#28;c›&amp#21;ÿàw¿Æ}&amp#28;í &amp#21;Þ©Ò¸‡Ç&amp#3;�$jûÒ^Ë+N‡M T™ò�ææËüˆ;¼å}µ.—4°Q—²
&amp#28;G&amp#22;ù›&amp#2;„N½ÇÅQlx0a7²Rà�&amp#14;%&amp#16;>åÃõaíÍá�B•4l·&amp#17;Äm³²�&amp#17;¼ÛŠºÉF¨&amp#4;0sºO©g(UÌ,Æ·|q&amp#2;¼™£-&amp#27;f?f4XïÁºž¹DM&amp#26;+(&amp#26;¦I&amp#27;rš&amp#17;o—&amp#0;uMÂ&amp#0;TÓ‘¶-î;°
&—n&amp#1;¶Öö÷Ëµä•&amp#28;ÉÅ&amp#24;áËð&amp#4;ù‡ðÉ&amp#16;ï&amp#11;&amp#6;%väö®÷{2&amp#15;ð§ã&amp#7;J�&amp#20;oÜTê	Üãú#^&amp#31;&amp#17;‰ùNf\TãÄà"Lîá‚&amp#14;þãXÜ&amp#25;Ézª>h*$ÒÏÔ¢-®<BDd?+&amp#11;.J6	&amp#21;d7-k&amp#16;‰¶ž‰f&amp#23;&amp#12;ñ'v_ô†&amp#24;éñ’žYÕm#¹&amp#8;A‡þ*V&amp#12;}ûì&amp#3;Ý½¯“äžeÖê&amp#15;FßÛ÷uŠ‡<DãÐ&amp#6;<×òù›®IIeÊ=&amp#3;&amp#28;&amp#28;¾¬Ávs&amp#8;&amp#20;8Yd}&amp#0;”&amp#7;ÝÅz&amp#19;'cSƒu¨-t»®&amp#5;r°‚s&amp#22;á0&amp#31;$­ó{áŒœ´£í&amp#12;)=GîH7#b»»S�&amp#22;ÞJFÅhgÉW[X>å©à tUU½èÅ|»FˆÐ¾ˆî³©ATÍ”{*l›X�ÙÙnl‰&amp#25;55ñR«:[&amp#7;¢rG.Ûú… ÎüÖ”iWöz‚½ZC^&amp#6;Î¢&amp#22;oLq%&amp#12;$Ê7\,Ø‚~×&amp#11;Ÿa&amp#19;&amp#6;P™¥7`aƒî¼¾éPã}A.d…ø;½©¥v\&amp#18;•A„’ŒºË«rgàïV%±ŠŒÖS=BS“å7(§ZÙV§£d6»\Ðè&amp#26;&amp#6;¥Ã£»T&amp#3;NOzÇÁ¸<õTº(¤&amp#22;4Ú²&amp#26;ª¼T)JWÂëWU&amp#8;&amp#6;´˜Æ™õýø´&amp#4;óz:l‹‰§&amp#16;s3w0?ˆá„9 – Ö9eð}&amp#11;KüÁ&amp#17;p³FOáï§Ui÷&amp#11;&amp#12;æÞ&amp#3;™‡Ä×À·÷&amp#17;Òƒr/ &amp#15;'£&amp#4;Uù.ž¨¤&amp#21;¶x_ç÷û&amp#8;Æ^zY„¸ý‡ö”Ë&amp#30;%ù8�ý¹Üž&amp#28;]&amp#0;e/ÆA^¡ACj¨&amp#14;&amp#27;ëu&amp#5;G]÷X?Þ&amp#29;,Á&amp#24;¹«=ä~nMžú‹íïÖ›ë’úÄ7Ë«[.>¯Ú‹.’8¦Ô�Ì«C±Zå~]ø«<PHñƒ�º_�m&amp#5;ŽŸ‰V&amp#29;×2€–älâ&amp#4;p&amp#1;òÇlò@uQV&amp#12;„a‹d¢D§ÐçÆuw9&amp#1;Vk—Êª1Æ&amp#15;þÌŽAËE½_ý¦&amp#2;&amp#3;œ(vŽ43¬ï"ë�Z¡e&amp#24;{x&amp#17;{_J&amp#16;ó&amp#8;CvõùM•#ÅUfŒ&amp#28;à~Æü†Ÿ&amp#1;³p&amp#1;÷39n)…^|0&amp#7;ë—&amp#31;_+}GÁ:ù%#Â3§ÀÈ½lRœÒÇ&amp#2;¢ªÇõr5?ÖÖ&amp#26;ÜD&amp#0;ðãÓ "%Ý&amp#31;3L[±²AA<D«ûõ˜G�Ocœ$Rlæ&amp#24;X&amp#27;t&amp#4;ó&amp#11;Õ+[™&amp#8;NUŠx¾1&amp#6;H&amp#29;µÊ¢D&amp#18;G?Ô±\B<çþºCþþáóóéVªWú &amp#3;ð]Hî‘§Sš—r&amp#6;evè&amp#0;&amp#0;§<\ë&amp#30;œT³tÎ’Óãi)æ;ê;ünxH‹i“„&amp#25;/£bê»Í@±Ëï&amp#1;K&amp#21;=>Èv+&amp#21;&amp#16;º›&amp#30;&amp#19;�\+é(&amp#7;÷&amp#5;(3`¶ûÙ¤&amp#30;Z&amp#7;ä|_ë*²
&amp#19;ª&!'fb‰ïWnDÈ¯]&amp#26;ë&amp#29;æÑŒ&amp#18;©ïïCM”qvÎ&amp#12;gAðÕ8Ž˜ÔÍ]ºÙm”G²Õ/È|&	ë@¸õÌj›òÝ!M&amp#3;d0ú¤üóBxñÕ²?i&amp#17;õØ-Ö…�pÆ„“_÷kô{¿A†&amp#19;&amp#21;Ýõ#à3jv×ë‡æÍbè1àK&amp#14;Q»ð¬2t–À
&amp#26;£;s�Py›&amp#12;&amp#19;’w‡o­ª&amp#12;¾òø"Ž.Lþ+´„&amp#0;9ü/íup¶Ðp&amp#16;­±gH°øÖ®ž&amp#29;éd©És¹Hóþ&amp#28;&b¾Ï*sF&amp#11;f©§XF€ó� ÿuThìš;'`({¸DiŽ57ßz%Xð&amp#17;ZC€%ºRãÝ<Mtÿ‡"@–±&amp#18;vÖÐ4sC«f&amp#23;Kúk“ž,²“Û°FÍ�t0EÇ×  &amp#17;R()©mÑ&amp#31;±@ö‹ð&amp#18;ÃoÇ &amp#5;&amp#0;{™ÐÞz&amp#27;¿p^;û’	&amp#5;ß>Y”15p|…ÁØö>?8&amp#7;‘¨³¢ç-x/×.¹þ¦9tq: þ�r�_Ä´}`îpixDJ‚~ª½ƒµàìPR…"ÉWiœ&amp#24;:eý=tü.-¥“ä&amp#21;ñö¸8óÁâk/EºE¬ åÿÑ¸9&amp#0;l±&amp#16;©+unüóbÊ‚D`_ò¥/&amp#16;®NÂ(Vo;à^&amp#30;´(�Ýu&amp#12;ƒ¥g¢–DAÜ¶/|õmxÞ’Ã²‘ÃYò�&amp#14;&amp#12;ƒ~ûH
Ó*¼ìšIÛ‡&amp#20;cSø£Ïw_		‹©>®†}ØAQ	*&amp#18;‰XN~Õœ“Tè&amp#4;®—íjØK�&amp#1;y&amp#22;-‚æç£�ˆXßÀ½Ó&amp#29;A0ö&amp#19;îÇá�&amp#22;y)'P1&amp#11;Ì–¹
°“&amp#6;ZžA³&amp#0;qŽ&amp#22;9¯î²,WÑ>&amp#27;&amp#31;C!lØÊÓW™E›£’p°�2
GW+m¼z9øÒ6øç’E©Ûûg]&amp#29;!ç:€`$h{&amp#14;ŠôA¤!sÚ%³&ŽÞN[&amp#21;5æ]×@ j&amp#3;z²&amp#28;²SJ4™ìÎ&amp#12;™‡"K6ËàKèÄÑŸçï¯#Ü"x&amp#17;&amp#11;Q&amp#8;J&amp#6;‹•Ä6{q::÷#è‡½Œ³&amp#1;�šç B-ëOºf¨&amp#19;æ}“o¿ê‘-�}ëïµ¤&amp#3;³•ïIä&amp#6;Ô)M$&amp#17;ò¿‡‰ïÚñf&amp#30;&amp#7;<}‰JË+ÌK‹&amp#25;TT¹0Á}ˆÅz*+W¶¶&amp#12;“’”³g&amp#15;ÍÜ&amp#12;8pLŠ†áî‹&amp#5;úÜ&amp#8;SDht*è	g¸,åi Û—zO¶à&amp#24;9M�
d*	î&amp#1;žù^£l‰Ãü&amp#28;T:&amp#1;<ÌíáÎV}J×ý4ƒ&amp#18;&amp#28;šAC,,â\Í^·–7&amp#8;8Ç<rývL(�Wdª²<$«&amp#1;ª&amp#16;ý¾L&amp#1;&amp#3;Ú&amp#20;å&amp#16;&amp#7;uÐ&amp#23;M-Úð”õÀ:¢&amp#6; m¶H­åì—oºùÆ©&amp#15;R&amp#15;+€¶ –Cy¶í'ñ&amp#11;èiNyeÓIÔ=ÔvëuŒöõ�ügl¸˜}^Çz&amp#29;ñ¥Š<Ö$àà¼Ä&amp#2;ž–&amp#2;&amp#8;Dø&amp#29;ìFÁ&amp#7;&amp#12;á~X–ÁcÓÏ…}ô4\�¢¹6ÝÚD±¾/nV�´&amp#24;=Ëáç¾­&amp#27;�Zo4u³’­&amp#24;&amp#19;Û3ãÙXÚŽ>ß&amp#0;Éñ&amp#23;^óÑ&amp#8;tS"&amp#3;�½R<&amp#6;mCÝ-Råça&amp#1;.ÑÂ&amp#29;&amp#8;¨&Úk&amp#15;¨¨&amp#6;Q:Y&amp#21;p	Â{ÛüD&amp#24;]\X&amp#25;&amp#20;[wæ±†X!&amp#12;,ú>‰€]Å+mQrÍb+GRÏ,¦D&amp#23;þÄ«¨gðkdÐŠå"w&amp#23;Ò�lÀÛa¾o7Õ)›�Y.%¸õ|&amp#3;&amp#20;oŒ×y¥¦—ÔNW¢q&amp#3;U&amp#8;&amp#8;³ÁÒÆj¯wÇD7&amp#14;Û„0&amp#25;Î9µ &amp#15;JÈs&amp#15;=W&amp#11;Ëÿ€îÕ�FIÏÝoä,Õï¢¿Ó£&amp#29;—IQ„&amp#4;ŸŸÜl×¥ÔÆ&amp#15;¿®€&amp#21;�ñËs-€_îp¸3g3Žx¶˜>&amp#16;ÀOo·¹ ë&amp#14;<è¥J.ê#Å¼Uºô“­&amp#31;4�†ëTë&amp#3;ã@ìüÄ‘±°M„“Šù	’­_4rCó:s,qÕ&amp#5;F&amp#6;"»²;&amp#11;�qþDÒó$2n�8ømÇ)ê´5xÌ>L+0¹#9TIeÀ9ëÇv¾­&amp#1;ëI6&amp#18;o¿ŽÿYõgbƒþ3–Næg†…¼úÊ“uÞ5¾‰A»w?÷ãœ %™c£ÍÎ; ¿˜<H•1Uâ—êÂf(øH&amp#19;¾ñ$y%:&amp#30;Øò"7ÌkjEðxtÓ±ˆRa¼e&amp#29;1&amp#18;ú'+&amp#11;æ&amp#20;ôú£ƒ¢
i€z<&amp#3;©ÝU¼Õ�s¿Ð/ü~l’”?hz\eê&amp#20;�7{G&amp#2;¬î&amp#18;=&amp#18;}=H&amp#1;ì&amp#8;C &amp#8;•Iq±%]ÁGQ&amp#17;€]ý8Š8&amp#8;&amp#24;ñ3$ èOº&amp#1;bé&amp#27;©$&amp#4;Lò' Q¡6&amp#30;*w&amp#0;¹å&amp#12;¸&amp#8;ìÓWŸS5®§&amp#23;ý08YÖú�Š§&amp#17;­{{Ï¸uK&amp#14;Üt_`&û%•™xÛ&amp#24;úØG f™q&amp#29;Æ&amp#19;˜"Ï!ß:7$åÔ&amp#4;bà/Î‰`$hâ<PÔ|ég ]ÍY&amp#0;&amp#5;\S&amp#6;*IfÛo•�ë&amp#0;ƒ•-G’úÇU/ÓN±p¾‘;½<&amp#16;ŽŽt±ª‡&amp#1;¨ŠO’Lsõfœf&amp#6;?^²µ´&amp#21;>ü&amp#18;Š4ü?&amp#17;?¡€ZWTõš’åvŠ»&amp#16;Ù¥¿;}Uù–pØí»æT¨&amp#16;ŒÍ£kw&amp#29;a¸½ùÎ&amp#4;Xól-pëè&amp#25;o&amp#1;Üˆ6dë ?¬ÜYŒš…-�ÑJðïÃ�9Õ7ås&amp#12;~[&amp#20;vvÕÐÀè#†¦â¿ˆ&amp#12;Þ»Ýy^Ø„…ˆ%¥%E!sD¤¯ÓD5ªæ±ý"—Wr&õ´Øßô›\}}¸aò(ù®íwô&amp#28;¼šHé¢?Â&amp#5;™ä+•aÐ™É5Æh&amp#3;ñ†Ì&amp#28;N1rÛõŸT¡‹¿¶Ç&amp#26;àÞé¶&amp#30;ãPó&amp#31;‘Ÿ¤9Á! 	WÏ&amp#28;í&amp#8;Št_Öƒ&amp#22;ÐKa&amp#0;ªË2§&amp#11;ÍÜ&amp#21;WPD"§§ÿäÏÊF»YÉn&amp#24;	v&+lUßWâŠ›ý&amp#26;qå/$&amp#24;P&amp#18;ý×xRÜ&amp#18;qL·GbB&amp#5;ÞV&amp#27;Ô1c®¤R Wü¼&amp#20;Gbpƒ¹Ó§q&amp#4;&amp#20;ƒä2U‚Î!R¶Dó’Îfˆ&amp#31;qÛ�~	îM|®�5Ù&amp#14;ð †Cë©€ø¦&amp#0;	€=^ïrÒmñd¶çž:‚tµæl&amp#0;$&amp#1;av›Õ&amp#21;u&amp#2;�&amp#25;Z�ÜQ¬Ž&amp#5;äy*r²&amp#20;ñÝŠEp­ë-`&amp#19;dbç&amp#24;úIOðT±@®.Öl”‘k;8,u„J�˜šVh¢*öBù‘ü°i3µ¢™É°Ü¸º&amp#11;Ã¦Óþ©&amp#7;&amp#1;a&amp#30;½µ¨Á×¯&amp#0;&amp#2;×Ôõçf¼ÁˆZ9¾Ð¨&amp#6;æy&amp#12;&amp#29;=Š¦®&amp#19;v*á;¥)¸JÙ�&amp#11;Ë¡ÙUcAØs’òÐÌ&amp#31;’&amp#25;&amp#24;„IêÒ&amp#4;ÎwŸl-Êhà”ç&amp#24;¸&amp#8;¶Ï=ŽáxÃ	`7(˜õ}�&amp#8;æsØúx9¤O[£ó&amp#23;§bÿ®™�&amp#8;à«uŸMA÷$&amp#2;´Lþ=Øõ�Ë©½&amp#0;À&amp#21;&amp#4;q
	ô²râm=åh˜?&amp#18;i‰ÿ]ÕÐà0t&amp#5;Ö&amp#6;9Z&amp#15;ÀÝTq&amp#18;)&amp#6;»‰&amp#30;ÛS)…½³Ý&amp#15;f&amp#31;)Ô\G+k­&amp#30;·¦õÊØc&amp#26;m-„ê[Ëà¹L÷£”°P/þ&amp#22;&amp#22;-0&amp#1;4AG&amp#6;œ‡ºÜZÊˆ>ƒÞÔäF=’Bt&amp#8;Å:ü!ÍœóAà ï¶{n&amp#6;í„¾&amp#22;÷Sàiò¡\<&amp#24;…NÈ²)§&Ó&amp#6;5&amp#1;c‰Ù×sï&amp#26;§¥E&amp#25;5çZ«ÇŸ"ºMÖÁ(Ý«“$5&amp#15;�<Fî†&amp#6;ù&amp#11;»õùúU&amp#7;Þm¡.èàÓ�÷[}«-&amp#8;îØ-I×µ…ë&amp#6;iT§`þUl–)RÆ/H&amp#17;¹ÔýËšù:M&amp#16;&amp#23;�&amp#20;‘®©Ž|ü˜/[:ÊñÔP¬÷ÝX÷&amp#18;ï&amp#18;gˆyªZÉ&amp#1;­rC§Ù‘À®3œŸZ¡¶…b6&amp#20;øèÏ a·Ñê§êú`›†»õÁSƒ1„µCaÌcI×&amp#26;&amp#20;&amp#3;À{üD*S&amp#3;%½Sµ&amp#20;1UÙgËÆ¸‡IÙ{eÒ'©Àú £‹ÒGî4tú	‘?—4ËâK	&amp#18;&amp#22;&×¥K&amp#7;oÚ÷oý¨� *‡íYIì¾m»&amp#24;&amp#8;÷‘,&amp#20;¿(¿«p&amp#0;&amp#0;L2Õ¯55‚ã`‡F&amp#31;¹&amp#5;®ÐÄ›:Ð�€”&amp#1;}‘ýãw4þM„_ÞåCõ˜ênØù"DÊUì‘í¡¬÷IÒÖ‘ÅU‹¨ÎKÏ¸íò¬\€!hžÿ·Ø<êÈ&amp#0;&amp#11;¿<ÞÌ†Y0*øÀV�]*cRß”ù&amp#29;¿êæ¡6£hâ‚þP�i~2¦&amp#15;‰òË‰«sŽøOMœ 9¹.Û=Ç–b~Øw&amp#30;<³ãu$K¢F‡ùnˆ{b•<®ZÀ&amp#0;‚&amp#6;ÿ^&amp#24;S¨<‹š3þ®¦“/ÅË¸Z&amp#1;¯»ö(.ÿ§	Éœ¸•aZTÉ�À&amp#0;,µ»%µ&amp#2;g„±9•YÝ&amp#7;1ž­³üþ¸ …VÔÒ„¬&amp#4;;R*ÊÓÊÙñ z=4Ô¶£oò_�Ëù�¦˜O&amp#19;åñ±¼OíÊíVu&amp#0;&amp#12;¸ú“QGä[º&amp#15;Ä&amp#15;²]áÓÄ=Õ5R¨ã
Ùr´KV¼ŽòÎ&amp#16;[Ø:gA¿¨�&amp#11;&amp#5;N³ç“Ôú‘&amp#23;«ÒþÓ&amp#29;<åøåæ¾Œì-7-&amp#27;øt%&amp#19;&amp#2;&amp#27;ý6 &amp#0;&amp#0;
Body:			<none>
HTTP/1.1 201 Created
Date: Wed, 27 Aug 2025 09:07:30 GMT
Server: Apache/2.4.52 (Ubuntu)
Content-Security-Policy: default-src 'self';base-uri 'self';block-all-mixed-content;font-src 'self' https: data:;frame-ancestors 'self';img-src 'self' data:;object-src 'none';script-src 'self';script-src-attr 'none';style-src 'self' https: 'unsafe-inline';upgrade-insecure-requests
X-DNS-Prefetch-Control: off
Expect-CT: max-age=0
X-Frame-Options: SAMEORIGIN
Strict-Transport-Security: max-age=15552000; includeSubDomains
X-Download-Options: noopen
X-Content-Type-Options: nosniff
X-Permitted-Cross-Domain-Policies: none
Referrer-Policy: no-referrer
X-XSS-Protection: 0
Access-Control-Allow-Origin: *
Content-Type: application/json; charset=utf-8
Content-Length: 79
ETag: W/"4f-A8H6hoVoRBlnlHCfasihxXpSi5w"
Vary: Accept-Encoding
Keep-Alive: timeout=5, max=100
Connection: Keep-Alive

{
    "productId": "68aecad2f669d6cb0a9f3526",
    "message": "Product Added Successfully"
}
68aecad2f669d6cb0a9f3526
Request method:	POST
Request URI:	https://rahulshettyacademy.com/api/ecom/order/create-order
Proxy:			<none>
Request params:	<none>
Query params:	<none>
Form params:	<none>
Path params:	<none>
Headers:		Authorization=eyJhbGciOiJIUzI1NiIsInR5cCI6IkpXVCJ9.eyJfaWQiOiI2NDQ0Y2Y0MzU2OGMzZTlmYjE1OWJmMmIiLCJ1c2VyRW1haWwiOiJzYXBhZGFzaGV0dHkyMTEwQGdtYWlsLmNvbSIsInVzZXJNb2JpbGUiOjgwNzMwNDg3NjAsInVzZXJSb2xlIjoiY3VzdG9tZXIiLCJpYXQiOjE3NTYyODU2NDksImV4cCI6MTc4Nzg0MzI0OX0.rJ616wh7M8S__tStTZAsCrAOE2h6DwncOL-1Q7_Tqd0
				Accept=*/*
				Content-Type=application/json
Cookies:		<none>
Multiparts:		<none>
Body:
{
    "orders": [
        {
            "country": "India",
            "productOrderedId": "68aecad2f669d6cb0a9f3526"
        }
    ]
}
HTTP/1.1 201 Created
Date: Wed, 27 Aug 2025 09:07:30 GMT
Server: Apache/2.4.52 (Ubuntu)
Content-Security-Policy: default-src 'self';base-uri 'self';block-all-mixed-content;font-src 'self' https: data:;frame-ancestors 'self';img-src 'self' data:;object-src 'none';script-src 'self';script-src-attr 'none';style-src 'self' https: 'unsafe-inline';upgrade-insecure-requests
X-DNS-Prefetch-Control: off
Expect-CT: max-age=0
X-Frame-Options: SAMEORIGIN
Strict-Transport-Security: max-age=15552000; includeSubDomains
X-Download-Options: noopen
X-Content-Type-Options: nosniff
X-Permitted-Cross-Domain-Policies: none
Referrer-Policy: no-referrer
X-XSS-Protection: 0
Access-Control-Allow-Origin: *
Content-Type: application/json; charset=utf-8
Content-Length: 123
ETag: W/"7b-XE5SMhdQ0zUn4jU9Vw7wjoGiWlU"
Vary: Accept-Encoding
Keep-Alive: timeout=5, max=100
Connection: Keep-Alive

{
    "orders": [
        "68aecad2f669d6cb0a9f352c"
    ],
    "productOrderId": [
        "68aecad2f669d6cb0a9f3526"
    ],
    "message": "Order Placed Successfully"
}
{"orders":["68aecad2f669d6cb0a9f352c"],"productOrderId":["68aecad2f669d6cb0a9f3526"],"message":"Order Placed Successfully"}
Delete the product
Request method:	DELETE
Request URI:	https://rahulshettyacademy.com/api/ecom/product/delete-product/68aecad2f669d6cb0a9f3526
Proxy:			<none>
Request params:	<none>
Query params:	<none>
Form params:	<none>
Path params:	productId=68aecad2f669d6cb0a9f3526
Headers:		authorization=eyJhbGciOiJIUzI1NiIsInR5cCI6IkpXVCJ9.eyJfaWQiOiI2NDQ0Y2Y0MzU2OGMzZTlmYjE1OWJmMmIiLCJ1c2VyRW1haWwiOiJzYXBhZGFzaGV0dHkyMTEwQGdtYWlsLmNvbSIsInVzZXJNb2JpbGUiOjgwNzMwNDg3NjAsInVzZXJSb2xlIjoiY3VzdG9tZXIiLCJpYXQiOjE3NTYyODU2NDksImV4cCI6MTc4Nzg0MzI0OX0.rJ616wh7M8S__tStTZAsCrAOE2h6DwncOL-1Q7_Tqd0
				Accept=*/*
				Content-Type=application/json
Cookies:		<none>
Multiparts:		<none>
Body:			<none>
HTTP/1.1 200 OK
Date: Wed, 27 Aug 2025 09:07:30 GMT
Server: Apache/2.4.52 (Ubuntu)
Content-Security-Policy: default-src 'self';base-uri 'self';block-all-mixed-content;font-src 'self' https: data:;frame-ancestors 'self';img-src 'self' data:;object-src 'none';script-src 'self';script-src-attr 'none';style-src 'self' https: 'unsafe-inline';upgrade-insecure-requests
X-DNS-Prefetch-Control: off
Expect-CT: max-age=0
X-Frame-Options: SAMEORIGIN
Strict-Transport-Security: max-age=15552000; includeSubDomains
X-Download-Options: noopen
X-Content-Type-Options: nosniff
X-Permitted-Cross-Domain-Policies: none
Referrer-Policy: no-referrer
X-XSS-Protection: 0
Access-Control-Allow-Origin: *
Content-Type: application/json; charset=utf-8
Content-Length: 42
ETag: W/"2a-2mOwR6FOFcYds+NaVy6wWIOyKCY"
Vary: Accept-Encoding
Keep-Alive: timeout=5, max=100
Connection: Keep-Alive

{
    "message": "Product Deleted Successfully"
}
Product Deleted Successfully
]]></system-out>
  </testcase>
  <testcase name="verifySubmitOrderTest" classname="Web_Automation_TestCases.Ecomm_ProdErrorValidationTest" time="6.216">
    <system-out><![CDATA[Launch RSA E-commerce web application 
Login to RSA E-commerce poratl - ECOMUAT
Product Error validation Test Case Starts
]]></system-out>
    <system-err><![CDATA[Aug 27, 2025 2:37:37 PM org.openqa.selenium.devtools.CdpVersionFinder findNearestMatch
WARNING: Unable to find an exact match for CDP version 139, returning the closest version; found: 137; Please update to a Selenium version that supports CDP version 139
]]></system-err>
  </testcase>
  <testcase name="verifySubmitOrderTest" classname="Web_Automation_TestCases.Ecomm_SubmittOrderTest" time="19.443">
    <system-out><![CDATA[Verify log out of the RSA E-commerce application.
Launch RSA E-commerce web application 
Login to RSA E-commerce poratl - ECOMUAT
Submit Order Test Case Starts
]]></system-out>
    <system-err><![CDATA[Aug 27, 2025 2:38:00 PM org.openqa.selenium.devtools.CdpVersionFinder findNearestMatch
WARNING: Unable to find an exact match for CDP version 139, returning the closest version; found: 137; Please update to a Selenium version that supports CDP version 139
]]></system-err>
  </testcase>
  <testcase name="verifyOrderHistoryTest" classname="Web_Automation_TestCases.Ecomm_SubmittOrderTest" time="4.605">
    <system-out><![CDATA[Order history page test started
]]></system-out>
  </testcase>
</testsuite>