<?xml version="1.0" encoding="UTF-8"?>
<testng-results ignored="0" total="5" passed="5" failed="0" skipped="0">
  <reporter-output>
  </reporter-output>
  <suite started-at="2025-08-27T14:37:26 IST" name="Surefire suite" finished-at="2025-08-27T14:38:41 IST" duration-ms="74345">
    <groups>
    </groups>
    <test started-at="2025-08-27T14:37:26 IST" name="Surefire test" finished-at="2025-08-27T14:38:41 IST" duration-ms="74345">
      <class name="Web_Automation_TestCases.Ecomm_SubmittOrderTest">
        <test-method is-config="true" signature="setup()[pri:0, instance:Web_Automation_TestCases.Ecomm_SubmittOrderTest@44ebcd03]" started-at="2025-08-27T14:37:57 IST" name="setup" finished-at="2025-08-27T14:38:09 IST" duration-ms="11544" status="PASS">
          <reporter-output>
          </reporter-output>
        </test-method> <!-- setup -->
        <test-method signature="verifySubmitOrderTest()[pri:1, instance:Web_Automation_TestCases.Ecomm_SubmittOrderTest@44ebcd03]" started-at="2025-08-27T14:38:09 IST" name="verifySubmitOrderTest" finished-at="2025-08-27T14:38:28 IST" duration-ms="19438" status="PASS">
          <reporter-output>
          </reporter-output>
        </test-method> <!-- verifySubmitOrderTest -->
        <test-method signature="verifyOrderHistoryTest()[pri:0, instance:Web_Automation_TestCases.Ecomm_SubmittOrderTest@44ebcd03]" started-at="2025-08-27T14:38:28 IST" name="verifyOrderHistoryTest" finished-at="2025-08-27T14:38:33 IST" depends-on-methods="Web_Automation_TestCases.Ecomm_SubmittOrderTest.verifySubmitOrderTest" duration-ms="4602" status="PASS">
          <reporter-output>
          </reporter-output>
        </test-method> <!-- verifyOrderHistoryTest -->
        <test-method is-config="true" signature="tearDown()[pri:0, instance:Web_Automation_TestCases.Ecomm_SubmittOrderTest@44ebcd03]" started-at="2025-08-27T14:38:33 IST" name="tearDown" finished-at="2025-08-27T14:38:41 IST" duration-ms="7409" status="PASS">
          <reporter-output>
          </reporter-output>
        </test-method> <!-- tearDown -->
      </class> <!-- Web_Automation_TestCases.Ecomm_SubmittOrderTest -->
      <class name="Backend_Automation_TestCases.Rest_Ecom_Api_Test">
        <test-method signature="ecomerceApiAutomation()[pri:0, instance:Backend_Automation_TestCases.Rest_Ecom_Api_Test@7722c3c3]" started-at="2025-08-27T14:37:31 IST" name="ecomerceApiAutomation" finished-at="2025-08-27T14:37:32 IST" duration-ms="871" status="PASS">
          <reporter-output>
          </reporter-output>
        </test-method> <!-- ecomerceApiAutomation -->
      </class> <!-- Backend_Automation_TestCases.Rest_Ecom_Api_Test -->
      <class name="Web_Automation_TestCases.Ecomm_ProdErrorValidationTest">
        <test-method is-config="true" signature="setup()[pri:0, instance:Web_Automation_TestCases.Ecomm_ProdErrorValidationTest@661972b0]" started-at="2025-08-27T14:37:32 IST" name="setup" finished-at="2025-08-27T14:37:46 IST" duration-ms="14012" status="PASS">
          <reporter-output>
          </reporter-output>
        </test-method> <!-- setup -->
        <test-method signature="verifySubmitOrderTest()[pri:1, instance:Web_Automation_TestCases.Ecomm_ProdErrorValidationTest@661972b0]" started-at="2025-08-27T14:37:46 IST" name="verifySubmitOrderTest" finished-at="2025-08-27T14:37:52 IST" duration-ms="6216" status="PASS">
          <reporter-output>
          </reporter-output>
        </test-method> <!-- verifySubmitOrderTest -->
        <test-method is-config="true" signature="tearDown()[pri:0, instance:Web_Automation_TestCases.Ecomm_ProdErrorValidationTest@661972b0]" started-at="2025-08-27T14:37:52 IST" name="tearDown" finished-at="2025-08-27T14:37:57 IST" duration-ms="5629" status="PASS">
          <reporter-output>
          </reporter-output>
        </test-method> <!-- tearDown -->
      </class> <!-- Web_Automation_TestCases.Ecomm_ProdErrorValidationTest -->
      <class name="Backend_Automation_TestCases.EcomApiTest">
        <test-method signature="eCommerceApiTest()[pri:0, instance:Backend_Automation_TestCases.EcomApiTest@35ef1869]" started-at="2025-08-27T14:37:26 IST" name="eCommerceApiTest" finished-at="2025-08-27T14:37:31 IST" duration-ms="4555" status="PASS">
          <reporter-output>
          </reporter-output>
        </test-method> <!-- eCommerceApiTest -->
      </class> <!-- Backend_Automation_TestCases.EcomApiTest -->
    </test> <!-- Surefire test -->
  </suite> <!-- Surefire suite -->
</testng-results>
