<?xml version="1.0" encoding="UTF-8"?>
<testng-results ignored="0" total="2" passed="2" failed="0" skipped="0">
  <reporter-output>
  </reporter-output>
  <suite started-at="2025-09-05T16:55:48 IST" name="Default suite" finished-at="2025-09-05T16:56:28 IST" duration-ms="39933">
    <groups>
    </groups>
    <test started-at="2025-09-05T16:55:48 IST" name="Default test" finished-at="2025-09-05T16:56:28 IST" duration-ms="39933">
      <class name="Web_Automation_TestCases.Ecomm_SubmittOrderTest">
        <test-method is-config="true" signature="setup()[pri:0, instance:Web_Automation_TestCases.Ecomm_SubmittOrderTest@d21a74c]" started-at="2025-09-05T16:55:48 IST" name="setup" finished-at="2025-09-05T16:56:01 IST" duration-ms="13075" status="PASS">
          <reporter-output>
          </reporter-output>
        </test-method> <!-- setup -->
        <test-method signature="verifySubmitOrderTest()[pri:1, instance:Web_Automation_TestCases.Ecomm_SubmittOrderTest@d21a74c]" started-at="2025-09-05T16:56:01 IST" name="verifySubmitOrderTest" finished-at="2025-09-05T16:56:18 IST" duration-ms="16738" status="PASS">
          <reporter-output>
          </reporter-output>
        </test-method> <!-- verifySubmitOrderTest -->
        <test-method signature="verifyOrderHistoryTest()[pri:0, instance:Web_Automation_TestCases.Ecomm_SubmittOrderTest@d21a74c]" started-at="2025-09-05T16:56:18 IST" name="verifyOrderHistoryTest" finished-at="2025-09-05T16:56:21 IST" depends-on-methods="Web_Automation_TestCases.Ecomm_SubmittOrderTest.verifySubmitOrderTest" duration-ms="3587" status="PASS">
          <reporter-output>
          </reporter-output>
        </test-method> <!-- verifyOrderHistoryTest -->
        <test-method is-config="true" signature="tearDown()[pri:0, instance:Web_Automation_TestCases.Ecomm_SubmittOrderTest@d21a74c]" started-at="2025-09-05T16:56:21 IST" name="tearDown" finished-at="2025-09-05T16:56:28 IST" duration-ms="6479" status="PASS">
          <reporter-output>
          </reporter-output>
        </test-method> <!-- tearDown -->
      </class> <!-- Web_Automation_TestCases.Ecomm_SubmittOrderTest -->
    </test> <!-- Default test -->
  </suite> <!-- Default suite -->
</testng-results>
