<?xml version="1.0" encoding="UTF-8"?>
<testng-results ignored="0" total="2" passed="2" failed="0" skipped="0">
  <reporter-output>
  </reporter-output>
  <suite started-at="2025-08-27T17:07:15 IST" name="Default suite" finished-at="2025-08-27T17:07:51 IST" duration-ms="36285">
    <groups>
    </groups>
    <test started-at="2025-08-27T17:07:15 IST" name="Default test" finished-at="2025-08-27T17:07:51 IST" duration-ms="36285">
      <class name="Web_Automation_TestCases.Ecomm_SubmittOrderTest">
        <test-method is-config="true" signature="setup()[pri:0, instance:Web_Automation_TestCases.Ecomm_SubmittOrderTest@31f9b85e]" started-at="2025-08-27T17:07:15 IST" name="setup" finished-at="2025-08-27T17:07:25 IST" duration-ms="10220" status="PASS">
          <reporter-output>
          </reporter-output>
        </test-method> <!-- setup -->
        <test-method signature="verifySubmitOrderTest()[pri:1, instance:Web_Automation_TestCases.Ecomm_SubmittOrderTest@31f9b85e]" started-at="2025-08-27T17:07:25 IST" name="verifySubmitOrderTest" finished-at="2025-08-27T17:07:42 IST" duration-ms="16402" status="PASS">
          <reporter-output>
          </reporter-output>
        </test-method> <!-- verifySubmitOrderTest -->
        <test-method signature="verifyOrderHistoryTest()[pri:0, instance:Web_Automation_TestCases.Ecomm_SubmittOrderTest@31f9b85e]" started-at="2025-08-27T17:07:42 IST" name="verifyOrderHistoryTest" finished-at="2025-08-27T17:07:45 IST" depends-on-methods="Web_Automation_TestCases.Ecomm_SubmittOrderTest.verifySubmitOrderTest" duration-ms="3725" status="PASS">
          <reporter-output>
          </reporter-output>
        </test-method> <!-- verifyOrderHistoryTest -->
        <test-method is-config="true" signature="tearDown()[pri:0, instance:Web_Automation_TestCases.Ecomm_SubmittOrderTest@31f9b85e]" started-at="2025-08-27T17:07:45 IST" name="tearDown" finished-at="2025-08-27T17:07:51 IST" duration-ms="5879" status="PASS">
          <reporter-output>
          </reporter-output>
        </test-method> <!-- tearDown -->
      </class> <!-- Web_Automation_TestCases.Ecomm_SubmittOrderTest -->
    </test> <!-- Default test -->
  </suite> <!-- Default suite -->
</testng-results>
