<?xml version="1.0" encoding="UTF-8"?>
<testng-results ignored="0" total="2" passed="2" failed="0" skipped="0">
  <reporter-output>
  </reporter-output>
  <suite started-at="2026-02-17T17:02:05 IST" name="Default suite" finished-at="2026-02-17T17:03:18 IST" duration-ms="73473">
    <groups>
    </groups>
    <test started-at="2026-02-17T17:02:05 IST" name="Default test" finished-at="2026-02-17T17:03:18 IST" duration-ms="73473">
      <class name="com.Web_Automation_TestCases.Ecomm_SubmittOrderTest">
        <test-method is-config="true" signature="setup()[pri:0, instance:com.Web_Automation_TestCases.Ecomm_SubmittOrderTest@313b2ea6]" started-at="2026-02-17T17:02:05 IST" name="setup" finished-at="2026-02-17T17:02:36 IST" duration-ms="30780" status="PASS">
          <reporter-output>
          </reporter-output>
        </test-method> <!-- setup -->
        <test-method signature="verifySubmitOrderTest()[pri:1, instance:com.Web_Automation_TestCases.Ecomm_SubmittOrderTest@313b2ea6]" started-at="2026-02-17T17:02:36 IST" name="verifySubmitOrderTest" finished-at="2026-02-17T17:03:01 IST" duration-ms="24762" status="PASS">
          <reporter-output>
          </reporter-output>
        </test-method> <!-- verifySubmitOrderTest -->
        <test-method signature="verifyOrderHistoryTest()[pri:0, instance:com.Web_Automation_TestCases.Ecomm_SubmittOrderTest@313b2ea6]" started-at="2026-02-17T17:03:01 IST" name="verifyOrderHistoryTest" finished-at="2026-02-17T17:03:06 IST" depends-on-methods="com.Web_Automation_TestCases.Ecomm_SubmittOrderTest.verifySubmitOrderTest" duration-ms="4991" status="PASS">
          <reporter-output>
          </reporter-output>
        </test-method> <!-- verifyOrderHistoryTest -->
        <test-method is-config="true" signature="tearDown()[pri:0, instance:com.Web_Automation_TestCases.Ecomm_SubmittOrderTest@313b2ea6]" started-at="2026-02-17T17:03:06 IST" name="tearDown" finished-at="2026-02-17T17:03:18 IST" duration-ms="12647" status="PASS">
          <reporter-output>
          </reporter-output>
        </test-method> <!-- tearDown -->
      </class> <!-- com.Web_Automation_TestCases.Ecomm_SubmittOrderTest -->
    </test> <!-- Default test -->
  </suite> <!-- Default suite -->
</testng-results>
