<?xml version="1.0" encoding="UTF-8"?>
<testng-results ignored="0" total="1" passed="1" failed="0" skipped="0">
  <reporter-output>
  </reporter-output>
  <suite started-at="2025-12-12T22:22:25 IST" name="Default suite" finished-at="2025-12-12T22:22:47 IST" duration-ms="21882">
    <groups>
    </groups>
    <test started-at="2025-12-12T22:22:25 IST" name="Default test" finished-at="2025-12-12T22:22:47 IST" duration-ms="21882">
      <class name="Web_Automation_TestCases.Ecomm_ProdErrorValidationTest">
        <test-method is-config="true" signature="setup()[pri:0, instance:Web_Automation_TestCases.Ecomm_ProdErrorValidationTest@58ea606c]" started-at="2025-12-12T22:22:25 IST" name="setup" finished-at="2025-12-12T22:22:35 IST" duration-ms="10665" status="PASS">
          <reporter-output>
          </reporter-output>
        </test-method> <!-- setup -->
        <test-method signature="verifySubmitOrderTest()[pri:1, instance:Web_Automation_TestCases.Ecomm_ProdErrorValidationTest@58ea606c]" started-at="2025-12-12T22:22:35 IST" name="verifySubmitOrderTest" finished-at="2025-12-12T22:22:41 IST" duration-ms="5716" status="PASS">
          <reporter-output>
          </reporter-output>
        </test-method> <!-- verifySubmitOrderTest -->
        <test-method is-config="true" signature="tearDown()[pri:0, instance:Web_Automation_TestCases.Ecomm_ProdErrorValidationTest@58ea606c]" started-at="2025-12-12T22:22:41 IST" name="tearDown" finished-at="2025-12-12T22:22:47 IST" duration-ms="5448" status="PASS">
          <reporter-output>
          </reporter-output>
        </test-method> <!-- tearDown -->
      </class> <!-- Web_Automation_TestCases.Ecomm_ProdErrorValidationTest -->
    </test> <!-- Default test -->
  </suite> <!-- Default suite -->
</testng-results>
