<?xml version="1.0" encoding="UTF-8"?>
<testng-results ignored="0" total="1" passed="1" failed="0" skipped="0">
  <reporter-output>
  </reporter-output>
  <suite started-at="2025-10-16T13:21:46 IST" name="Default suite" finished-at="2025-10-16T13:21:59 IST" duration-ms="13712">
    <groups>
    </groups>
    <test started-at="2025-10-16T13:21:46 IST" name="Default test" finished-at="2025-10-16T13:21:59 IST" duration-ms="13712">
      <class name="Backend_Automation_TestCases.Rest_Ecom_Api_Test">
        <test-method signature="ecomerceApiAutomation()[pri:0, instance:Backend_Automation_TestCases.Rest_Ecom_Api_Test@6c40365c]" started-at="2025-10-16T13:21:46 IST" name="ecomerceApiAutomation" finished-at="2025-10-16T13:21:59 IST" duration-ms="13548" status="PASS">
          <reporter-output>
          </reporter-output>
        </test-method> <!-- ecomerceApiAutomation -->
      </class> <!-- Backend_Automation_TestCases.Rest_Ecom_Api_Test -->
    </test> <!-- Default test -->
  </suite> <!-- Default suite -->
</testng-results>
