<?xml version="1.0" encoding="UTF-8"?>
<!-- Generated by org.testng.reporters.JUnitXMLReporter -->
<testsuite ignored="0" hostname="sharanabasappa" failures="0" tests="2" name="SubmittOrderTest" time="41.345" errors="0" timestamp="2025-07-26T12:47:18 IST">
  <testcase classname="Web_Automation_TestCases.Ecomm_SubmittOrderTest" name="verifySubmitOrderTest" time="17.017"/>
  <testcase classname="Web_Automation_TestCases.Ecomm_SubmittOrderTest" name="verifyOrderHistoryTest" time="3.597"/>
</testsuite> <!-- SubmittOrderTest -->
