<?xml version="1.0" encoding="UTF-8"?>
<!-- Generated by org.testng.reporters.JUnitXMLReporter -->
<testsuite ignored="0" hostname="sharanabasappa" failures="0" tests="2" name="SubmittOrderTest" time="4.498" errors="0" timestamp="2026-02-16T23:14:11 IST">
  <testcase classname="com.Web_Automation_TestCases.Ecomm_SubmittOrderTest" name="@BeforeClass setup" time="4.327">
    <failure type="java.lang.NullPointerException" message="Cannot invoke &amp;quot;String.indexOf(String)&amp;quot; because &amp;quot;path&amp;quot; is null">
      <![CDATA[java.lang.NullPointerException: Cannot invoke "String.indexOf(String)" because "path" is null
at com.relevantcodes.extentreports.ExtentTest.isPathRelative(ExtentTest.java:502)
at com.relevantcodes.extentreports.ExtentTest.addScreenCapture(ExtentTest.java:287)
at com.Utils.Reports.report(Reports.java:80)
at com.Rsa_ECommerece_Page.EcommAppLogin.launchApplication(EcommAppLogin.java:119)
at com.Web_Automation_TestCases.Ecomm_SubmittOrderTest.setup(Ecomm_SubmittOrderTest.java:23)
at java.base/java.util.ArrayList.forEach(ArrayList.java:1596)
at java.base/java.util.concurrent.FutureTask.run(FutureTask.java:317)
at java.base/java.util.concurrent.ThreadPoolExecutor.runWorker(ThreadPoolExecutor.java:1144)
at java.base/java.util.concurrent.ThreadPoolExecutor$Worker.run(ThreadPoolExecutor.java:642)
at java.base/java.lang.Thread.run(Thread.java:1583)
... Removed 13 stack frames]]>
    </failure>
  </testcase> <!-- @BeforeClass setup -->
  <testcase classname="com.Web_Automation_TestCases.Ecomm_SubmittOrderTest" name="@AfterClass tearDown" time="0.0">
    <skipped/>
  </testcase> <!-- @AfterClass tearDown -->
  <testcase classname="com.Web_Automation_TestCases.Ecomm_SubmittOrderTest" name="verifySubmitOrderTest" time="0.001">
    <skipped/>
  </testcase> <!-- verifySubmitOrderTest -->
  <testcase classname="com.Web_Automation_TestCases.Ecomm_SubmittOrderTest" name="verifyOrderHistoryTest" time="0.0">
    <skipped/>
  </testcase> <!-- verifyOrderHistoryTest -->
</testsuite> <!-- SubmittOrderTest -->
