<?xml version="1.0" encoding="UTF-8"?>
<!-- Generated by org.testng.reporters.JUnitReportReporter -->
<testsuite hostname="sharanabasappa" failures="0" tests="2" name="com.Web_Automation_TestCases.Ecomm_SubmittOrderTest" time="25.485" errors="0" timestamp="2025-10-16T13:18:00 IST" skipped="0">
  <testcase classname="com.Web_Automation_TestCases.Ecomm_SubmittOrderTest" name="verifyOrderHistoryTest" time="4.290"/>
  <testcase classname="com.Web_Automation_TestCases.Ecomm_SubmittOrderTest" name="verifySubmitOrderTest" time="21.195"/>
</testsuite> <!-- com.Web_Automation_TestCases.Ecomm_SubmittOrderTest -->
