<?xml version="1.0" encoding="UTF-8"?>
<!-- Generated by org.testng.reporters.JUnitReportReporter -->
<testsuite hostname="sharanabasappa" failures="0" tests="6" name="RestAssuredPractice.DynamicJson" time="4.360" errors="0" timestamp="2025-10-16T23:50:23 IST" skipped="0">
  <testcase classname="RestAssuredPractice.DynamicJson" name="add_Book" time="0.182"/>
  <testcase classname="RestAssuredPractice.DynamicJson" name="delete_Book" time="0.172"/>
  <testcase classname="RestAssuredPractice.DynamicJson" name="delete_Book" time="0.167"/>
  <testcase classname="RestAssuredPractice.DynamicJson" name="delete_Book" time="0.188"/>
  <testcase classname="RestAssuredPractice.DynamicJson" name="add_Book" time="3.459"/>
  <testcase classname="RestAssuredPractice.DynamicJson" name="add_Book" time="0.192"/>
</testsuite> <!-- RestAssuredPractice.DynamicJson -->
