<?xml version="1.0" encoding="UTF-8"?>
<!-- Generated by org.testng.reporters.JUnitReportReporter -->
<testsuite hostname="sharanabasappa" failures="0" tests="2" name="com.Web_Automation_TestCases.Ecomm_SubmittOrderTest" time="29.753" errors="0" timestamp="2026-02-17T17:03:19 IST" skipped="0">
  <testcase classname="com.Web_Automation_TestCases.Ecomm_SubmittOrderTest" name="verifyOrderHistoryTest" time="4.991"/>
  <testcase classname="com.Web_Automation_TestCases.Ecomm_SubmittOrderTest" name="verifySubmitOrderTest" time="24.762"/>
</testsuite> <!-- com.Web_Automation_TestCases.Ecomm_SubmittOrderTest -->
