<?xml version="1.0" encoding="UTF-8"?>
<!-- Generated by org.testng.reporters.JUnitReportReporter -->
<testsuite hostname="sharanabasappa" failures="0" tests="2" name="com.Web_Automation_TestCases.Ecomm_SubmittOrderTest" time="20.156" errors="0" timestamp="2026-01-05T12:02:07 IST" skipped="0">
  <testcase classname="com.Web_Automation_TestCases.Ecomm_SubmittOrderTest" name="verifyOrderHistoryTest" time="3.520"/>
  <testcase classname="com.Web_Automation_TestCases.Ecomm_SubmittOrderTest" name="verifySubmitOrderTest" time="16.636"/>
</testsuite> <!-- com.Web_Automation_TestCases.Ecomm_SubmittOrderTest -->
